Fehlerdatei SWCom

SWCom    : Version      06.33 
           Datum        01.01.70 00:00:00 
           Programm     08394014633 
           Ausfuehrung  SWCom WINDOWS Dateitransfer 
           Kunde                    

Subsystem: Version      08.02 
           Datum        31.12.1999 00:00:00 
           Adresse      01 
           Programm     61997061314 
           Ausfuehrung   
           Kunde        V3.14 build.13 MX_es  

18.12.20 16:43:56 | S PLST   @  0 #M  369 #B    2 Q25111 L3
18.12.20 16:43:56 | S PLST   @  0 #M  369 #B    3 Q25111 L3
18.12.20 16:43:56 | S PLST   @  0 #M  369 #B    4 Q25111 L3
18.12.20 16:43:56 | S PLST   @  0 #M  369 #B    5 Q25111 L3
18.12.20 16:43:56 | S PLST   @  0 #M  369 #B    6 Q25111 L3
18.12.20 16:43:56 | S PLST   @  0 #M  369 #B    7 Q25111 L3
18.12.20 16:43:56 | S PLST   @  0 #M  369 #B    8 Q25111 L3
18.12.20 16:43:56 | S PLST   @  0 #M  369 #B   10 Q25111 L3
18.12.20 16:43:56 | S PLST   @  0 #M  369 #B   11 Q25111 L3
18.12.20 16:43:56 | S PLST   @  0 #M  369 #B   13 Q25111 L3
18.12.20 16:43:56 | S PLST   @  0 #M  369 #B   14 Q25111 L3
18.12.20 16:43:56 | S PLST   @  0 #M  369 #B   17 Q25111 L3
18.12.20 16:43:57 | S PLST   @  0 #M  369 #B   18 Q25111 L3
18.12.20 16:43:57 | S PLST   @  0 #M  369 #B   19 Q25111 L3
18.12.20 16:43:57 | S PLST   @  0 #M  369 #B   21 Q25111 L3
18.12.20 16:43:57 | S PLST   @  0 #M  369 #B   22 Q25111 L3
18.12.20 16:43:57 | S PLST   @  0 #M  369 #B   25 Q25111 L3
18.12.20 16:43:57 | S PLST   @  0 #M  369 #B   26 Q25111 L3
18.12.20 16:43:57 | S PLST   @  0 #M  369 #B   27 Q25111 L3
18.12.20 16:43:57 | S PLST   @  0 #M  369 #B   28 Q25111 L3
18.12.20 16:43:57 | S PLST   @  0 #M  369 #B   29 Q25111 L3
18.12.20 16:43:57 | S PLST   @  0 #M  369 #B   32 Q25111 L3
18.12.20 16:43:57 | S PLST   @  0 #M  369 #B   33 Q25111 L3
18.12.20 16:43:57 | S PLST   @  0 #M  369 #B   34 Q25111 L3
18.12.20 16:43:57 | S PLST   @  0 #M  369 #B   35 Q25111 L3
18.12.20 16:43:57 | S PLST   @  0 #M  369 #B   36 Q25111 L3
18.12.20 16:43:57 | S PLST   @  0 #M  369 #B   37 Q25111 L3
18.12.20 16:43:58 | S PLST   @  0 #M  369 #B   40 Q25111 L3
18.12.20 16:43:58 | S PLST   @  0 #M  369 #B   41 Q25111 L3
18.12.20 16:43:58 | S PLST   @  0 #M  369 #B   42 Q25111 L3
18.12.20 16:43:58 | S PLST   @  0 #M  369 #B   43 Q25111 L3
18.12.20 16:43:58 | S PLST   @  0 #M  369 #B   44 Q25111 L3
18.12.20 16:43:58 | S PLST   @  0 #M  369 #B   45 Q25111 L3
18.12.20 16:43:58 | S PLST   @  0 #M  369 #B   46 Q25111 L3
18.12.20 16:43:58 | S PLST   @  0 #M  369 #B   47 Q25111 L3
18.12.20 16:43:58 | S PLST   @  0 #M  369 #B   48 Q25111 L3
18.12.20 16:43:58 | S PLST   @  0 #M  369 #B   49 Q25111 L3
18.12.20 16:43:58 | S PLST   @  0 #M  369 #B   50 Q25111 L3
18.12.20 16:43:58 | S PLST   @  0 #M  369 #B   51 Q25111 L3
18.12.20 16:43:58 | S PLST   @  0 #M  369 #B   52 Q25111 L3
18.12.20 16:43:58 | S PLST   @  0 #M  369 #B   55 Q25111 L3
18.12.20 16:43:58 | S PLST   @  0 #M  369 #B   56 Q25111 L3
18.12.20 16:43:58 | S PLST   @  0 #M  369 #B   57 Q25111 L3
18.12.20 16:43:58 | S PLST   @  0 #M  369 #B   58 Q25111 L3
18.12.20 16:43:59 | S PLST   @  0 #M  369 #B   59 Q25111 L3
18.12.20 16:43:59 | S PLST   @  0 #M  369 #B   60 Q25111 L3
18.12.20 16:43:59 | S PLST   @  0 #M  369 #B   63 Q25111 L3
18.12.20 16:43:59 | S PLST   @  0 #M  369 #B   64 Q25111 L3
18.12.20 16:43:59 | S PLST   @  0 #M  369 #B   65 Q25111 L3
18.12.20 16:43:59 | S PLST   @  0 #M  369 #B   66 Q25111 L3
18.12.20 16:43:59 | S PLST   @  0 #M  369 #B   67 Q25111 L3
18.12.20 16:43:59 | S PLST   @  0 #M  369 #B   70 Q25111 L3
18.12.20 16:43:59 | S PLST   @  0 #M  369 #B   71 Q25111 L3
18.12.20 16:43:59 | S PLST   @  0 #M  369 #B   72 Q25111 L3
18.12.20 16:43:59 | S PLST   @  0 #M  369 #B   73 Q25111 L3
18.12.20 16:43:59 | S PLST   @  0 #M  369 #B   74 Q25111 L3
18.12.20 16:43:59 | S PLST   @  0 #M  369 #B   75 Q25111 L3
18.12.20 16:44:00 | S PLST   @  0 #M  369 #B   78 Q25111 L3
18.12.20 16:44:00 | S PLST   @  0 #M  369 #B   79 Q25111 L3
18.12.20 16:44:00 | S PLST   @  0 #M  369 #B   80 Q25111 L3
18.12.20 16:44:00 | S PLST   @  0 #M  369 #B   81 Q25111 L3
18.12.20 16:44:00 | S PLST   @  0 #M  369 #B   82 Q25111 L3
18.12.20 16:44:00 | S PLST   @  0 #M  369 #B   83 Q25111 L3
18.12.20 16:44:00 | S PLST   @  0 #M  369 #B   84 Q25111 L3
18.12.20 16:44:00 | S PLST   @  0 #M  369 #B   85 Q25111 L3
18.12.20 16:44:00 | S PLST   @  0 #M  369 #B   86 Q25111 L3
18.12.20 16:44:00 | S PLST   @  0 #M  369 #B   87 Q25111 L3
18.12.20 16:44:00 | S PLST   @  0 #M  369 #B   88 Q25111 L3
18.12.20 16:44:00 | S PLST   @  0 #M  369 #B   89 Q25111 L3
18.12.20 16:44:00 | S PLST   @  0 #M  369 #B   90 Q25111 L3
18.12.20 16:44:00 | S PLST   @  0 #M  369 #B   93 Q25111 L3
18.12.20 16:44:00 | S PLST   @  0 #M  369 #B   94 Q25111 L3
18.12.20 16:44:00 | S PLST   @  0 #M  369 #B   95 Q25111 L3
18.12.20 16:44:00 | S PLST   @  0 #M  369 #B   96 Q25111 L3
18.12.20 16:44:00 | S PLST   @  0 #M  369 #B   97 Q25111 L3
18.12.20 16:44:01 | S PLST   @  0 #M  369 #B   98 Q25111 L3
18.12.20 16:44:01 | S PLST   @  0 #M  369 #B  101 Q25111 L3
18.12.20 16:44:01 | S PLST   @  0 #M  369 #B  102 Q25111 L3
18.12.20 16:44:01 | S PLST   @  0 #M  369 #B  103 Q25111 L3
18.12.20 16:44:01 | S PLST   @  0 #M  369 #B  104 Q25111 L3
18.12.20 16:44:01 | S PLST   @  0 #M  369 #B  105 Q25111 L3
18.12.20 16:44:01 | S PLST   @  0 #M  369 #B  108 Q25111 L3
18.12.20 16:44:01 | S PLST   @  0 #M  369 #B  109 Q25111 L3
18.12.20 16:44:01 | S PLST   @  0 #M  369 #B  110 Q25111 L3
18.12.20 16:44:01 | S PLST   @  0 #M  369 #B  111 Q25111 L3
18.12.20 16:44:01 | S PLST   @  0 #M  369 #B  112 Q25111 L3
18.12.20 16:44:01 | S PLST   @  0 #M  369 #B  113 Q25111 L3
18.12.20 16:44:01 | S PLST   @  0 #M  369 #B  116 Q25111 L3
18.12.20 16:44:01 | S PLST   @  0 #M  369 #B  117 Q25111 L3
18.12.20 16:44:02 | S PLST   @  0 #M  369 #B  118 Q25111 L3
18.12.20 16:44:02 | S PLST   @  0 #M  369 #B  119 Q25111 L3
18.12.20 16:44:02 | S PLST   @  0 #M  369 #B  120 Q25111 L3
18.12.20 16:44:02 | S PLST   @  0 #M  369 #B  121 Q25111 L3
18.12.20 16:44:02 | S PLST   @  0 #M  369 #B  122 Q25111 L3
18.12.20 16:44:02 | S PLST   @  0 #M  369 #B  123 Q25111 L3
18.12.20 16:44:02 | S PLST   @  0 #M  369 #B  124 Q25111 L3
18.12.20 16:44:02 | S PLST   @  0 #M  369 #B  125 Q25111 L3
18.12.20 16:44:02 | S PLST   @  0 #M  369 #B  126 Q25111 L3
18.12.20 16:44:02 | S PLST   @  0 #M  369 #B  127 Q25111 L3
18.12.20 16:44:02 | S PLST   @  0 #M  369 #B  128 Q25111 L3
18.12.20 16:44:02 | S PLST   @  0 #M  369 #B  131 Q25111 L3
18.12.20 16:44:02 | S PLST   @  0 #M  369 #B  132 Q25111 L3
18.12.20 16:44:02 | S PLST   @  0 #M  369 #B  133 Q25111 L3
18.12.20 16:44:02 | S PLST   @  0 #M  369 #B  134 Q25111 L3
18.12.20 16:44:02 | S PLST   @  0 #M  369 #B  135 Q25111 L3
18.12.20 16:44:02 | S PLST   @  0 #M  369 #B  136 Q25111 L3
18.12.20 16:44:03 | S PLST   @  0 #M  369 #B  139 Q25111 L3
18.12.20 16:44:03 | S PLST   @  0 #M  369 #B  140 Q25111 L3
18.12.20 16:44:03 | S PLST   @  0 #M  369 #B  141 Q25111 L3
18.12.20 16:44:03 | S PLST   @  0 #M  369 #B  142 Q25111 L3
18.12.20 16:44:03 | S PLST   @  0 #M  369 #B  143 Q25111 L3
18.12.20 16:44:03 | S PLST   @  0 #M  369 #B  146 Q25111 L3
18.12.20 16:44:03 | S PLST   @  0 #M  369 #B  147 Q25111 L3
18.12.20 16:44:03 | S PLST   @  0 #M  369 #B  148 Q25111 L3
18.12.20 16:44:03 | S PLST   @  0 #M  369 #B  149 Q25111 L3
18.12.20 16:44:03 | S PLST   @  0 #M  369 #B  150 Q25111 L3
18.12.20 16:44:03 | S PLST   @  0 #M  369 #B  151 Q25111 L3
18.12.20 16:44:03 | S PLST   @  0 #M  369 #B  154 Q25111 L3
18.12.20 16:44:03 | S PLST   @  0 #M  369 #B  155 Q25111 L3
18.12.20 16:44:03 | S PLST   @  0 #M  369 #B  156 Q25111 L3
18.12.20 16:44:03 | S PLST   @  0 #M  369 #B  157 Q25111 L3
18.12.20 16:44:04 | S PLST   @  0 #M  369 #B  158 Q25111 L3
18.12.20 16:44:04 | S PLST   @  0 #M  369 #B  159 Q25111 L3
18.12.20 16:44:04 | S PLST   @  0 #M  369 #B  160 Q25111 L3
18.12.20 16:44:04 | S PLST   @  0 #M  369 #B  161 Q25111 L3
18.12.20 16:44:04 | S PLST   @  0 #M  369 #B  162 Q25111 L3
18.12.20 16:44:04 | S PLST   @  0 #M  369 #B  163 Q25111 L3
18.12.20 16:44:04 | S PLST   @  0 #M  369 #B  164 Q25111 L3
18.12.20 16:44:04 | S PLST   @  0 #M  369 #B  165 Q25111 L3
18.12.20 16:44:04 | S PLST   @  0 #M  369 #B  166 Q25111 L3
18.12.20 16:44:04 | S PLST   @  0 #M  369 #B  169 Q25111 L3
18.12.20 16:44:04 | S PLST   @  0 #M  369 #B  170 Q25111 L3
18.12.20 16:44:04 | S PLST   @  0 #M  369 #B  171 Q25111 L3
18.12.20 16:44:04 | S PLST   @  0 #M  369 #B  172 Q25111 L3
18.12.20 16:44:04 | S PLST   @  0 #M  369 #B  173 Q25111 L3
18.12.20 16:44:04 | S PLST   @  0 #M  369 #B  174 Q25111 L3
18.12.20 16:44:04 | S PLST   @  0 #M  369 #B  177 Q25111 L3
18.12.20 16:44:05 | S PLST   @  0 #M  369 #B  178 Q25111 L3
18.12.20 16:44:05 | S PLST   @  0 #M  369 #B  179 Q25111 L3
18.12.20 16:44:05 | S PLST   @  0 #M  369 #B  180 Q25111 L3
18.12.20 16:44:05 | S PLST   @  0 #M  369 #B  181 Q25111 L3
18.12.20 16:44:05 | S PLST   @  0 #M  369 #B  184 Q25111 L3
18.12.20 16:44:05 | S PLST   @  0 #M  369 #B  185 Q25111 L3
18.12.20 16:44:05 | S PLST   @  0 #M  369 #B  186 Q25111 L3
18.12.20 16:44:05 | S PLST   @  0 #M  369 #B  187 Q25111 L3
18.12.20 16:44:05 | S PLST   @  0 #M  369 #B  188 Q25111 L3
18.12.20 16:44:05 | S PLST   @  0 #M  369 #B  189 Q25111 L3
18.12.20 16:44:05 | S PLST   @  0 #M  369 #B  192 Q25111 L3
18.12.20 16:44:05 | S PLST   @  0 #M  369 #B  193 Q25111 L3
18.12.20 16:44:05 | S PLST   @  0 #M  369 #B  194 Q25111 L3
18.12.20 16:44:05 | S PLST   @  0 #M  369 #B  195 Q25111 L3
18.12.20 16:44:05 | S PLST   @  0 #M  369 #B  196 Q25111 L3
18.12.20 16:44:06 | S PLST   @  0 #M  369 #B  197 Q25111 L3
18.12.20 16:44:06 | S PLST   @  0 #M  369 #B  198 Q25111 L3
18.12.20 16:44:06 | S PLST   @  0 #M  369 #B  200 Q25111 L3
18.12.20 16:44:06 | S PLST   @  0 #M  369 #B  201 Q25111 L3
18.12.20 16:44:06 | S PLST   @  0 #M  369 #B  202 Q25111 L3
18.12.20 16:44:06 | S PLST   @  0 #M  369 #B  203 Q25111 L3
18.12.20 16:44:06 | S PLST   @  0 #M  369 #B  204 Q25111 L3
18.12.20 16:44:06 | S PLST   @  0 #M  369 #B  207 Q25111 L3
18.12.20 16:44:06 | S PLST   @  0 #M  369 #B  208 Q25111 L3
18.12.20 16:44:06 | S PLST   @  0 #M  369 #B  209 Q25111 L3
18.12.20 16:44:06 | S PLST   @  0 #M  369 #B  210 Q25111 L3
18.12.20 16:44:06 | S PLST   @  0 #M  369 #B  211 Q25111 L3
18.12.20 16:44:06 | S PLST   @  0 #M  369 #B  212 Q25111 L3
18.12.20 16:44:06 | S PLST   @  0 #M  369 #B  215 Q25111 L3
18.12.20 16:44:06 | S PLST   @  0 #M  369 #B  216 Q25111 L3
18.12.20 16:44:07 | S PLST   @  0 #M  369 #B  217 Q25111 L3
18.12.20 16:44:07 | S PLST   @  0 #M  369 #B  218 Q25111 L3
18.12.20 16:44:07 | S PLST   @  0 #M  369 #B  219 Q25111 L3
18.12.20 16:44:07 | S PLST   @  0 #M  369 #B  222 Q25111 L3
18.12.20 16:44:07 | S PLST   @  0 #M  369 #B  223 Q25111 L3
18.12.20 16:44:07 | S PLST   @  0 #M  369 #B  224 Q25111 L3
18.12.20 16:44:07 | S PLST   @  0 #M  369 #B  225 Q25111 L3
18.12.20 16:44:07 | S PLST   @  0 #M  369 #B  226 Q25111 L3
18.12.20 16:44:07 | S PLST   @  0 #M  369 #B  227 Q25111 L3
18.12.20 16:44:07 | S PLST   @  0 #M  369 #B  230 Q25111 L3
18.12.20 16:44:07 | S PLST   @  0 #M  369 #B  231 Q25111 L3
18.12.20 16:44:07 | S PLST   @  0 #M  369 #B  232 Q25111 L3
18.12.20 16:44:07 | S PLST   @  0 #M  369 #B  233 Q25111 L3
18.12.20 16:44:07 | S PLST   @  0 #M  369 #B  234 Q25111 L3
18.12.20 16:44:07 | S PLST   @  0 #M  369 #B  235 Q25111 L3
18.12.20 16:44:08 | S PLST   @  0 #M  369 #B  236 Q25111 L3
18.12.20 16:44:08 | S PLST   @  0 #M  369 #B  237 Q25111 L3
18.12.20 16:44:08 | S PLST   @  0 #M  369 #B  238 Q25111 L3
18.12.20 16:44:08 | S PLST   @  0 #M  369 #B  239 Q25111 L3
18.12.20 16:44:08 | S PLST   @  0 #M  369 #B  240 Q25111 L3
18.12.20 16:44:08 | S PLST   @  0 #M  369 #B  241 Q25111 L3
18.12.20 16:44:08 | S PLST   @  0 #M  369 #B  242 Q25111 L3
18.12.20 16:44:08 | S PLST   @  0 #M  369 #B  245 Q25111 L3
18.12.20 16:44:08 | S PLST   @  0 #M  369 #B  246 Q25111 L3
18.12.20 16:44:08 | S PLST   @  0 #M  369 #B  247 Q25111 L3
18.12.20 16:44:08 | S PLST   @  0 #M  369 #B  248 Q25111 L3
18.12.20 16:44:08 | S PLST   @  0 #M  369 #B  249 Q25111 L3
18.12.20 16:44:08 | S PLST   @  0 #M  369 #B  250 Q25111 L3
18.12.20 16:44:08 | S PLST   @  0 #M  369 #B  253 Q25111 L3
18.12.20 16:44:08 | S PLST   @  0 #M  369 #B  254 Q25111 L3
18.12.20 16:44:09 | S PLST   @  0 #M  369 #B  255 Q25111 L3
18.12.20 16:44:09 | S PLST   @  0 #M  369 #B  256 Q25111 L3
18.12.20 16:44:09 | S PLST   @  0 #M  369 #B  257 Q25111 L3
18.12.20 16:44:09 | S PLST   @  0 #M  369 #B  260 Q25111 L3
18.12.20 16:44:09 | S PLST   @  0 #M  369 #B  261 Q25111 L3
18.12.20 16:44:09 | S PLST   @  0 #M  369 #B  262 Q25111 L3
18.12.20 16:44:09 | S PLST   @  0 #M  369 #B  263 Q25111 L3
18.12.20 16:44:09 | S PLST   @  0 #M  369 #B  264 Q25111 L3
18.12.20 16:44:09 | S PLST   @  0 #M  369 #B  265 Q25111 L3
18.12.20 16:44:09 | S PLST   @  0 #M  369 #B  268 Q25111 L3
18.12.20 16:44:09 | S PLST   @  0 #M  369 #B  269 Q25111 L3
18.12.20 16:44:09 | S PLST   @  0 #M  369 #B  270 Q25111 L3
18.12.20 16:44:09 | S PLST   @  0 #M  369 #B  271 Q25111 L3
18.12.20 16:44:09 | S PLST   @  0 #M  369 #B  272 Q25111 L3
18.12.20 16:44:09 | S PLST   @  0 #M  369 #B  273 Q25111 L3
18.12.20 16:44:09 | S PLST   @  0 #M  369 #B  274 Q25111 L3
18.12.20 16:44:10 | S PLST   @  0 #M  369 #B  275 Q25111 L3
18.12.20 16:44:10 | S PLST   @  0 #M  369 #B  276 Q25111 L3
18.12.20 16:44:10 | S PLST   @  0 #M  369 #B  277 Q25111 L3
18.12.20 16:44:10 | S PLST   @  0 #M  369 #B  278 Q25111 L3
18.12.20 16:44:10 | S PLST   @  0 #M  369 #B  279 Q25111 L3
18.12.20 16:44:10 | S PLST   @  0 #M  369 #B  280 Q25111 L3
18.12.20 16:44:10 | S PLST   @  0 #M  369 #B  283 Q25111 L3
18.12.20 16:44:10 | S PLST   @  0 #M  369 #B  284 Q25111 L3
18.12.20 16:44:10 | S PLST   @  0 #M  369 #B  285 Q25111 L3
18.12.20 16:44:10 | S PLST   @  0 #M  369 #B  286 Q25111 L3
18.12.20 16:44:10 | S PLST   @  0 #M  369 #B  287 Q25111 L3
18.12.20 16:44:10 | S PLST   @  0 #M  369 #B  288 Q25111 L3
18.12.20 16:44:10 | S PLST   @  0 #M  369 #B  291 Q25111 L3
18.12.20 16:44:10 | S PLST   @  0 #M  369 #B  292 Q25111 L3
18.12.20 16:44:10 | S PLST   @  0 #M  369 #B  293 Q25111 L3
18.12.20 16:44:11 | S PLST   @  0 #M  369 #B  294 Q25111 L3
18.12.20 16:44:11 | S PLST   @  0 #M  369 #B  295 Q25111 L3
18.12.20 16:44:11 | S PLST   @  0 #M  369 #B  298 Q25111 L3
18.12.20 16:44:11 | S PLST   @  0 #M  369 #B  299 Q25111 L3
18.12.20 16:44:11 | S PLST   @  0 #M  369 #B  300 Q25111 L3
18.12.20 16:44:11 | S PLST   @  0 #M  369 #B  301 Q25111 L3
18.12.20 16:44:11 | S PLST   @  0 #M  369 #B  302 Q25111 L3
18.12.20 16:44:11 | S PLST   @  0 #M  369 #B  303 Q25111 L3
18.12.20 16:44:11 | S PLST   @  0 #M  369 #B  306 Q25111 L3
18.12.20 16:44:11 | S PLST   @  0 #M  369 #B  307 Q25111 L3
18.12.20 16:44:11 | S PLST   @  0 #M  369 #B  308 Q25111 L3
18.12.20 16:44:11 | S PLST   @  0 #M  369 #B  309 Q25111 L3
18.12.20 16:44:11 | S PLST   @  0 #M  369 #B  310 Q25111 L3
18.12.20 16:44:11 | S PLST   @  0 #M  369 #B  311 Q25111 L3
18.12.20 16:44:11 | S PLST   @  0 #M  369 #B  312 Q25111 L3
18.12.20 16:44:12 | S PLST   @  0 #M  369 #B  314 Q25111 L3
18.12.20 16:44:12 | S PLST   @  0 #M  369 #B  315 Q25111 L3
18.12.20 16:44:12 | S PLST   @  0 #M  369 #B  316 Q25111 L3
18.12.20 16:44:12 | S PLST   @  0 #M  369 #B  317 Q25111 L3
18.12.20 16:44:12 | S PLST   @  0 #M  369 #B  318 Q25111 L3
18.12.20 16:44:12 | S PLST   @  0 #M  369 #B  321 Q25111 L3
18.12.20 16:44:12 | S PLST   @  0 #M  369 #B  322 Q25111 L3
18.12.20 16:44:12 | S PLST   @  0 #M  369 #B  323 Q25111 L3
18.12.20 16:44:12 | S PLST   @  0 #M  369 #B  325 Q25111 L3
18.12.20 16:44:12 | S PLST   @  0 #M  369 #B  326 Q25111 L3
18.12.20 16:44:12 | S PLST   @  0 #M  369 #B  329 Q25111 L3
18.12.20 16:44:12 | S PLST   @  0 #M  369 #B  330 Q25111 L3
18.12.20 16:44:12 | S PLST   @  0 #M  369 #B  332 Q25111 L3
18.12.20 16:44:13 | S PLST   @  0 #M  369 #B  333 Q25111 L3
18.12.20 16:44:13 | S PLST   @  0 #M  369 #B  336 Q25111 L3
18.12.20 16:44:13 | S PLST   @  0 #M  369 #B  337 Q25111 L3
18.12.20 16:44:13 | S PLST   @  0 #M  369 #B  338 Q25111 L3
18.12.20 16:44:13 | S PLST   @  0 #M  369 #B  339 Q25111 L3
18.12.20 16:44:13 | S PLST   @  0 #M  369 #B  340 Q25111 L3
18.12.20 16:44:13 | S PLST   @  0 #M  369 #B  341 Q25111 L3
18.12.20 16:44:13 | S PLST   @  0 #M  369 #B  344 Q25111 L3
18.12.20 16:44:13 | S PLST   @  0 #M  369 #B  345 Q25111 L3
18.12.20 16:44:13 | S PLST   @  0 #M  369 #B  346 Q25111 L3
18.12.20 16:44:13 | S PLST   @  0 #M  369 #B  347 Q25111 L3
18.12.20 16:44:13 | S PLST   @  0 #M  369 #B  348 Q25111 L3
18.12.20 16:44:13 | S PLST   @  0 #M  369 #B  349 Q25111 L3
18.12.20 16:44:13 | S PLST   @  0 #M  369 #B  350 Q25111 L3
18.12.20 16:44:13 | S PLST   @  0 #M  369 #B  352 Q25111 L3
18.12.20 16:44:14 | S PLST   @  0 #M  369 #B  353 Q25111 L3
18.12.20 16:44:14 | S PLST   @  0 #M  369 #B  354 Q25111 L3
18.12.20 16:44:14 | S PLST   @  0 #M  369 #B  355 Q25111 L3
18.12.20 16:44:14 | S PLST   @  0 #M  369 #B  356 Q25111 L3
18.12.20 16:44:14 | S PLST   @  0 #M  369 #B  359 Q25111 L3
18.12.20 16:44:14 | S PLST   @  0 #M  369 #B  360 Q25111 L3
18.12.20 16:44:14 | S PLST   @  0 #M  369 #B  361 Q25111 L3
18.12.20 16:44:14 | S PLST   @  0 #M  369 #B  362 Q25111 L3
18.12.20 16:44:14 | S PLST   @  0 #M  369 #B  363 Q25111 L3
18.12.20 16:44:14 | S PLST   @  0 #M  369 #B  364 Q25111 L3
18.12.20 16:44:14 | S PLST   @  0 #M  369 #B  367 Q25111 L3
18.12.20 16:44:14 | S PLST   @  0 #M  369 #B  368 Q25111 L3
19.01.21 14:19:11 | >SWC_BAT Kein Dateiname angegeben,ABBRUCH                 
19.01.21 14:19:11 | SWCom HDLC/A Vers. 6.33  (DEU) 
                          
19.01.21 14:19:11 | Copyright (c) BIZERBA 1999 
                              
20.01.21 15:43:06 | S PLST   @  0 #M  321 #B  123 Q25111 L3
20.01.21 15:43:06 | S PLST   @  0 #M  321 #B  124 Q25111 L3
20.01.21 15:43:06 | S PLST   @  0 #M  321 #B  125 Q25111 L3
20.01.21 15:43:06 | S PLST   @  0 #M  321 #B  126 Q25111 L3
20.01.21 15:43:06 | S PLST   @  0 #M  321 #B  127 Q25111 L3
20.01.21 15:43:06 | S PLST   @  0 #M  321 #B  128 Q25111 L3
20.01.21 15:43:06 | S PLST   @  0 #M  321 #B  129 Q25111 L3
20.01.21 15:43:06 | S PLST   @  0 #M  321 #B  130 Q25111 L3
20.01.21 15:43:06 | S PLST   @  0 #M  321 #B  131 Q25111 L3
20.01.21 15:43:06 | S PLST   @  0 #M  321 #B  132 Q25111 L3
20.01.21 15:43:06 | S PLST   @  0 #M  321 #B  133 Q25111 L3
20.01.21 15:43:06 | S PLST   @  0 #M  321 #B  134 Q25111 L3
20.01.21 15:43:06 | S PLST   @  0 #M  321 #B  135 Q25111 L3
20.01.21 15:43:06 | S PLST   @  0 #M  321 #B  136 Q25111 L3
20.01.21 15:43:06 | S PLST   @  0 #M  321 #B  137 Q25111 L3
20.01.21 15:43:06 | S PLST   @  0 #M  321 #B  138 Q25111 L3
20.01.21 15:43:07 | S PLST   @  0 #M  321 #B  139 Q25111 L3
20.01.21 15:43:07 | S PLST   @  0 #M  321 #B  140 Q25111 L3
20.01.21 15:43:07 | S PLST   @  0 #M  321 #B  141 Q25111 L3
20.01.21 15:43:07 | S PLST   @  0 #M  321 #B  142 Q25111 L3
20.01.21 15:43:07 | S PLST   @  0 #M  321 #B  143 Q25111 L3
20.01.21 15:43:07 | S PLST   @  0 #M  321 #B  144 Q25111 L3
20.01.21 15:45:33 | S PLST   @  0 #M  321 #B  123 Q25111 L3
20.01.21 15:45:33 | S PLST   @  0 #M  321 #B  124 Q25111 L3
20.01.21 15:45:33 | S PLST   @  0 #M  321 #B  125 Q25111 L3
20.01.21 15:45:33 | S PLST   @  0 #M  321 #B  126 Q25111 L3
20.01.21 15:45:33 | S PLST   @  0 #M  321 #B  127 Q25111 L3
20.01.21 15:45:33 | S PLST   @  0 #M  321 #B  128 Q25111 L3
20.01.21 15:45:34 | S PLST   @  0 #M  321 #B  129 Q25111 L3
20.01.21 15:45:34 | S PLST   @  0 #M  321 #B  130 Q25111 L3
20.01.21 15:45:34 | S PLST   @  0 #M  321 #B  131 Q25111 L3
20.01.21 15:45:34 | S PLST   @  0 #M  321 #B  132 Q25111 L3
20.01.21 15:45:34 | S PLST   @  0 #M  321 #B  133 Q25111 L3
20.01.21 15:45:34 | S PLST   @  0 #M  321 #B  134 Q25111 L3
20.01.21 15:45:34 | S PLST   @  0 #M  321 #B  135 Q25111 L3
20.01.21 15:45:34 | S PLST   @  0 #M  321 #B  136 Q25111 L3
20.01.21 15:45:34 | S PLST   @  0 #M  321 #B  137 Q25111 L3
20.01.21 15:45:34 | S PLST   @  0 #M  321 #B  138 Q25111 L3
20.01.21 15:45:34 | S PLST   @  0 #M  321 #B  139 Q25111 L3
20.01.21 15:45:34 | S PLST   @  0 #M  321 #B  140 Q25111 L3
20.01.21 15:45:34 | S PLST   @  0 #M  321 #B  141 Q25111 L3
20.01.21 15:45:34 | S PLST   @  0 #M  321 #B  142 Q25111 L3
20.01.21 15:45:34 | S PLST   @  0 #M  321 #B  143 Q25111 L3
20.01.21 15:45:35 | S PLST   @  0 #M  321 #B  144 Q25111 L3
20.01.21 15:46:26 | S PLST   @  0 #M  321 #B  123 Q25111 L3
20.01.21 15:46:26 | S PLST   @  0 #M  321 #B  124 Q25111 L3
20.01.21 15:46:26 | S PLST   @  0 #M  321 #B  125 Q25111 L3
20.01.21 15:46:26 | S PLST   @  0 #M  321 #B  126 Q25111 L3
20.01.21 15:46:26 | S PLST   @  0 #M  321 #B  127 Q25111 L3
20.01.21 15:46:26 | S PLST   @  0 #M  321 #B  128 Q25111 L3
20.01.21 15:46:26 | S PLST   @  0 #M  321 #B  129 Q25111 L3
20.01.21 15:46:26 | S PLST   @  0 #M  321 #B  130 Q25111 L3
20.01.21 15:46:26 | S PLST   @  0 #M  321 #B  131 Q25111 L3
20.01.21 15:46:26 | S PLST   @  0 #M  321 #B  132 Q25111 L3
20.01.21 15:46:26 | S PLST   @  0 #M  321 #B  133 Q25111 L3
20.01.21 15:46:26 | S PLST   @  0 #M  321 #B  134 Q25111 L3
20.01.21 15:46:27 | S PLST   @  0 #M  321 #B  135 Q25111 L3
20.01.21 15:46:27 | S PLST   @  0 #M  321 #B  136 Q25111 L3
20.01.21 15:46:27 | S PLST   @  0 #M  321 #B  137 Q25111 L3
20.01.21 15:46:27 | S PLST   @  0 #M  321 #B  138 Q25111 L3
20.01.21 15:46:27 | S PLST   @  0 #M  321 #B  139 Q25111 L3
20.01.21 15:46:27 | S PLST   @  0 #M  321 #B  140 Q25111 L3
20.01.21 15:46:27 | S PLST   @  0 #M  321 #B  141 Q25111 L3
20.01.21 15:46:27 | S PLST   @  0 #M  321 #B  142 Q25111 L3
20.01.21 15:46:27 | S PLST   @  0 #M  321 #B  143 Q25111 L3
20.01.21 15:46:27 | S PLST   @  0 #M  321 #B  144 Q25111 L3
03.02.21 17:26:01 | S PLST   @  0 #M  321 #B  145 Q25111 L3
03.02.21 17:26:01 | S PLST   @  0 #M  321 #B  146 Q25111 L3
03.02.21 17:26:01 | S PLST   @  0 #M  321 #B  147 Q25111 L3
03.02.21 17:26:01 | S PLST   @  0 #M  321 #B  148 Q25111 L3
03.02.21 17:26:01 | S PLST   @  0 #M  321 #B  149 Q25111 L3
03.02.21 17:26:01 | S PLST   @  0 #M  321 #B  150 Q25111 L3
03.02.21 17:26:01 | S PLST   @  0 #M  321 #B  151 Q25111 L3
03.02.21 17:26:01 | S PLST   @  0 #M  321 #B  152 Q25111 L3
03.02.21 17:26:01 | S PLST   @  0 #M  321 #B  153 Q25111 L3
03.02.21 17:26:01 | S PLST   @  0 #M  321 #B  154 Q25111 L3
03.02.21 17:26:01 | S PLST   @  0 #M  321 #B  155 Q25111 L3
03.02.21 17:26:01 | S PLST   @  0 #M  321 #B  156 Q25111 L3
03.02.21 17:26:01 | S PLST   @  0 #M  321 #B  157 Q25111 L3
03.02.21 17:26:01 | S PLST   @  0 #M  321 #B  158 Q25111 L3
03.02.21 17:26:01 | S PLST   @  0 #M  321 #B  159 Q25111 L3
03.02.21 17:26:01 | S PLST   @  0 #M  321 #B  160 Q25111 L3
03.02.21 17:26:01 | S PLST   @  0 #M  321 #B  161 Q25111 L3
03.02.21 17:26:01 | S PLST   @  0 #M  321 #B  162 Q25111 L3
03.02.21 17:26:02 | S PLST   @  0 #M  321 #B  163 Q25111 L3
03.02.21 17:26:02 | S PLST   @  0 #M  321 #B  164 Q25111 L3
03.02.21 17:26:02 | S PLST   @  0 #M  321 #B  165 Q25111 L3
03.02.21 17:26:02 | S PLST   @  0 #M  321 #B  166 Q25111 L3
03.02.21 17:26:02 | S PLST   @  0 #M  321 #B  167 Q25111 L3
03.02.21 17:26:02 | S PLST   @  0 #M  321 #B  168 Q25111 L3
03.02.21 17:26:02 | S PLST   @  0 #M  321 #B  169 Q25111 L3
03.02.21 17:26:02 | S PLST   @  0 #M  321 #B  170 Q25111 L3
03.02.21 17:26:02 | S PLST   @  0 #M  321 #B  171 Q25111 L3
03.02.21 17:26:02 | S PLST   @  0 #M  321 #B  172 Q25111 L3
03.02.21 17:26:02 | S PLST   @  0 #M  321 #B  173 Q25111 L3
03.02.21 17:26:02 | S PLST   @  0 #M  321 #B  174 Q25111 L3
03.02.21 17:26:02 | S PLST   @  0 #M  321 #B  175 Q25111 L3
03.02.21 17:26:02 | S PLST   @  0 #M  321 #B  176 Q25111 L3
03.02.21 17:26:02 | S PLST   @  0 #M  321 #B  177 Q25111 L3
03.02.21 17:26:02 | S PLST   @  0 #M  321 #B  178 Q25111 L3
03.02.21 17:26:02 | S PLST   @  0 #M  321 #B  179 Q25111 L3
03.02.21 17:26:02 | S PLST   @  0 #M  321 #B  180 Q25111 L3
03.02.21 17:26:02 | S PLST   @  0 #M  321 #B  181 Q25111 L3
03.02.21 17:26:02 | S PLST   @  0 #M  321 #B  182 Q25111 L3
03.02.21 17:26:03 | S PLST   @  0 #M  321 #B  183 Q25111 L3
03.02.21 17:26:03 | S PLST   @  0 #M  321 #B  184 Q25111 L3
03.02.21 17:26:03 | S PLST   @  0 #M  321 #B  185 Q25111 L3
03.02.21 17:26:03 | S PLST   @  0 #M  321 #B  186 Q25111 L3
03.02.21 17:26:03 | S PLST   @  0 #M  321 #B  187 Q25111 L3
03.02.21 17:26:03 | S PLST   @  0 #M  321 #B  188 Q25111 L3
03.02.21 17:26:03 | S PLST   @  0 #M  321 #B  189 Q25111 L3
03.02.21 17:26:03 | S PLST   @  0 #M  321 #B  190 Q25111 L3
03.02.21 17:26:03 | S PLST   @  0 #M  321 #B  191 Q25111 L3
03.02.21 17:26:03 | S PLST   @  0 #M  321 #B  192 Q25111 L3
03.02.21 17:26:03 | S PLST   @  0 #M  321 #B  193 Q25111 L3
03.02.21 17:26:03 | S PLST   @  0 #M  321 #B  194 Q25111 L3
03.02.21 17:26:03 | S PLST   @  0 #M  321 #B  195 Q25111 L3
03.02.21 17:26:03 | S PLST   @  0 #M  321 #B  196 Q25111 L3
03.02.21 17:26:03 | S PLST   @  0 #M  321 #B  197 Q25111 L3
03.02.21 17:26:03 | S PLST   @  0 #M  321 #B  198 Q25111 L3
03.02.21 17:26:03 | S PLST   @  0 #M  321 #B  199 Q25111 L3
03.02.21 17:26:03 | S PLST   @  0 #M  321 #B  200 Q25111 L3
03.02.21 17:26:03 | S PLST   @  0 #M  321 #B  201 Q25111 L3
03.02.21 17:26:04 | S PLST   @  0 #M  321 #B  202 Q25111 L3
03.02.21 17:26:04 | S PLST   @  0 #M  321 #B  203 Q25111 L3
03.02.21 17:26:04 | S PLST   @  0 #M  321 #B  204 Q25111 L3
03.02.21 17:26:04 | S PLST   @  0 #M  321 #B  205 Q25111 L3
03.02.21 17:26:04 | S PLST   @  0 #M  321 #B  206 Q25111 L3
03.02.21 17:26:04 | S PLST   @  0 #M  321 #B  207 Q25111 L3
03.02.21 17:26:04 | S PLST   @  0 #M  321 #B  208 Q25111 L3
03.02.21 17:26:04 | S PLST   @  0 #M  321 #B  209 Q25111 L3
03.02.21 17:26:04 | S PLST   @  0 #M  321 #B  210 Q25111 L3
03.02.21 17:26:04 | S PLST   @  0 #M  321 #B  211 Q25111 L3
03.02.21 17:26:04 | S PLST   @  0 #M  321 #B  212 Q25111 L3
03.02.21 17:26:04 | S PLST   @  0 #M  321 #B  213 Q25111 L3
03.02.21 17:26:04 | S PLST   @  0 #M  321 #B  214 Q25111 L3
03.02.21 17:26:04 | S PLST   @  0 #M  321 #B  215 Q25111 L3
03.02.21 17:26:04 | S PLST   @  0 #M  321 #B  216 Q25111 L3
03.02.21 17:26:04 | S PLST   @  0 #M  321 #B  217 Q25111 L3
03.02.21 17:26:04 | S PLST   @  0 #M  321 #B  218 Q25111 L3
03.02.21 17:26:04 | S PLST   @  0 #M  321 #B  219 Q25111 L3
03.02.21 17:26:04 | S PLST   @  0 #M  321 #B  220 Q25111 L3
03.02.21 17:26:04 | S PLST   @  0 #M  321 #B  221 Q25111 L3
03.02.21 17:26:05 | S PLST   @  0 #M  321 #B  222 Q25111 L3
03.02.21 17:26:05 | S PLST   @  0 #M  321 #B  223 Q25111 L3
03.02.21 17:26:05 | S PLST   @  0 #M  321 #B  224 Q25111 L3
03.02.21 17:26:05 | S PLST   @  0 #M  321 #B  225 Q25111 L3
03.02.21 17:26:05 | S PLST   @  0 #M  321 #B  226 Q25111 L3
03.02.21 17:26:05 | S PLST   @  0 #M  321 #B  227 Q25111 L3
03.02.21 17:26:05 | S PLST   @  0 #M  321 #B  228 Q25111 L3
03.02.21 17:26:05 | S PLST   @  0 #M  321 #B  229 Q25111 L3
03.02.21 17:26:05 | S PLST   @  0 #M  321 #B  230 Q25111 L3
03.02.21 17:26:05 | S PLST   @  0 #M  321 #B  231 Q25111 L3
03.02.21 17:26:05 | S PLST   @  0 #M  321 #B  232 Q25111 L3
03.02.21 17:26:05 | S PLST   @  0 #M  321 #B  233 Q25111 L3
03.02.21 17:26:05 | S PLST   @  0 #M  321 #B  234 Q25111 L3
03.02.21 17:26:05 | S PLST   @  0 #M  321 #B  235 Q25111 L3
03.02.21 17:26:05 | S PLST   @  0 #M  321 #B  236 Q25111 L3
03.02.21 17:26:05 | S PLST   @  0 #M  321 #B  237 Q25111 L3
03.02.21 17:26:05 | S PLST   @  0 #M  321 #B  238 Q25111 L3
03.02.21 17:26:05 | S PLST   @  0 #M  321 #B  239 Q25111 L3
03.02.21 17:26:05 | S PLST   @  0 #M  321 #B  240 Q25111 L3
03.02.21 17:26:05 | S PLST   @  0 #M  321 #B  241 Q25111 L3
03.02.21 17:26:06 | S PLST   @  0 #M  321 #B  242 Q25111 L3
03.02.21 17:26:06 | S PLST   @  0 #M  321 #B  243 Q25111 L3
03.02.21 17:26:06 | S PLST   @  0 #M  321 #B  244 Q25111 L3
03.02.21 17:26:06 | S PLST   @  0 #M  321 #B  245 Q25111 L3
03.02.21 17:26:06 | S PLST   @  0 #M  321 #B  246 Q25111 L3
03.02.21 17:26:06 | S PLST   @  0 #M  321 #B  247 Q25111 L3
03.02.21 17:26:06 | S PLST   @  0 #M  321 #B  248 Q25111 L3
03.02.21 17:26:06 | S PLST   @  0 #M  321 #B  249 Q25111 L3
03.02.21 17:26:06 | S PLST   @  0 #M  321 #B  250 Q25111 L3
03.02.21 17:26:06 | S PLST   @  0 #M  321 #B  251 Q25111 L3
03.02.21 17:26:06 | S PLST   @  0 #M  321 #B  252 Q25111 L3
03.02.21 17:26:06 | S PLST   @  0 #M  321 #B  253 Q25111 L3
03.02.21 17:26:06 | S PLST   @  0 #M  321 #B  254 Q25111 L3
03.02.21 17:26:06 | S PLST   @  0 #M  321 #B  255 Q25111 L3
03.02.21 17:26:06 | S PLST   @  0 #M  321 #B  256 Q25111 L3
03.02.21 17:26:06 | S PLST   @  0 #M  321 #B  257 Q25111 L3
03.02.21 17:26:06 | S PLST   @  0 #M  321 #B  258 Q25111 L3
03.02.21 17:26:06 | S PLST   @  0 #M  321 #B  259 Q25111 L3
03.02.21 17:26:06 | S PLST   @  0 #M  321 #B  260 Q25111 L3
03.02.21 17:26:06 | S PLST   @  0 #M  321 #B  261 Q25111 L3
03.02.21 17:26:06 | S PLST   @  0 #M  321 #B  262 Q25111 L3
03.02.21 17:26:06 | S PLST   @  0 #M  321 #B  263 Q25111 L3
03.02.21 17:26:07 | S PLST   @  0 #M  321 #B  264 Q25111 L3
03.02.21 17:26:07 | S PLST   @  0 #M  321 #B  265 Q25111 L3
03.02.21 17:26:07 | S PLST   @  0 #M  321 #B  266 Q25111 L3
03.02.21 17:26:07 | S PLST   @  0 #M  321 #B  267 Q25111 L3
03.02.21 17:26:07 | S PLST   @  0 #M  321 #B  268 Q25111 L3
03.02.21 17:26:07 | S PLST   @  0 #M  321 #B  269 Q25111 L3
03.02.21 17:26:07 | S PLST   @  0 #M  321 #B  270 Q25111 L3
03.02.21 17:26:07 | S PLST   @  0 #M  321 #B  271 Q25111 L3
03.02.21 17:26:07 | S PLST   @  0 #M  321 #B  272 Q25111 L3
03.02.21 17:26:07 | S PLST   @  0 #M  321 #B  273 Q25111 L3
03.02.21 17:26:07 | S PLST   @  0 #M  321 #B  274 Q25111 L3
03.02.21 17:26:07 | S PLST   @  0 #M  321 #B  275 Q25111 L3
03.02.21 17:26:07 | S PLST   @  0 #M  321 #B  276 Q25111 L3
03.02.21 17:26:07 | S PLST   @  0 #M  321 #B  277 Q25111 L3
03.02.21 17:26:07 | S PLST   @  0 #M  321 #B  278 Q25111 L3
03.02.21 17:26:07 | S PLST   @  0 #M  321 #B  279 Q25111 L3
03.02.21 17:26:07 | S PLST   @  0 #M  321 #B  280 Q25111 L3
03.02.21 17:26:07 | S PLST   @  0 #M  321 #B  282 Q25111 L3
03.02.21 17:26:08 | S PLST   @  0 #M  321 #B  283 Q25111 L3
03.02.21 17:26:08 | S PLST   @  0 #M  321 #B  284 Q25111 L3
03.02.21 17:26:08 | S PLST   @  0 #M  321 #B  285 Q25111 L3
03.02.21 17:26:08 | S PLST   @  0 #M  321 #B  286 Q25111 L3
03.02.21 17:26:08 | S PLST   @  0 #M  321 #B  288 Q25111 L3
03.02.21 17:26:08 | S PLST   @  0 #M  321 #B  289 Q25111 L3
03.02.21 17:26:08 | S PLST   @  0 #M  321 #B  290 Q25111 L3
03.02.21 17:26:08 | S PLST   @  0 #M  321 #B  291 Q25111 L3
03.02.21 17:26:08 | S PLST   @  0 #M  321 #B  292 Q25111 L3
03.02.21 17:26:08 | S PLST   @  0 #M  321 #B  293 Q25111 L3
03.02.21 17:26:08 | S PLST   @  0 #M  321 #B  294 Q25111 L3
03.02.21 17:26:08 | S PLST   @  0 #M  321 #B  295 Q25111 L3
03.02.21 17:26:08 | S PLST   @  0 #M  321 #B  296 Q25111 L3
03.02.21 17:26:08 | S PLST   @  0 #M  321 #B  297 Q25111 L3
03.02.21 17:26:08 | S PLST   @  0 #M  321 #B  298 Q25111 L3
03.02.21 17:26:08 | S PLST   @  0 #M  321 #B  299 Q25111 L3
03.02.21 17:26:08 | S PLST   @  0 #M  321 #B  300 Q25111 L3
03.02.21 17:26:08 | S PLST   @  0 #M  321 #B  301 Q25111 L3
03.02.21 17:26:08 | S PLST   @  0 #M  321 #B  302 Q25111 L3
03.02.21 17:26:08 | S PLST   @  0 #M  321 #B  303 Q25111 L3
03.02.21 17:26:09 | S PLST   @  0 #M  321 #B  304 Q25111 L3
03.02.21 17:26:09 | S PLST   @  0 #M  321 #B  305 Q25111 L3
03.02.21 17:26:09 | S PLST   @  0 #M  321 #B  306 Q25111 L3
03.02.21 17:26:09 | S PLST   @  0 #M  321 #B  307 Q25111 L3
03.02.21 17:26:09 | S PLST   @  0 #M  321 #B  308 Q25111 L3
03.02.21 17:26:09 | S PLST   @  0 #M  321 #B  309 Q25111 L3
03.02.21 17:26:09 | S PLST   @  0 #M  321 #B  310 Q25111 L3
03.02.21 17:26:09 | S PLST   @  0 #M  321 #B  311 Q25111 L3
03.02.21 17:26:09 | S PLST   @  0 #M  321 #B  312 Q25111 L3
03.02.21 17:26:09 | S PLST   @  0 #M  321 #B  313 Q25111 L3
03.02.21 17:26:09 | S PLST   @  0 #M  321 #B  314 Q25111 L3
03.02.21 17:26:09 | S PLST   @  0 #M  321 #B  315 Q25111 L3
03.02.21 17:26:09 | S PLST   @  0 #M  321 #B  316 Q25111 L3
03.02.21 17:26:09 | S PLST   @  0 #M  321 #B  317 Q25111 L3
03.02.21 17:26:09 | S PLST   @  0 #M  321 #B  318 Q25111 L3
03.02.21 17:26:09 | S PLST   @  0 #M  321 #B  319 Q25111 L3
03.02.21 17:26:09 | S PLST   @  0 #M  321 #B  320 Q25111 L3
03.02.21 18:50:38 | S PLST   @  0 #M  321 #B  123 Q25111 L3
03.02.21 18:50:38 | S PLST   @  0 #M  321 #B  124 Q25111 L3
03.02.21 18:50:38 | S PLST   @  0 #M  321 #B  125 Q25111 L3
03.02.21 18:50:38 | S PLST   @  0 #M  321 #B  126 Q25111 L3
03.02.21 18:50:38 | S PLST   @  0 #M  321 #B  127 Q25111 L3
03.02.21 18:50:38 | S PLST   @  0 #M  321 #B  128 Q25111 L3
03.02.21 18:50:38 | S PLST   @  0 #M  321 #B  129 Q25111 L3
03.02.21 18:50:38 | S PLST   @  0 #M  321 #B  130 Q25111 L3
03.02.21 18:50:38 | S PLST   @  0 #M  321 #B  131 Q25111 L3
03.02.21 18:50:38 | S PLST   @  0 #M  321 #B  132 Q25111 L3
03.02.21 18:50:38 | S PLST   @  0 #M  321 #B  133 Q25111 L3
03.02.21 18:50:38 | S PLST   @  0 #M  321 #B  134 Q25111 L3
03.02.21 18:50:38 | S PLST   @  0 #M  321 #B  135 Q25111 L3
03.02.21 18:50:38 | S PLST   @  0 #M  321 #B  136 Q25111 L3
03.02.21 18:50:39 | S PLST   @  0 #M  321 #B  137 Q25111 L3
03.02.21 18:50:39 | S PLST   @  0 #M  321 #B  138 Q25111 L3
03.02.21 18:50:39 | S PLST   @  0 #M  321 #B  139 Q25111 L3
03.02.21 18:50:39 | S PLST   @  0 #M  321 #B  140 Q25111 L3
03.02.21 18:50:39 | S PLST   @  0 #M  321 #B  141 Q25111 L3
03.02.21 18:50:39 | S PLST   @  0 #M  321 #B  142 Q25111 L3
03.02.21 18:50:39 | S PLST   @  0 #M  321 #B  143 Q25111 L3
03.02.21 18:50:39 | S PLST   @  0 #M  321 #B  144 Q25111 L3
03.02.21 18:50:39 | S PLST   @  0 #M  321 #B  145 Q25111 L3
03.02.21 18:50:39 | S PLST   @  0 #M  321 #B  146 Q25111 L3
03.02.21 18:50:39 | S PLST   @  0 #M  321 #B  147 Q25111 L3
03.02.21 18:50:39 | S PLST   @  0 #M  321 #B  148 Q25111 L3
03.02.21 18:50:39 | S PLST   @  0 #M  321 #B  149 Q25111 L3
03.02.21 18:50:39 | S PLST   @  0 #M  321 #B  150 Q25111 L3
03.02.21 18:50:39 | S PLST   @  0 #M  321 #B  151 Q25111 L3
03.02.21 18:50:39 | S PLST   @  0 #M  321 #B  152 Q25111 L3
03.02.21 18:50:39 | S PLST   @  0 #M  321 #B  153 Q25111 L3
03.02.21 18:50:39 | S PLST   @  0 #M  321 #B  154 Q25111 L3
03.02.21 18:50:39 | S PLST   @  0 #M  321 #B  155 Q25111 L3
03.02.21 18:50:40 | S PLST   @  0 #M  321 #B  156 Q25111 L3
03.02.21 18:50:40 | S PLST   @  0 #M  321 #B  157 Q25111 L3
03.02.21 18:50:40 | S PLST   @  0 #M  321 #B  158 Q25111 L3
03.02.21 18:50:40 | S PLST   @  0 #M  321 #B  159 Q25111 L3
03.02.21 18:50:40 | S PLST   @  0 #M  321 #B  160 Q25111 L3
03.02.21 18:50:40 | S PLST   @  0 #M  321 #B  161 Q25111 L3
03.02.21 18:50:40 | S PLST   @  0 #M  321 #B  162 Q25111 L3
03.02.21 18:50:40 | S PLST   @  0 #M  321 #B  163 Q25111 L3
03.02.21 18:50:40 | S PLST   @  0 #M  321 #B  164 Q25111 L3
03.02.21 18:50:40 | S PLST   @  0 #M  321 #B  165 Q25111 L3
03.02.21 18:50:40 | S PLST   @  0 #M  321 #B  166 Q25111 L3
03.02.21 18:50:40 | S PLST   @  0 #M  321 #B  167 Q25111 L3
03.02.21 18:50:40 | S PLST   @  0 #M  321 #B  168 Q25111 L3
03.02.21 18:50:40 | S PLST   @  0 #M  321 #B  169 Q25111 L3
03.02.21 18:50:40 | S PLST   @  0 #M  321 #B  170 Q25111 L3
03.02.21 18:50:40 | S PLST   @  0 #M  321 #B  171 Q25111 L3
03.02.21 18:50:40 | S PLST   @  0 #M  321 #B  172 Q25111 L3
03.02.21 18:50:41 | S PLST   @  0 #M  321 #B  173 Q25111 L3
03.02.21 18:50:41 | S PLST   @  0 #M  321 #B  174 Q25111 L3
03.02.21 18:50:41 | S PLST   @  0 #M  321 #B  175 Q25111 L3
03.02.21 18:50:41 | S PLST   @  0 #M  321 #B  176 Q25111 L3
03.02.21 18:50:41 | S PLST   @  0 #M  321 #B  177 Q25111 L3
03.02.21 18:50:41 | S PLST   @  0 #M  321 #B  178 Q25111 L3
03.02.21 18:50:41 | S PLST   @  0 #M  321 #B  179 Q25111 L3
03.02.21 18:50:41 | S PLST   @  0 #M  321 #B  180 Q25111 L3
03.02.21 18:50:41 | S PLST   @  0 #M  321 #B  181 Q25111 L3
03.02.21 18:50:41 | S PLST   @  0 #M  321 #B  182 Q25111 L3
03.02.21 18:50:41 | S PLST   @  0 #M  321 #B  183 Q25111 L3
03.02.21 18:50:41 | S PLST   @  0 #M  321 #B  184 Q25111 L3
03.02.21 18:50:41 | S PLST   @  0 #M  321 #B  185 Q25111 L3
03.02.21 18:50:41 | S PLST   @  0 #M  321 #B  186 Q25111 L3
03.02.21 18:50:41 | S PLST   @  0 #M  321 #B  187 Q25111 L3
03.02.21 18:50:41 | S PLST   @  0 #M  321 #B  188 Q25111 L3
03.02.21 18:50:41 | S PLST   @  0 #M  321 #B  189 Q25111 L3
03.02.21 18:50:41 | S PLST   @  0 #M  321 #B  190 Q25111 L3
03.02.21 18:50:41 | S PLST   @  0 #M  321 #B  191 Q25111 L3
03.02.21 18:50:42 | S PLST   @  0 #M  321 #B  192 Q25111 L3
03.02.21 18:50:42 | S PLST   @  0 #M  321 #B  193 Q25111 L3
03.02.21 18:50:42 | S PLST   @  0 #M  321 #B  194 Q25111 L3
03.02.21 18:50:42 | S PLST   @  0 #M  321 #B  195 Q25111 L3
03.02.21 18:50:42 | S PLST   @  0 #M  321 #B  196 Q25111 L3
03.02.21 18:50:42 | S PLST   @  0 #M  321 #B  197 Q25111 L3
03.02.21 18:50:42 | S PLST   @  0 #M  321 #B  198 Q25111 L3
03.02.21 18:50:42 | S PLST   @  0 #M  321 #B  199 Q25111 L3
03.02.21 18:50:42 | S PLST   @  0 #M  321 #B  200 Q25111 L3
03.02.21 18:50:42 | S PLST   @  0 #M  321 #B  201 Q25111 L3
03.02.21 18:50:42 | S PLST   @  0 #M  321 #B  202 Q25111 L3
03.02.21 18:50:42 | S PLST   @  0 #M  321 #B  203 Q25111 L3
03.02.21 18:50:42 | S PLST   @  0 #M  321 #B  204 Q25111 L3
03.02.21 18:50:42 | S PLST   @  0 #M  321 #B  205 Q25111 L3
03.02.21 18:50:42 | S PLST   @  0 #M  321 #B  206 Q25111 L3
03.02.21 18:50:42 | S PLST   @  0 #M  321 #B  207 Q25111 L3
03.02.21 18:50:42 | S PLST   @  0 #M  321 #B  208 Q25111 L3
03.02.21 18:50:42 | S PLST   @  0 #M  321 #B  209 Q25111 L3
03.02.21 18:50:42 | S PLST   @  0 #M  321 #B  210 Q25111 L3
03.02.21 18:50:43 | S PLST   @  0 #M  321 #B  211 Q25111 L3
03.02.21 18:50:43 | S PLST   @  0 #M  321 #B  212 Q25111 L3
03.02.21 18:50:43 | S PLST   @  0 #M  321 #B  213 Q25111 L3
03.02.21 18:50:43 | S PLST   @  0 #M  321 #B  214 Q25111 L3
03.02.21 18:50:43 | S PLST   @  0 #M  321 #B  215 Q25111 L3
03.02.21 18:50:43 | S PLST   @  0 #M  321 #B  216 Q25111 L3
03.02.21 18:50:43 | S PLST   @  0 #M  321 #B  217 Q25111 L3
03.02.21 18:50:43 | S PLST   @  0 #M  321 #B  218 Q25111 L3
03.02.21 18:50:43 | S PLST   @  0 #M  321 #B  219 Q25111 L3
03.02.21 18:50:43 | S PLST   @  0 #M  321 #B  220 Q25111 L3
03.02.21 18:50:43 | S PLST   @  0 #M  321 #B  221 Q25111 L3
03.02.21 18:50:43 | S PLST   @  0 #M  321 #B  222 Q25111 L3
03.02.21 18:50:43 | S PLST   @  0 #M  321 #B  223 Q25111 L3
03.02.21 18:50:43 | S PLST   @  0 #M  321 #B  224 Q25111 L3
03.02.21 18:50:43 | S PLST   @  0 #M  321 #B  225 Q25111 L3
03.02.21 18:50:43 | S PLST   @  0 #M  321 #B  226 Q25111 L3
03.02.21 18:50:43 | S PLST   @  0 #M  321 #B  227 Q25111 L3
03.02.21 18:50:43 | S PLST   @  0 #M  321 #B  228 Q25111 L3
03.02.21 18:50:44 | S PLST   @  0 #M  321 #B  229 Q25111 L3
03.02.21 18:50:44 | S PLST   @  0 #M  321 #B  230 Q25111 L3
03.02.21 18:50:44 | S PLST   @  0 #M  321 #B  231 Q25111 L3
03.02.21 18:50:44 | S PLST   @  0 #M  321 #B  232 Q25111 L3
03.02.21 18:50:44 | S PLST   @  0 #M  321 #B  233 Q25111 L3
03.02.21 18:50:44 | S PLST   @  0 #M  321 #B  234 Q25111 L3
03.02.21 18:50:44 | S PLST   @  0 #M  321 #B  235 Q25111 L3
03.02.21 18:50:44 | S PLST   @  0 #M  321 #B  236 Q25111 L3
03.02.21 18:50:44 | S PLST   @  0 #M  321 #B  237 Q25111 L3
03.02.21 18:50:44 | S PLST   @  0 #M  321 #B  238 Q25111 L3
03.02.21 18:50:44 | S PLST   @  0 #M  321 #B  239 Q25111 L3
03.02.21 18:50:44 | S PLST   @  0 #M  321 #B  240 Q25111 L3
03.02.21 18:50:44 | S PLST   @  0 #M  321 #B  242 Q25111 L3
03.02.21 18:50:44 | S PLST   @  0 #M  321 #B  243 Q25111 L3
03.02.21 18:50:44 | S PLST   @  0 #M  321 #B  244 Q25111 L3
03.02.21 18:50:44 | S PLST   @  0 #M  321 #B  245 Q25111 L3
03.02.21 18:50:44 | S PLST   @  0 #M  321 #B  246 Q25111 L3
03.02.21 18:50:44 | S PLST   @  0 #M  321 #B  247 Q25111 L3
03.02.21 18:50:45 | S PLST   @  0 #M  321 #B  248 Q25111 L3
03.02.21 18:50:45 | S PLST   @  0 #M  321 #B  249 Q25111 L3
03.02.21 18:50:45 | S PLST   @  0 #M  321 #B  250 Q25111 L3
03.02.21 18:50:45 | S PLST   @  0 #M  321 #B  252 Q25111 L3
03.02.21 18:50:45 | S PLST   @  0 #M  321 #B  253 Q25111 L3
03.02.21 18:50:45 | S PLST   @  0 #M  321 #B  254 Q25111 L3
03.02.21 18:50:45 | S PLST   @  0 #M  321 #B  255 Q25111 L3
03.02.21 18:50:45 | S PLST   @  0 #M  321 #B  256 Q25111 L3
03.02.21 18:50:45 | S PLST   @  0 #M  321 #B  257 Q25111 L3
03.02.21 18:50:45 | S PLST   @  0 #M  321 #B  258 Q25111 L3
03.02.21 18:50:45 | S PLST   @  0 #M  321 #B  259 Q25111 L3
03.02.21 18:50:45 | S PLST   @  0 #M  321 #B  260 Q25111 L3
03.02.21 18:50:45 | S PLST   @  0 #M  321 #B  261 Q25111 L3
03.02.21 18:50:45 | S PLST   @  0 #M  321 #B  262 Q25111 L3
03.02.21 18:50:45 | S PLST   @  0 #M  321 #B  263 Q25111 L3
03.02.21 18:50:45 | S PLST   @  0 #M  321 #B  264 Q25111 L3
03.02.21 18:50:46 | S PLST   @  0 #M  321 #B  266 Q25111 L3
03.02.21 18:50:46 | S PLST   @  0 #M  321 #B  267 Q25111 L3
03.02.21 18:50:46 | S PLST   @  0 #M  321 #B  268 Q25111 L3
03.02.21 18:50:46 | S PLST   @  0 #M  321 #B  269 Q25111 L3
03.02.21 18:50:46 | S PLST   @  0 #M  321 #B  270 Q25111 L3
03.02.21 18:50:46 | S PLST   @  0 #M  321 #B  271 Q25111 L3
03.02.21 18:50:46 | S PLST   @  0 #M  321 #B  273 Q25111 L3
03.02.21 18:50:46 | S PLST   @  0 #M  321 #B  274 Q25111 L3
03.02.21 18:50:46 | S PLST   @  0 #M  321 #B  275 Q25111 L3
03.02.21 18:50:46 | S PLST   @  0 #M  321 #B  276 Q25111 L3
03.02.21 18:50:46 | S PLST   @  0 #M  321 #B  277 Q25111 L3
03.02.21 18:50:46 | S PLST   @  0 #M  321 #B  278 Q25111 L3
03.02.21 18:50:46 | S PLST   @  0 #M  321 #B  279 Q25111 L3
03.02.21 18:50:47 | S PLST   @  0 #M  321 #B  281 Q25111 L3
03.02.21 18:50:47 | S PLST   @  0 #M  321 #B  284 Q25111 L3
03.02.21 18:50:47 | S PLST   @  0 #M  321 #B  285 Q25111 L3
03.02.21 18:50:47 | S PLST   @  0 #M  321 #B  286 Q25111 L3
03.02.21 18:50:47 | S PLST   @  0 #M  321 #B  287 Q25111 L3
03.02.21 18:50:47 | S PLST   @  0 #M  321 #B  288 Q25111 L3
03.02.21 18:50:47 | S PLST   @  0 #M  321 #B  289 Q25111 L3
03.02.21 18:50:47 | S PLST   @  0 #M  321 #B  290 Q25111 L3
03.02.21 18:50:47 | S PLST   @  0 #M  321 #B  291 Q25111 L3
03.02.21 18:50:47 | S PLST   @  0 #M  321 #B  292 Q25111 L3
03.02.21 18:50:47 | S PLST   @  0 #M  321 #B  293 Q25111 L3
03.02.21 18:50:47 | S PLST   @  0 #M  321 #B  294 Q25111 L3
03.02.21 18:50:47 | S PLST   @  0 #M  321 #B  295 Q25111 L3
03.02.21 18:50:47 | S PLST   @  0 #M  321 #B  296 Q25111 L3
03.02.21 18:50:47 | S PLST   @  0 #M  321 #B  297 Q25111 L3
03.02.21 18:50:47 | S PLST   @  0 #M  321 #B  298 Q25111 L3
03.02.21 18:50:47 | S PLST   @  0 #M  321 #B  299 Q25111 L3
03.02.21 18:50:48 | S PLST   @  0 #M  321 #B  300 Q25111 L3
03.02.21 18:50:48 | S PLST   @  0 #M  321 #B  301 Q25111 L3
03.02.21 18:50:48 | S PLST   @  0 #M  321 #B  302 Q25111 L3
03.02.21 18:50:48 | S PLST   @  0 #M  321 #B  303 Q25111 L3
03.02.21 18:50:48 | S PLST   @  0 #M  321 #B  304 Q25111 L3
03.02.21 18:50:48 | S PLST   @  0 #M  321 #B  305 Q25111 L3
03.02.21 18:50:48 | S PLST   @  0 #M  321 #B  306 Q25111 L3
03.02.21 18:50:48 | S PLST   @  0 #M  321 #B  307 Q25111 L3
03.02.21 18:50:48 | S PLST   @  0 #M  321 #B  308 Q25111 L3
03.02.21 18:50:48 | S PLST   @  0 #M  321 #B  309 Q25111 L3
03.02.21 18:50:48 | S PLST   @  0 #M  321 #B  310 Q25111 L3
03.02.21 18:50:48 | S PLST   @  0 #M  321 #B  311 Q25111 L3
03.02.21 18:50:48 | S PLST   @  0 #M  321 #B  312 Q25111 L3
03.02.21 18:50:48 | S PLST   @  0 #M  321 #B  313 Q25111 L3
03.02.21 18:50:48 | S PLST   @  0 #M  321 #B  314 Q25111 L3
03.02.21 18:50:48 | S PLST   @  0 #M  321 #B  315 Q25111 L3
03.02.21 18:50:48 | S PLST   @  0 #M  321 #B  316 Q25111 L3
03.02.21 18:50:49 | S PLST   @  0 #M  321 #B  317 Q25111 L3
03.02.21 18:50:49 | S PLST   @  0 #M  321 #B  318 Q25111 L3
03.02.21 18:50:49 | S PLST   @  0 #M  321 #B  319 Q25111 L3
03.02.21 18:50:49 | S PLST   @  0 #M  321 #B  320 Q25111 L3
03.02.21 19:51:13 | 25212 = Fehlercode open Schnittstelle  ABBRUCH            
03.02.21 20:19:06 | 25212 = Fehlercode open Schnittstelle  ABBRUCH            
03.02.21 20:20:49 | S PLST   @  0 #M  322 #B  123 Q25111 L3
03.02.21 20:20:49 | S PLST   @  0 #M  322 #B  124 Q25111 L3
03.02.21 20:20:49 | S PLST   @  0 #M  322 #B  125 Q25111 L3
03.02.21 20:20:49 | S PLST   @  0 #M  322 #B  126 Q25111 L3
03.02.21 20:20:49 | S PLST   @  0 #M  322 #B  127 Q25111 L3
03.02.21 20:20:50 | S PLST   @  0 #M  322 #B  128 Q25111 L3
03.02.21 20:20:50 | S PLST   @  0 #M  322 #B  129 Q25111 L3
03.02.21 20:20:50 | S PLST   @  0 #M  322 #B  130 Q25111 L3
03.02.21 20:20:50 | S PLST   @  0 #M  322 #B  131 Q25111 L3
03.02.21 20:20:50 | S PLST   @  0 #M  322 #B  132 Q25111 L3
03.02.21 20:20:50 | S PLST   @  0 #M  322 #B  133 Q25111 L3
03.02.21 20:20:50 | S PLST   @  0 #M  322 #B  134 Q25111 L3
03.02.21 20:20:50 | S PLST   @  0 #M  322 #B  135 Q25111 L3
03.02.21 20:20:50 | S PLST   @  0 #M  322 #B  136 Q25111 L3
03.02.21 20:20:50 | S PLST   @  0 #M  322 #B  137 Q25111 L3
03.02.21 20:20:50 | S PLST   @  0 #M  322 #B  138 Q25111 L3
03.02.21 20:20:51 | S PLST   @  0 #M  322 #B  139 Q25111 L3
03.02.21 20:20:51 | S PLST   @  0 #M  322 #B  140 Q25111 L3
03.02.21 20:20:51 | S PLST   @  0 #M  322 #B  141 Q25111 L3
03.02.21 20:20:51 | S PLST   @  0 #M  322 #B  142 Q25111 L3
03.02.21 20:20:51 | S PLST   @  0 #M  322 #B  143 Q25111 L3
03.02.21 20:20:51 | S PLST   @  0 #M  322 #B  144 Q25111 L3
03.02.21 20:20:51 | S PLST   @  0 #M  322 #B  145 Q25111 L3
03.02.21 20:20:52 | S PLST   @  0 #M  322 #B  146 Q25111 L3
03.02.21 20:20:52 | S PLST   @  0 #M  322 #B  147 Q25111 L3
03.02.21 20:20:52 | S PLST   @  0 #M  322 #B  148 Q25111 L3
03.02.21 20:20:52 | S PLST   @  0 #M  322 #B  149 Q25111 L3
03.02.21 20:20:52 | S PLST   @  0 #M  322 #B  150 Q25111 L3
03.02.21 20:20:52 | S PLST   @  0 #M  322 #B  151 Q25111 L3
03.02.21 20:20:52 | S PLST   @  0 #M  322 #B  152 Q25111 L3
03.02.21 20:20:52 | S PLST   @  0 #M  322 #B  153 Q25111 L3
03.02.21 20:20:52 | S PLST   @  0 #M  322 #B  154 Q25111 L3
03.02.21 20:20:52 | S PLST   @  0 #M  322 #B  155 Q25111 L3
03.02.21 20:20:52 | S PLST   @  0 #M  322 #B  156 Q25111 L3
03.02.21 20:20:52 | S PLST   @  0 #M  322 #B  157 Q25111 L3
03.02.21 20:20:53 | S PLST   @  0 #M  322 #B  158 Q25111 L3
03.02.21 20:20:53 | S PLST   @  0 #M  322 #B  159 Q25111 L3
03.02.21 20:20:53 | S PLST   @  0 #M  322 #B  160 Q25111 L3
03.02.21 20:20:54 | S PLST   @  0 #M  322 #B  161 Q25111 L3
03.02.21 20:20:54 | S PLST   @  0 #M  322 #B  162 Q25111 L3
03.02.21 20:20:54 | S PLST   @  0 #M  322 #B  163 Q25111 L3
03.02.21 20:20:54 | S PLST   @  0 #M  322 #B  164 Q25111 L3
03.02.21 20:20:54 | S PLST   @  0 #M  322 #B  165 Q25111 L3
03.02.21 20:20:55 | S PLST   @  0 #M  322 #B  166 Q25111 L3
03.02.21 20:20:55 | S PLST   @  0 #M  322 #B  167 Q25111 L3
03.02.21 20:20:55 | S PLST   @  0 #M  322 #B  168 Q25111 L3
03.02.21 20:20:55 | S PLST   @  0 #M  322 #B  169 Q25111 L3
03.02.21 20:20:55 | S PLST   @  0 #M  322 #B  170 Q25111 L3
03.02.21 20:20:55 | S PLST   @  0 #M  322 #B  171 Q25111 L3
03.02.21 20:20:55 | S PLST   @  0 #M  322 #B  172 Q25111 L3
03.02.21 20:20:55 | S PLST   @  0 #M  322 #B  173 Q25111 L3
03.02.21 20:20:55 | S PLST   @  0 #M  322 #B  174 Q25111 L3
03.02.21 20:20:55 | S PLST   @  0 #M  322 #B  175 Q25111 L3
03.02.21 20:20:55 | S PLST   @  0 #M  322 #B  176 Q25111 L3
03.02.21 20:20:56 | S PLST   @  0 #M  322 #B  177 Q25111 L3
03.02.21 20:20:57 | S PLST   @  0 #M  322 #B  183 Q25111 L3
03.02.21 20:20:58 | S PLST   @  0 #M  322 #B  196 Q25111 L3
03.02.21 20:20:59 | S PLST   @  0 #M  322 #B  198 Q25111 L3
03.02.21 20:20:59 | S PLST   @  0 #M  322 #B  203 Q25111 L3
03.02.21 20:21:00 | S PLST   @  0 #M  322 #B  210 Q25111 L3
03.02.21 20:21:00 | S PLST   @  0 #M  322 #B  213 Q25111 L3
03.02.21 20:21:01 | S PLST   @  0 #M  322 #B  223 Q25111 L3
03.02.21 20:21:02 | S PLST   @  0 #M  322 #B  235 Q25111 L3
03.02.21 20:21:03 | S PLST   @  0 #M  322 #B  253 Q25111 L3
03.02.21 20:21:05 | S PLST   @  0 #M  322 #B  271 Q25111 L3
03.02.21 20:21:06 | S PLST   @  0 #M  322 #B  288 Q25111 L3
03.02.21 20:21:06 | S PLST   @  0 #M  322 #B  299 Q25111 L3
03.02.21 20:21:07 | S PLST   @  0 #M  322 #B  303 Q25111 L3
03.02.21 20:21:07 | S PLST   @  0 #M  322 #B  309 Q25111 L3
03.02.21 20:21:07 | S PLST   @  0 #M  322 #B  312 Q25111 L3
03.02.21 20:21:07 | S PLST   @  0 #M  322 #B  313 Q25111 L3
03.02.21 20:25:19 | S PLST   @  0 #M  322 #B  123 Q25111 L3
03.02.21 20:25:19 | S PLST   @  0 #M  322 #B  124 Q25111 L3
03.02.21 20:25:19 | S PLST   @  0 #M  322 #B  125 Q25111 L3
03.02.21 20:25:19 | S PLST   @  0 #M  322 #B  126 Q25111 L3
03.02.21 20:25:19 | S PLST   @  0 #M  322 #B  127 Q25111 L3
03.02.21 20:25:19 | S PLST   @  0 #M  322 #B  128 Q25111 L3
03.02.21 20:25:20 | S PLST   @  0 #M  322 #B  129 Q25111 L3
03.02.21 20:25:20 | S PLST   @  0 #M  322 #B  130 Q25111 L3
03.02.21 20:25:20 | S PLST   @  0 #M  322 #B  131 Q25111 L3
03.02.21 20:25:20 | S PLST   @  0 #M  322 #B  132 Q25111 L3
03.02.21 20:25:20 | S PLST   @  0 #M  322 #B  133 Q25111 L3
03.02.21 20:25:20 | S PLST   @  0 #M  322 #B  134 Q25111 L3
03.02.21 20:25:20 | S PLST   @  0 #M  322 #B  135 Q25111 L3
03.02.21 20:25:20 | S PLST   @  0 #M  322 #B  136 Q25111 L3
03.02.21 20:25:20 | S PLST   @  0 #M  322 #B  137 Q25111 L3
03.02.21 20:25:20 | S PLST   @  0 #M  322 #B  138 Q25111 L3
03.02.21 20:25:20 | S PLST   @  0 #M  322 #B  139 Q25111 L3
03.02.21 20:25:21 | S PLST   @  0 #M  322 #B  140 Q25111 L3
03.02.21 20:25:21 | S PLST   @  0 #M  322 #B  141 Q25111 L3
03.02.21 20:25:21 | S PLST   @  0 #M  322 #B  142 Q25111 L3
03.02.21 20:25:21 | S PLST   @  0 #M  322 #B  143 Q25111 L3
03.02.21 20:25:21 | S PLST   @  0 #M  322 #B  144 Q25111 L3
03.02.21 20:25:21 | S PLST   @  0 #M  322 #B  145 Q25111 L3
03.02.21 20:25:21 | S PLST   @  0 #M  322 #B  146 Q25111 L3
03.02.21 20:25:21 | S PLST   @  0 #M  322 #B  147 Q25111 L3
03.02.21 20:25:21 | S PLST   @  0 #M  322 #B  148 Q25111 L3
03.02.21 20:25:21 | S PLST   @  0 #M  322 #B  149 Q25111 L3
03.02.21 20:25:21 | S PLST   @  0 #M  322 #B  150 Q25111 L3
03.02.21 20:25:21 | S PLST   @  0 #M  322 #B  151 Q25111 L3
03.02.21 20:25:21 | S PLST   @  0 #M  322 #B  152 Q25111 L3
03.02.21 20:25:21 | S PLST   @  0 #M  322 #B  153 Q25111 L3
03.02.21 20:25:21 | S PLST   @  0 #M  322 #B  154 Q25111 L3
03.02.21 20:25:22 | S PLST   @  0 #M  322 #B  155 Q25111 L3
03.02.21 20:25:22 | S PLST   @  0 #M  322 #B  156 Q25111 L3
03.02.21 20:25:22 | S PLST   @  0 #M  322 #B  157 Q25111 L3
03.02.21 20:25:22 | S PLST   @  0 #M  322 #B  158 Q25111 L3
03.02.21 20:25:22 | S PLST   @  0 #M  322 #B  159 Q25111 L3
03.02.21 20:25:22 | S PLST   @  0 #M  322 #B  160 Q25111 L3
03.02.21 20:25:22 | S PLST   @  0 #M  322 #B  161 Q25111 L3
03.02.21 20:25:22 | S PLST   @  0 #M  322 #B  162 Q25111 L3
03.02.21 20:25:22 | S PLST   @  0 #M  322 #B  163 Q25111 L3
03.02.21 20:25:22 | S PLST   @  0 #M  322 #B  164 Q25111 L3
03.02.21 20:25:22 | S PLST   @  0 #M  322 #B  165 Q25111 L3
03.02.21 20:25:23 | S PLST   @  0 #M  322 #B  166 Q25111 L3
03.02.21 20:25:23 | S PLST   @  0 #M  322 #B  167 Q25111 L3
03.02.21 20:25:23 | S PLST   @  0 #M  322 #B  168 Q25111 L3
03.02.21 20:25:23 | S PLST   @  0 #M  322 #B  169 Q25111 L3
03.02.21 20:25:23 | S PLST   @  0 #M  322 #B  170 Q25111 L3
03.02.21 20:25:23 | S PLST   @  0 #M  322 #B  171 Q25111 L3
03.02.21 20:25:23 | S PLST   @  0 #M  322 #B  172 Q25111 L3
03.02.21 20:25:23 | S PLST   @  0 #M  322 #B  173 Q25111 L3
03.02.21 20:25:23 | S PLST   @  0 #M  322 #B  174 Q25111 L3
03.02.21 20:25:23 | S PLST   @  0 #M  322 #B  175 Q25111 L3
03.02.21 20:25:23 | S PLST   @  0 #M  322 #B  176 Q25111 L3
03.02.21 20:25:23 | S PLST   @  0 #M  322 #B  177 Q25111 L3
03.02.21 20:25:24 | S PLST   @  0 #M  322 #B  183 Q25111 L3
03.02.21 20:25:25 | S PLST   @  0 #M  322 #B  196 Q25111 L3
03.02.21 20:25:25 | S PLST   @  0 #M  322 #B  198 Q25111 L3
03.02.21 20:25:25 | S PLST   @  0 #M  322 #B  203 Q25111 L3
03.02.21 20:25:26 | S PLST   @  0 #M  322 #B  210 Q25111 L3
03.02.21 20:25:26 | S PLST   @  0 #M  322 #B  213 Q25111 L3
03.02.21 20:25:30 | S PLST   @  0 #M  322 #B  223 Q25111 L3
03.02.21 20:25:36 | S PLST   @  0 #M  322 #B  235 Q25111 L3
03.02.21 20:25:37 | S PLST   @  0 #M  322 #B  253 Q25111 L3
03.02.21 20:25:38 | S PLST   @  0 #M  322 #B  271 Q25111 L3
03.02.21 20:25:39 | S PLST   @  0 #M  322 #B  288 Q25111 L3
03.02.21 20:25:40 | S PLST   @  0 #M  322 #B  299 Q25111 L3
03.02.21 20:25:40 | S PLST   @  0 #M  322 #B  303 Q25111 L3
03.02.21 20:25:40 | S PLST   @  0 #M  322 #B  309 Q25111 L3
03.02.21 20:25:41 | S PLST   @  0 #M  322 #B  312 Q25111 L3
03.02.21 20:25:41 | S PLST   @  0 #M  322 #B  313 Q25111 L3
03.02.21 20:32:37 | S PLST   @  0 #M  322 #B  123 Q25111 L3
03.02.21 20:32:37 | S PLST   @  0 #M  322 #B  124 Q25111 L3
03.02.21 20:32:37 | S PLST   @  0 #M  322 #B  125 Q25111 L3
03.02.21 20:32:37 | S PLST   @  0 #M  322 #B  126 Q25111 L3
03.02.21 20:32:37 | S PLST   @  0 #M  322 #B  127 Q25111 L3
03.02.21 20:32:37 | S PLST   @  0 #M  322 #B  128 Q25111 L3
03.02.21 20:32:37 | S PLST   @  0 #M  322 #B  129 Q25111 L3
03.02.21 20:32:37 | S PLST   @  0 #M  322 #B  130 Q25111 L3
03.02.21 20:32:37 | S PLST   @  0 #M  322 #B  131 Q25111 L3
03.02.21 20:32:37 | S PLST   @  0 #M  322 #B  132 Q25111 L3
03.02.21 20:32:37 | S PLST   @  0 #M  322 #B  133 Q25111 L3
03.02.21 20:32:37 | S PLST   @  0 #M  322 #B  134 Q25111 L3
03.02.21 20:32:38 | S PLST   @  0 #M  322 #B  135 Q25111 L3
03.02.21 20:32:38 | S PLST   @  0 #M  322 #B  136 Q25111 L3
03.02.21 20:32:38 | S PLST   @  0 #M  322 #B  137 Q25111 L3
03.02.21 20:32:38 | S PLST   @  0 #M  322 #B  138 Q25111 L3
03.02.21 20:32:38 | S PLST   @  0 #M  322 #B  139 Q25111 L3
03.02.21 20:32:38 | S PLST   @  0 #M  322 #B  140 Q25111 L3
03.02.21 20:32:38 | S PLST   @  0 #M  322 #B  141 Q25111 L3
03.02.21 20:32:38 | S PLST   @  0 #M  322 #B  142 Q25111 L3
03.02.21 20:32:38 | S PLST   @  0 #M  322 #B  143 Q25111 L3
03.02.21 20:32:38 | S PLST   @  0 #M  322 #B  144 Q25111 L3
03.02.21 20:32:38 | S PLST   @  0 #M  322 #B  145 Q25111 L3
03.02.21 20:32:38 | S PLST   @  0 #M  322 #B  146 Q25111 L3
03.02.21 20:32:38 | S PLST   @  0 #M  322 #B  147 Q25111 L3
03.02.21 20:32:38 | S PLST   @  0 #M  322 #B  148 Q25111 L3
03.02.21 20:32:38 | S PLST   @  0 #M  322 #B  149 Q25111 L3
03.02.21 20:32:38 | S PLST   @  0 #M  322 #B  150 Q25111 L3
03.02.21 20:32:38 | S PLST   @  0 #M  322 #B  151 Q25111 L3
03.02.21 20:32:38 | S PLST   @  0 #M  322 #B  152 Q25111 L3
03.02.21 20:32:38 | S PLST   @  0 #M  322 #B  153 Q25111 L3
03.02.21 20:32:38 | S PLST   @  0 #M  322 #B  154 Q25111 L3
03.02.21 20:32:38 | S PLST   @  0 #M  322 #B  155 Q25111 L3
03.02.21 20:32:39 | S PLST   @  0 #M  322 #B  156 Q25111 L3
03.02.21 20:32:39 | S PLST   @  0 #M  322 #B  157 Q25111 L3
03.02.21 20:32:39 | S PLST   @  0 #M  322 #B  158 Q25111 L3
03.02.21 20:32:39 | S PLST   @  0 #M  322 #B  159 Q25111 L3
03.02.21 20:32:39 | S PLST   @  0 #M  322 #B  160 Q25111 L3
03.02.21 20:32:39 | S PLST   @  0 #M  322 #B  161 Q25111 L3
03.02.21 20:32:39 | S PLST   @  0 #M  322 #B  162 Q25111 L3
03.02.21 20:32:39 | S PLST   @  0 #M  322 #B  163 Q25111 L3
03.02.21 20:32:39 | S PLST   @  0 #M  322 #B  164 Q25111 L3
03.02.21 20:32:39 | S PLST   @  0 #M  322 #B  165 Q25111 L3
03.02.21 20:32:39 | S PLST   @  0 #M  322 #B  166 Q25111 L3
03.02.21 20:32:39 | S PLST   @  0 #M  322 #B  167 Q25111 L3
03.02.21 20:32:39 | S PLST   @  0 #M  322 #B  168 Q25111 L3
03.02.21 20:32:39 | S PLST   @  0 #M  322 #B  169 Q25111 L3
03.02.21 20:32:39 | S PLST   @  0 #M  322 #B  170 Q25111 L3
03.02.21 20:32:39 | S PLST   @  0 #M  322 #B  171 Q25111 L3
03.02.21 20:32:39 | S PLST   @  0 #M  322 #B  172 Q25111 L3
03.02.21 20:32:39 | S PLST   @  0 #M  322 #B  173 Q25111 L3
03.02.21 20:32:39 | S PLST   @  0 #M  322 #B  174 Q25111 L3
03.02.21 20:32:39 | S PLST   @  0 #M  322 #B  175 Q25111 L3
03.02.21 20:32:40 | S PLST   @  0 #M  322 #B  176 Q25111 L3
03.02.21 20:32:40 | S PLST   @  0 #M  322 #B  177 Q25111 L3
03.02.21 20:32:40 | S PLST   @  0 #M  322 #B  183 Q25111 L3
03.02.21 20:32:41 | S PLST   @  0 #M  322 #B  196 Q25111 L3
03.02.21 20:32:41 | S PLST   @  0 #M  322 #B  198 Q25111 L3
03.02.21 20:32:41 | S PLST   @  0 #M  322 #B  203 Q25111 L3
03.02.21 20:32:41 | S PLST   @  0 #M  322 #B  210 Q25111 L3
03.02.21 20:32:41 | S PLST   @  0 #M  322 #B  213 Q25111 L3
03.02.21 20:32:42 | S PLST   @  0 #M  322 #B  223 Q25111 L3
03.02.21 20:32:43 | S PLST   @  0 #M  322 #B  235 Q25111 L3
03.02.21 20:32:43 | S PLST   @  0 #M  322 #B  253 Q25111 L3
03.02.21 20:32:44 | S PLST   @  0 #M  322 #B  271 Q25111 L3
03.02.21 20:32:45 | S PLST   @  0 #M  322 #B  288 Q25111 L3
03.02.21 20:32:46 | S PLST   @  0 #M  322 #B  299 Q25111 L3
03.02.21 20:32:46 | S PLST   @  0 #M  322 #B  303 Q25111 L3
03.02.21 20:32:46 | S PLST   @  0 #M  322 #B  309 Q25111 L3
03.02.21 20:32:46 | S PLST   @  0 #M  322 #B  312 Q25111 L3
03.02.21 20:32:46 | S PLST   @  0 #M  322 #B  313 Q25111 L3
03.02.21 20:37:25 | S PLST   @  0 #M  322 #B  123 Q25111 L3
03.02.21 20:37:25 | S PLST   @  0 #M  322 #B  124 Q25111 L3
03.02.21 20:37:25 | S PLST   @  0 #M  322 #B  125 Q25111 L3
03.02.21 20:37:25 | S PLST   @  0 #M  322 #B  126 Q25111 L3
03.02.21 20:37:25 | S PLST   @  0 #M  322 #B  127 Q25111 L3
03.02.21 20:37:25 | S PLST   @  0 #M  322 #B  128 Q25111 L3
03.02.21 20:37:25 | S PLST   @  0 #M  322 #B  129 Q25111 L3
03.02.21 20:37:26 | S PLST   @  0 #M  322 #B  130 Q25111 L3
03.02.21 20:37:26 | S PLST   @  0 #M  322 #B  131 Q25111 L3
03.02.21 20:37:26 | S PLST   @  0 #M  322 #B  132 Q25111 L3
03.02.21 20:37:26 | S PLST   @  0 #M  322 #B  133 Q25111 L3
03.02.21 20:37:26 | S PLST   @  0 #M  322 #B  134 Q25111 L3
03.02.21 20:37:26 | S PLST   @  0 #M  322 #B  135 Q25111 L3
03.02.21 20:37:26 | S PLST   @  0 #M  322 #B  136 Q25111 L3
03.02.21 20:37:27 | S PLST   @  0 #M  322 #B  137 Q25111 L3
03.02.21 20:37:45 | S PLST   @  0 #M  322 #B  138 Q25111 L3
03.02.21 20:37:45 | S PLST   @  0 #M  322 #B  139 Q25111 L3
03.02.21 20:37:45 | S PLST   @  0 #M  322 #B  140 Q25111 L3
03.02.21 20:37:46 | S PLST   @  0 #M  322 #B  141 Q25111 L3
03.02.21 20:37:46 | S PLST   @  0 #M  322 #B  142 Q25111 L3
03.02.21 20:37:46 | S PLST   @  0 #M  322 #B  143 Q25111 L3
03.02.21 20:37:46 | S PLST   @  0 #M  322 #B  144 Q25111 L3
03.02.21 20:37:46 | S PLST   @  0 #M  322 #B  145 Q25111 L3
03.02.21 20:37:46 | S PLST   @  0 #M  322 #B  146 Q25111 L3
03.02.21 20:37:46 | S PLST   @  0 #M  322 #B  147 Q25111 L3
03.02.21 20:37:46 | S PLST   @  0 #M  322 #B  148 Q25111 L3
03.02.21 20:37:46 | S PLST   @  0 #M  322 #B  149 Q25111 L3
03.02.21 20:37:46 | S PLST   @  0 #M  322 #B  150 Q25111 L3
03.02.21 20:37:46 | S PLST   @  0 #M  322 #B  151 Q25111 L3
03.02.21 20:37:46 | S PLST   @  0 #M  322 #B  152 Q25111 L3
03.02.21 20:37:46 | S PLST   @  0 #M  322 #B  153 Q25111 L3
03.02.21 20:37:46 | S PLST   @  0 #M  322 #B  154 Q25111 L3
03.02.21 20:37:47 | S PLST   @  0 #M  322 #B  155 Q25111 L3
03.02.21 20:37:47 | S PLST   @  0 #M  322 #B  156 Q25111 L3
03.02.21 20:37:47 | S PLST   @  0 #M  322 #B  157 Q25111 L3
03.02.21 20:37:47 | S PLST   @  0 #M  322 #B  158 Q25111 L3
03.02.21 20:37:47 | S PLST   @  0 #M  322 #B  159 Q25111 L3
03.02.21 20:37:48 | S PLST   @  0 #M  322 #B  160 Q25111 L3
03.02.21 20:37:48 | S PLST   @  0 #M  322 #B  161 Q25111 L3
03.02.21 20:37:48 | S PLST   @  0 #M  322 #B  162 Q25111 L3
03.02.21 20:37:48 | S PLST   @  0 #M  322 #B  163 Q25111 L3
03.02.21 20:37:48 | S PLST   @  0 #M  322 #B  164 Q25111 L3
03.02.21 20:37:48 | S PLST   @  0 #M  322 #B  165 Q25111 L3
03.02.21 20:37:48 | S PLST   @  0 #M  322 #B  166 Q25111 L3
03.02.21 20:37:48 | S PLST   @  0 #M  322 #B  167 Q25111 L3
03.02.21 20:37:48 | S PLST   @  0 #M  322 #B  168 Q25111 L3
03.02.21 20:37:48 | S PLST   @  0 #M  322 #B  169 Q25111 L3
03.02.21 20:37:48 | S PLST   @  0 #M  322 #B  170 Q25111 L3
03.02.21 20:37:48 | S PLST   @  0 #M  322 #B  171 Q25111 L3
03.02.21 20:37:48 | S PLST   @  0 #M  322 #B  172 Q25111 L3
03.02.21 20:37:48 | S PLST   @  0 #M  322 #B  173 Q25111 L3
03.02.21 20:37:48 | S PLST   @  0 #M  322 #B  174 Q25111 L3
03.02.21 20:37:49 | S PLST   @  0 #M  322 #B  175 Q25111 L3
03.02.21 20:37:49 | S PLST   @  0 #M  322 #B  176 Q25111 L3
03.02.21 20:37:49 | S PLST   @  0 #M  322 #B  177 Q25111 L3
03.02.21 20:37:49 | S PLST   @  0 #M  322 #B  183 Q25111 L3
03.02.21 20:37:52 | S PLST   @  0 #M  322 #B  196 Q25111 L3
03.02.21 20:37:52 | S PLST   @  0 #M  322 #B  198 Q25111 L3
03.02.21 20:37:53 | S PLST   @  0 #M  322 #B  203 Q25111 L3
03.02.21 20:37:54 | S PLST   @  0 #M  322 #B  210 Q25111 L3
03.02.21 20:38:12 | S PLST   @  0 #M  322 #B  213 Q25111 L3
03.02.21 20:38:13 | S PLST   @  0 #M  322 #B  223 Q25111 L3
03.02.21 20:38:14 | S PLST   @  0 #M  322 #B  235 Q25111 L3
03.02.21 20:38:15 | S PLST   @  0 #M  322 #B  253 Q25111 L3
03.02.21 20:38:16 | S PLST   @  0 #M  322 #B  271 Q25111 L3
03.02.21 20:38:17 | S PLST   @  0 #M  322 #B  288 Q25111 L3
03.02.21 20:38:18 | S PLST   @  0 #M  322 #B  299 Q25111 L3
03.02.21 20:38:18 | S PLST   @  0 #M  322 #B  303 Q25111 L3
03.02.21 20:38:19 | S PLST   @  0 #M  322 #B  309 Q25111 L3
03.02.21 20:38:19 | S PLST   @  0 #M  322 #B  312 Q25111 L3
03.02.21 20:38:19 | S PLST   @  0 #M  322 #B  313 Q25111 L3
04.02.21 11:11:04 | S PLST   @  0 #M  321 #B  178 Q25111 L3
04.02.21 11:11:04 | S PLST   @  0 #M  321 #B  179 Q25111 L3
04.02.21 11:11:04 | S PLST   @  0 #M  321 #B  180 Q25111 L3
04.02.21 11:11:04 | S PLST   @  0 #M  321 #B  181 Q25111 L3
04.02.21 11:11:05 | S PLST   @  0 #M  321 #B  182 Q25111 L3
04.02.21 11:11:05 | S PLST   @  0 #M  321 #B  183 Q25111 L3
04.02.21 11:11:05 | S PLST   @  0 #M  321 #B  184 Q25111 L3
04.02.21 11:11:05 | S PLST   @  0 #M  321 #B  185 Q25111 L3
04.02.21 11:11:05 | S PLST   @  0 #M  321 #B  186 Q25111 L3
04.02.21 11:11:05 | S PLST   @  0 #M  321 #B  187 Q25111 L3
04.02.21 11:11:05 | S PLST   @  0 #M  321 #B  188 Q25111 L3
04.02.21 11:11:05 | S PLST   @  0 #M  321 #B  189 Q25111 L3
04.02.21 11:11:05 | S PLST   @  0 #M  321 #B  190 Q25111 L3
04.02.21 11:11:05 | S PLST   @  0 #M  321 #B  191 Q25111 L3
04.02.21 11:11:05 | S PLST   @  0 #M  321 #B  192 Q25111 L3
04.02.21 11:11:05 | S PLST   @  0 #M  321 #B  193 Q25111 L3
04.02.21 11:11:05 | S PLST   @  0 #M  321 #B  194 Q25111 L3
04.02.21 11:11:05 | S PLST   @  0 #M  321 #B  195 Q25111 L3
04.02.21 11:11:05 | S PLST   @  0 #M  321 #B  196 Q25111 L3
04.02.21 11:11:05 | S PLST   @  0 #M  321 #B  197 Q25111 L3
04.02.21 11:11:05 | S PLST   @  0 #M  321 #B  198 Q25111 L3
04.02.21 11:11:05 | S PLST   @  0 #M  321 #B  199 Q25111 L3
04.02.21 11:11:06 | S PLST   @  0 #M  321 #B  200 Q25111 L3
04.02.21 11:11:06 | S PLST   @  0 #M  321 #B  201 Q25111 L3
04.02.21 11:11:06 | S PLST   @  0 #M  321 #B  202 Q25111 L3
04.02.21 11:11:06 | S PLST   @  0 #M  321 #B  203 Q25111 L3
04.02.21 11:11:06 | S PLST   @  0 #M  321 #B  204 Q25111 L3
04.02.21 11:11:06 | S PLST   @  0 #M  321 #B  205 Q25111 L3
04.02.21 11:11:06 | S PLST   @  0 #M  321 #B  206 Q25111 L3
04.02.21 11:11:06 | S PLST   @  0 #M  321 #B  207 Q25111 L3
04.02.21 11:11:06 | S PLST   @  0 #M  321 #B  208 Q25111 L3
04.02.21 11:11:06 | S PLST   @  0 #M  321 #B  209 Q25111 L3
04.02.21 11:11:06 | S PLST   @  0 #M  321 #B  210 Q25111 L3
04.02.21 11:11:06 | S PLST   @  0 #M  321 #B  211 Q25111 L3
04.02.21 11:11:06 | S PLST   @  0 #M  321 #B  212 Q25111 L3
04.02.21 11:11:06 | S PLST   @  0 #M  321 #B  213 Q25111 L3
04.02.21 11:11:06 | S PLST   @  0 #M  321 #B  214 Q25111 L3
04.02.21 11:11:06 | S PLST   @  0 #M  321 #B  215 Q25111 L3
04.02.21 11:11:06 | S PLST   @  0 #M  321 #B  216 Q25111 L3
04.02.21 11:11:06 | S PLST   @  0 #M  321 #B  217 Q25111 L3
04.02.21 11:11:06 | S PLST   @  0 #M  321 #B  218 Q25111 L3
04.02.21 11:11:06 | S PLST   @  0 #M  321 #B  219 Q25111 L3
04.02.21 11:11:07 | S PLST   @  0 #M  321 #B  220 Q25111 L3
04.02.21 11:11:07 | S PLST   @  0 #M  321 #B  221 Q25111 L3
04.02.21 11:11:07 | S PLST   @  0 #M  321 #B  222 Q25111 L3
04.02.21 11:11:07 | S PLST   @  0 #M  321 #B  223 Q25111 L3
04.02.21 11:11:07 | S PLST   @  0 #M  321 #B  224 Q25111 L3
04.02.21 11:11:07 | S PLST   @  0 #M  321 #B  225 Q25111 L3
04.02.21 11:11:07 | S PLST   @  0 #M  321 #B  226 Q25111 L3
04.02.21 11:11:07 | S PLST   @  0 #M  321 #B  227 Q25111 L3
04.02.21 11:11:07 | S PLST   @  0 #M  321 #B  228 Q25111 L3
04.02.21 11:11:07 | S PLST   @  0 #M  321 #B  229 Q25111 L3
04.02.21 11:11:07 | S PLST   @  0 #M  321 #B  230 Q25111 L3
04.02.21 11:11:07 | S PLST   @  0 #M  321 #B  231 Q25111 L3
04.02.21 11:11:08 | S PLST   @  0 #M  321 #B  232 Q25111 L3
04.02.21 11:11:08 | S PLST   @  0 #M  321 #B  233 Q25111 L3
04.02.21 11:11:08 | S PLST   @  0 #M  321 #B  234 Q25111 L3
04.02.21 11:11:08 | S PLST   @  0 #M  321 #B  235 Q25111 L3
04.02.21 11:11:08 | S PLST   @  0 #M  321 #B  236 Q25111 L3
04.02.21 11:11:08 | S PLST   @  0 #M  321 #B  237 Q25111 L3
04.02.21 11:11:08 | S PLST   @  0 #M  321 #B  238 Q25111 L3
04.02.21 11:11:08 | S PLST   @  0 #M  321 #B  239 Q25111 L3
04.02.21 11:11:08 | S PLST   @  0 #M  321 #B  240 Q25111 L3
04.02.21 11:11:08 | S PLST   @  0 #M  321 #B  241 Q25111 L3
04.02.21 11:11:08 | S PLST   @  0 #M  321 #B  242 Q25111 L3
04.02.21 11:11:08 | S PLST   @  0 #M  321 #B  243 Q25111 L3
04.02.21 11:11:08 | S PLST   @  0 #M  321 #B  244 Q25111 L3
04.02.21 11:11:08 | S PLST   @  0 #M  321 #B  245 Q25111 L3
04.02.21 11:11:08 | S PLST   @  0 #M  321 #B  246 Q25111 L3
04.02.21 11:11:08 | S PLST   @  0 #M  321 #B  247 Q25111 L3
04.02.21 11:11:08 | S PLST   @  0 #M  321 #B  248 Q25111 L3
04.02.21 11:11:08 | S PLST   @  0 #M  321 #B  249 Q25111 L3
04.02.21 11:11:09 | S PLST   @  0 #M  321 #B  250 Q25111 L3
04.02.21 11:11:09 | S PLST   @  0 #M  321 #B  251 Q25111 L3
04.02.21 11:11:09 | S PLST   @  0 #M  321 #B  252 Q25111 L3
04.02.21 11:11:09 | S PLST   @  0 #M  321 #B  253 Q25111 L3
04.02.21 11:11:09 | S PLST   @  0 #M  321 #B  254 Q25111 L3
04.02.21 11:11:09 | S PLST   @  0 #M  321 #B  255 Q25111 L3
04.02.21 11:11:09 | S PLST   @  0 #M  321 #B  256 Q25111 L3
04.02.21 11:11:09 | S PLST   @  0 #M  321 #B  257 Q25111 L3
04.02.21 11:11:09 | S PLST   @  0 #M  321 #B  258 Q25111 L3
04.02.21 11:11:09 | S PLST   @  0 #M  321 #B  259 Q25111 L3
04.02.21 11:11:09 | S PLST   @  0 #M  321 #B  260 Q25111 L3
04.02.21 11:11:09 | S PLST   @  0 #M  321 #B  261 Q25111 L3
04.02.21 11:11:09 | S PLST   @  0 #M  321 #B  262 Q25111 L3
04.02.21 11:11:09 | S PLST   @  0 #M  321 #B  263 Q25111 L3
04.02.21 11:11:09 | S PLST   @  0 #M  321 #B  264 Q25111 L3
04.02.21 11:11:09 | S PLST   @  0 #M  321 #B  265 Q25111 L3
04.02.21 11:11:09 | S PLST   @  0 #M  321 #B  266 Q25111 L3
04.02.21 11:11:09 | S PLST   @  0 #M  321 #B  267 Q25111 L3
04.02.21 11:11:09 | S PLST   @  0 #M  321 #B  268 Q25111 L3
04.02.21 11:11:10 | S PLST   @  0 #M  321 #B  269 Q25111 L3
04.02.21 11:11:10 | S PLST   @  0 #M  321 #B  270 Q25111 L3
04.02.21 11:11:10 | S PLST   @  0 #M  321 #B  271 Q25111 L3
04.02.21 11:11:10 | S PLST   @  0 #M  321 #B  272 Q25111 L3
04.02.21 11:11:10 | S PLST   @  0 #M  321 #B  273 Q25111 L3
04.02.21 11:11:10 | S PLST   @  0 #M  321 #B  274 Q25111 L3
04.02.21 11:11:10 | S PLST   @  0 #M  321 #B  275 Q25111 L3
04.02.21 11:11:10 | S PLST   @  0 #M  321 #B  276 Q25111 L3
04.02.21 11:11:10 | S PLST   @  0 #M  321 #B  277 Q25111 L3
04.02.21 11:11:10 | S PLST   @  0 #M  321 #B  278 Q25111 L3
04.02.21 11:11:10 | S PLST   @  0 #M  321 #B  279 Q25111 L3
04.02.21 11:11:10 | S PLST   @  0 #M  321 #B  280 Q25111 L3
04.02.21 11:11:10 | S PLST   @  0 #M  321 #B  281 Q25111 L3
04.02.21 11:11:10 | S PLST   @  0 #M  321 #B  282 Q25111 L3
04.02.21 11:11:10 | S PLST   @  0 #M  321 #B  283 Q25111 L3
04.02.21 11:11:10 | S PLST   @  0 #M  321 #B  284 Q25111 L3
04.02.21 11:11:10 | S PLST   @  0 #M  321 #B  285 Q25111 L3
04.02.21 11:11:11 | S PLST   @  0 #M  321 #B  286 Q25111 L3
04.02.21 11:11:11 | S PLST   @  0 #M  321 #B  287 Q25111 L3
04.02.21 11:11:11 | S PLST   @  0 #M  321 #B  288 Q25111 L3
04.02.21 11:11:11 | S PLST   @  0 #M  321 #B  289 Q25111 L3
04.02.21 11:11:11 | S PLST   @  0 #M  321 #B  290 Q25111 L3
04.02.21 11:11:11 | S PLST   @  0 #M  321 #B  291 Q25111 L3
04.02.21 11:11:11 | S PLST   @  0 #M  321 #B  292 Q25111 L3
04.02.21 11:11:11 | S PLST   @  0 #M  321 #B  293 Q25111 L3
04.02.21 11:11:11 | S PLST   @  0 #M  321 #B  294 Q25111 L3
04.02.21 11:11:11 | S PLST   @  0 #M  321 #B  295 Q25111 L3
04.02.21 11:11:11 | S PLST   @  0 #M  321 #B  296 Q25111 L3
04.02.21 11:11:11 | S PLST   @  0 #M  321 #B  297 Q25111 L3
04.02.21 11:11:11 | S PLST   @  0 #M  321 #B  298 Q25111 L3
04.02.21 11:11:11 | S PLST   @  0 #M  321 #B  299 Q25111 L3
04.02.21 11:11:11 | S PLST   @  0 #M  321 #B  300 Q25111 L3
04.02.21 11:11:11 | S PLST   @  0 #M  321 #B  301 Q25111 L3
04.02.21 11:11:11 | S PLST   @  0 #M  321 #B  302 Q25111 L3
04.02.21 11:11:11 | S PLST   @  0 #M  321 #B  303 Q25111 L3
04.02.21 11:11:12 | S PLST   @  0 #M  321 #B  304 Q25111 L3
04.02.21 11:11:12 | S PLST   @  0 #M  321 #B  305 Q25111 L3
04.02.21 11:11:12 | S PLST   @  0 #M  321 #B  306 Q25111 L3
04.02.21 11:11:12 | S PLST   @  0 #M  321 #B  307 Q25111 L3
04.02.21 11:11:12 | S PLST   @  0 #M  321 #B  308 Q25111 L3
04.02.21 11:11:12 | S PLST   @  0 #M  321 #B  309 Q25111 L3
04.02.21 11:11:12 | S PLST   @  0 #M  321 #B  310 Q25111 L3
04.02.21 11:11:12 | S PLST   @  0 #M  321 #B  311 Q25111 L3
04.02.21 11:11:12 | S PLST   @  0 #M  321 #B  312 Q25111 L3
04.02.21 11:11:12 | S PLST   @  0 #M  321 #B  313 Q25111 L3
04.02.21 11:11:12 | S PLST   @  0 #M  321 #B  314 Q25111 L3
04.02.21 11:11:12 | S PLST   @  0 #M  321 #B  315 Q25111 L3
04.02.21 11:11:12 | S PLST   @  0 #M  321 #B  316 Q25111 L3
04.02.21 11:11:12 | S PLST   @  0 #M  321 #B  317 Q25111 L3
04.02.21 11:11:12 | S PLST   @  0 #M  321 #B  318 Q25111 L3
04.02.21 11:11:12 | S PLST   @  0 #M  321 #B  319 Q25111 L3
04.02.21 11:11:12 | S PLST   @  0 #M  321 #B  320 Q25111 L3
04.02.21 11:14:18 | S PLST   @  0 #M  321 #B  178 Q25111 L3
04.02.21 11:14:18 | S PLST   @  0 #M  321 #B  179 Q25111 L3
04.02.21 11:14:18 | S PLST   @  0 #M  321 #B  180 Q25111 L3
04.02.21 11:14:18 | S PLST   @  0 #M  321 #B  181 Q25111 L3
04.02.21 11:14:18 | S PLST   @  0 #M  321 #B  182 Q25111 L3
04.02.21 11:14:18 | S PLST   @  0 #M  321 #B  183 Q25111 L3
04.02.21 11:14:18 | S PLST   @  0 #M  321 #B  184 Q25111 L3
04.02.21 11:14:18 | S PLST   @  0 #M  321 #B  185 Q25111 L3
04.02.21 11:14:18 | S PLST   @  0 #M  321 #B  186 Q25111 L3
04.02.21 11:14:18 | S PLST   @  0 #M  321 #B  187 Q25111 L3
04.02.21 11:14:18 | S PLST   @  0 #M  321 #B  188 Q25111 L3
04.02.21 11:14:18 | S PLST   @  0 #M  321 #B  189 Q25111 L3
04.02.21 11:14:18 | S PLST   @  0 #M  321 #B  190 Q25111 L3
04.02.21 11:14:18 | S PLST   @  0 #M  321 #B  191 Q25111 L3
04.02.21 11:14:18 | S PLST   @  0 #M  321 #B  192 Q25111 L3
04.02.21 11:14:19 | S PLST   @  0 #M  321 #B  193 Q25111 L3
04.02.21 11:14:19 | S PLST   @  0 #M  321 #B  194 Q25111 L3
04.02.21 11:14:19 | S PLST   @  0 #M  321 #B  195 Q25111 L3
04.02.21 11:14:19 | S PLST   @  0 #M  321 #B  196 Q25111 L3
04.02.21 11:14:19 | S PLST   @  0 #M  321 #B  197 Q25111 L3
04.02.21 11:14:19 | S PLST   @  0 #M  321 #B  198 Q25111 L3
04.02.21 11:14:19 | S PLST   @  0 #M  321 #B  199 Q25111 L3
04.02.21 11:14:19 | S PLST   @  0 #M  321 #B  200 Q25111 L3
04.02.21 11:14:19 | S PLST   @  0 #M  321 #B  201 Q25111 L3
04.02.21 11:14:19 | S PLST   @  0 #M  321 #B  202 Q25111 L3
04.02.21 11:14:19 | S PLST   @  0 #M  321 #B  203 Q25111 L3
04.02.21 11:14:19 | S PLST   @  0 #M  321 #B  204 Q25111 L3
04.02.21 11:14:20 | S PLST   @  0 #M  321 #B  205 Q25111 L3
04.02.21 11:14:20 | S PLST   @  0 #M  321 #B  206 Q25111 L3
04.02.21 11:14:20 | S PLST   @  0 #M  321 #B  207 Q25111 L3
04.02.21 11:14:20 | S PLST   @  0 #M  321 #B  208 Q25111 L3
04.02.21 11:14:20 | S PLST   @  0 #M  321 #B  209 Q25111 L3
04.02.21 11:14:20 | S PLST   @  0 #M  321 #B  210 Q25111 L3
04.02.21 11:14:20 | S PLST   @  0 #M  321 #B  211 Q25111 L3
04.02.21 11:14:21 | S PLST   @  0 #M  321 #B  212 Q25111 L3
04.02.21 11:14:21 | S PLST   @  0 #M  321 #B  213 Q25111 L3
04.02.21 11:14:21 | S PLST   @  0 #M  321 #B  214 Q25111 L3
04.02.21 11:14:21 | S PLST   @  0 #M  321 #B  215 Q25111 L3
04.02.21 11:14:21 | S PLST   @  0 #M  321 #B  216 Q25111 L3
04.02.21 11:14:21 | S PLST   @  0 #M  321 #B  217 Q25111 L3
04.02.21 11:14:21 | S PLST   @  0 #M  321 #B  218 Q25111 L3
04.02.21 11:14:21 | S PLST   @  0 #M  321 #B  219 Q25111 L3
04.02.21 11:14:21 | S PLST   @  0 #M  321 #B  220 Q25111 L3
04.02.21 11:14:21 | S PLST   @  0 #M  321 #B  221 Q25111 L3
04.02.21 11:14:21 | S PLST   @  0 #M  321 #B  222 Q25111 L3
04.02.21 11:14:21 | S PLST   @  0 #M  321 #B  223 Q25111 L3
04.02.21 11:14:22 | S PLST   @  0 #M  321 #B  224 Q25111 L3
04.02.21 11:14:22 | S PLST   @  0 #M  321 #B  225 Q25111 L3
04.02.21 11:14:22 | S PLST   @  0 #M  321 #B  226 Q25111 L3
04.02.21 11:14:22 | S PLST   @  0 #M  321 #B  227 Q25111 L3
04.02.21 11:14:22 | S PLST   @  0 #M  321 #B  228 Q25111 L3
04.02.21 11:14:22 | S PLST   @  0 #M  321 #B  229 Q25111 L3
04.02.21 11:14:22 | S PLST   @  0 #M  321 #B  230 Q25111 L3
04.02.21 11:14:22 | S PLST   @  0 #M  321 #B  231 Q25111 L3
04.02.21 11:14:22 | S PLST   @  0 #M  321 #B  232 Q25111 L3
04.02.21 11:14:22 | S PLST   @  0 #M  321 #B  233 Q25111 L3
04.02.21 11:14:22 | S PLST   @  0 #M  321 #B  234 Q25111 L3
04.02.21 11:14:22 | S PLST   @  0 #M  321 #B  235 Q25111 L3
04.02.21 11:14:22 | S PLST   @  0 #M  321 #B  236 Q25111 L3
04.02.21 11:14:23 | S PLST   @  0 #M  321 #B  237 Q25111 L3
04.02.21 11:14:23 | S PLST   @  0 #M  321 #B  238 Q25111 L3
04.02.21 11:14:23 | S PLST   @  0 #M  321 #B  239 Q25111 L3
04.02.21 11:14:23 | S PLST   @  0 #M  321 #B  240 Q25111 L3
04.02.21 11:14:23 | S PLST   @  0 #M  321 #B  241 Q25111 L3
04.02.21 11:14:23 | S PLST   @  0 #M  321 #B  242 Q25111 L3
04.02.21 11:14:23 | S PLST   @  0 #M  321 #B  243 Q25111 L3
04.02.21 11:14:23 | S PLST   @  0 #M  321 #B  244 Q25111 L3
04.02.21 11:14:23 | S PLST   @  0 #M  321 #B  245 Q25111 L3
04.02.21 11:14:23 | S PLST   @  0 #M  321 #B  246 Q25111 L3
04.02.21 11:14:23 | S PLST   @  0 #M  321 #B  247 Q25111 L3
04.02.21 11:14:23 | S PLST   @  0 #M  321 #B  248 Q25111 L3
04.02.21 11:14:23 | S PLST   @  0 #M  321 #B  249 Q25111 L3
04.02.21 11:14:23 | S PLST   @  0 #M  321 #B  250 Q25111 L3
04.02.21 11:14:24 | S PLST   @  0 #M  321 #B  251 Q25111 L3
04.02.21 11:14:24 | S PLST   @  0 #M  321 #B  252 Q25111 L3
04.02.21 11:14:26 | S PLST   @  0 #M  321 #B  253 Q25111 L3
04.02.21 11:14:26 | S PLST   @  0 #M  321 #B  254 Q25111 L3
04.02.21 11:14:26 | S PLST   @  0 #M  321 #B  255 Q25111 L3
04.02.21 11:14:26 | S PLST   @  0 #M  321 #B  256 Q25111 L3
04.02.21 11:14:26 | S PLST   @  0 #M  321 #B  257 Q25111 L3
04.02.21 11:14:26 | S PLST   @  0 #M  321 #B  258 Q25111 L3
04.02.21 11:14:26 | S PLST   @  0 #M  321 #B  259 Q25111 L3
04.02.21 11:14:26 | S PLST   @  0 #M  321 #B  260 Q25111 L3
04.02.21 11:14:27 | S PLST   @  0 #M  321 #B  261 Q25111 L3
04.02.21 11:14:27 | S PLST   @  0 #M  321 #B  262 Q25111 L3
04.02.21 11:14:27 | S PLST   @  0 #M  321 #B  263 Q25111 L3
04.02.21 11:14:27 | S PLST   @  0 #M  321 #B  264 Q25111 L3
04.02.21 11:14:27 | S PLST   @  0 #M  321 #B  265 Q25111 L3
04.02.21 11:14:27 | S PLST   @  0 #M  321 #B  266 Q25111 L3
04.02.21 11:14:28 | S PLST   @  0 #M  321 #B  267 Q25111 L3
04.02.21 11:14:28 | S PLST   @  0 #M  321 #B  268 Q25111 L3
04.02.21 11:14:28 | S PLST   @  0 #M  321 #B  269 Q25111 L3
04.02.21 11:14:28 | S PLST   @  0 #M  321 #B  270 Q25111 L3
04.02.21 11:14:29 | S PLST   @  0 #M  321 #B  271 Q25111 L3
04.02.21 11:14:29 | S PLST   @  0 #M  321 #B  272 Q25111 L3
04.02.21 11:14:29 | S PLST   @  0 #M  321 #B  273 Q25111 L3
04.02.21 11:14:30 | S PLST   @  0 #M  321 #B  274 Q25111 L3
04.02.21 11:14:30 | S PLST   @  0 #M  321 #B  275 Q25111 L3
04.02.21 11:14:31 | S PLST   @  0 #M  321 #B  276 Q25111 L3
04.02.21 11:14:31 | S PLST   @  0 #M  321 #B  277 Q25111 L3
04.02.21 11:14:31 | S PLST   @  0 #M  321 #B  278 Q25111 L3
04.02.21 11:14:31 | S PLST   @  0 #M  321 #B  279 Q25111 L3
04.02.21 11:14:31 | S PLST   @  0 #M  321 #B  280 Q25111 L3
04.02.21 11:14:31 | S PLST   @  0 #M  321 #B  281 Q25111 L3
04.02.21 11:14:31 | S PLST   @  0 #M  321 #B  282 Q25111 L3
04.02.21 11:14:31 | S PLST   @  0 #M  321 #B  283 Q25111 L3
04.02.21 11:14:31 | S PLST   @  0 #M  321 #B  284 Q25111 L3
04.02.21 11:14:31 | S PLST   @  0 #M  321 #B  285 Q25111 L3
04.02.21 11:14:32 | S PLST   @  0 #M  321 #B  286 Q25111 L3
04.02.21 11:14:32 | S PLST   @  0 #M  321 #B  287 Q25111 L3
04.02.21 11:14:32 | S PLST   @  0 #M  321 #B  288 Q25111 L3
04.02.21 11:14:32 | S PLST   @  0 #M  321 #B  289 Q25111 L3
04.02.21 11:14:32 | S PLST   @  0 #M  321 #B  290 Q25111 L3
04.02.21 11:14:32 | S PLST   @  0 #M  321 #B  291 Q25111 L3
04.02.21 11:14:33 | S PLST   @  0 #M  321 #B  292 Q25111 L3
04.02.21 11:14:33 | S PLST   @  0 #M  321 #B  293 Q25111 L3
04.02.21 11:14:33 | S PLST   @  0 #M  321 #B  294 Q25111 L3
04.02.21 11:14:33 | S PLST   @  0 #M  321 #B  295 Q25111 L3
04.02.21 11:14:33 | S PLST   @  0 #M  321 #B  296 Q25111 L3
04.02.21 11:14:33 | S PLST   @  0 #M  321 #B  297 Q25111 L3
04.02.21 11:14:33 | S PLST   @  0 #M  321 #B  298 Q25111 L3
04.02.21 11:14:33 | S PLST   @  0 #M  321 #B  299 Q25111 L3
04.02.21 11:14:33 | S PLST   @  0 #M  321 #B  300 Q25111 L3
04.02.21 11:14:33 | S PLST   @  0 #M  321 #B  301 Q25111 L3
04.02.21 11:14:33 | S PLST   @  0 #M  321 #B  302 Q25111 L3
04.02.21 11:14:33 | S PLST   @  0 #M  321 #B  303 Q25111 L3
04.02.21 11:14:33 | S PLST   @  0 #M  321 #B  304 Q25111 L3
04.02.21 11:14:34 | S PLST   @  0 #M  321 #B  305 Q25111 L3
04.02.21 11:14:34 | S PLST   @  0 #M  321 #B  306 Q25111 L3
04.02.21 11:14:34 | S PLST   @  0 #M  321 #B  307 Q25111 L3
04.02.21 11:14:34 | S PLST   @  0 #M  321 #B  308 Q25111 L3
04.02.21 11:14:34 | S PLST   @  0 #M  321 #B  309 Q25111 L3
04.02.21 11:14:34 | S PLST   @  0 #M  321 #B  310 Q25111 L3
04.02.21 11:14:34 | S PLST   @  0 #M  321 #B  311 Q25111 L3
04.02.21 11:14:35 | S PLST   @  0 #M  321 #B  312 Q25111 L3
04.02.21 11:14:35 | S PLST   @  0 #M  321 #B  313 Q25111 L3
04.02.21 11:14:35 | S PLST   @  0 #M  321 #B  314 Q25111 L3
04.02.21 11:14:35 | S PLST   @  0 #M  321 #B  315 Q25111 L3
04.02.21 11:14:35 | S PLST   @  0 #M  321 #B  316 Q25111 L3
04.02.21 11:14:35 | S PLST   @  0 #M  321 #B  317 Q25111 L3
04.02.21 11:14:35 | S PLST   @  0 #M  321 #B  318 Q25111 L3
04.02.21 11:14:35 | S PLST   @  0 #M  321 #B  319 Q25111 L3
04.02.21 11:14:35 | S PLST   @  0 #M  321 #B  320 Q25111 L3
