   902                                                                        
03.02.21 20:41:56 | S        @  0 #M  320 #B   69 Q25069 L0                   
03.02.21 20:41:56 | S        @  0 #M  320 #B   70 Q25069 L0                   
03.02.21 20:41:56 | S        @  0 #M  320 #B   71 Q25069 L0                   
03.02.21 20:41:56 | S        @  0 #M  320 #B   72 Q25069 L0                   
03.02.21 20:41:56 | S        @  0 #M  320 #B   73 Q25069 L0                   
03.02.21 20:41:56 | S        @  0 #M  320 #B   74 Q25069 L0                   
03.02.21 20:41:56 | S        @  0 #M  320 #B   75 Q25069 L0                   
03.02.21 20:41:56 | S        @  0 #M  320 #B   76 Q25069 L0                   
03.02.21 20:41:56 | S        @  0 #M  320 #B   77 Q25069 L0                   
03.02.21 20:41:56 | S        @  0 #M  320 #B   78 Q25069 L0                   
03.02.21 20:41:56 | S        @  0 #M  320 #B   79 Q25069 L0                   
03.02.21 20:41:56 | S        @  0 #M  320 #B   80 Q25069 L0                   
03.02.21 20:41:56 | S        @  0 #M  320 #B   81 Q25069 L0                   
03.02.21 20:41:56 | S        @  0 #M  320 #B   82 Q25069 L0                   
03.02.21 20:41:56 | S        @  0 #M  320 #B   83 Q25069 L0                   
03.02.21 20:41:56 | S        @  0 #M  320 #B   84 Q25069 L0                   
03.02.21 20:41:56 | S        @  0 #M  320 #B   85 Q25069 L0                   
03.02.21 20:41:56 | S        @  0 #M  320 #B   86 Q25069 L0                   
03.02.21 20:41:56 | S        @  0 #M  320 #B   87 Q25069 L0                   
03.02.21 20:41:56 | S        @  0 #M  320 #B   88 Q25069 L0                   
03.02.21 20:41:56 | S        @  0 #M  320 #B   89 Q25069 L0                   
03.02.21 20:41:56 | S        @  0 #M  320 #B   90 Q25069 L0                   
03.02.21 20:41:56 | S        @  0 #M  320 #B   91 Q25069 L0                   
03.02.21 20:41:56 | S        @  0 #M  320 #B   92 Q25069 L0                   
03.02.21 20:41:56 | S        @  0 #M  320 #B   93 Q25069 L0                   
03.02.21 20:41:56 | S        @  0 #M  320 #B   94 Q25069 L0                   
03.02.21 20:41:56 | S        @  0 #M  320 #B   95 Q25069 L0                   
03.02.21 20:41:56 | S        @  0 #M  320 #B   96 Q25069 L0                   
03.02.21 20:41:56 | S        @  0 #M  320 #B   97 Q25069 L0                   
03.02.21 20:41:56 | S        @  0 #M  320 #B   98 Q25069 L0                   
03.02.21 20:41:56 | S        @  0 #M  320 #B   99 Q25069 L0                   
03.02.21 20:41:56 | S        @  0 #M  320 #B  100 Q25069 L0                   
03.02.21 20:41:56 | S        @  0 #M  320 #B  101 Q25069 L0                   
03.02.21 20:41:56 | S        @  0 #M  320 #B  102 Q25069 L0                   
03.02.21 20:41:56 | S        @  0 #M  320 #B  103 Q25069 L0                   
03.02.21 20:41:56 | S        @  0 #M  320 #B  104 Q25069 L0                   
03.02.21 20:41:56 | S        @  0 #M  320 #B  105 Q25069 L0                   
03.02.21 20:41:56 | S        @  0 #M  320 #B  106 Q25069 L0                   
03.02.21 20:41:56 | S        @  0 #M  320 #B  107 Q25069 L0                   
03.02.21 20:41:56 | S        @  0 #M  320 #B  108 Q25069 L0                   
03.02.21 20:41:56 | S        @  0 #M  320 #B  109 Q25069 L0                   
03.02.21 20:41:56 | S        @  0 #M  320 #B  110 Q25069 L0                   
03.02.21 20:41:56 | S        @  0 #M  320 #B  111 Q25069 L0                   
03.02.21 20:41:56 | S        @  0 #M  320 #B  112 Q25069 L0                   
03.02.21 20:41:56 | S        @  0 #M  320 #B  113 Q25069 L0                   
03.02.21 20:41:56 | S        @  0 #M  320 #B  114 Q25069 L0                   
03.02.21 20:41:56 | S        @  0 #M  320 #B  115 Q25069 L0                   
03.02.21 20:41:56 | S        @  0 #M  320 #B  116 Q25069 L0                   
03.02.21 20:41:56 | S        @  0 #M  320 #B  117 Q25069 L0                   
03.02.21 20:41:56 | S        @  0 #M  320 #B  118 Q25069 L0                   
03.02.21 20:41:56 | S        @  0 #M  320 #B  119 Q25069 L0                   
03.02.21 20:41:56 | S        @  0 #M  320 #B  120 Q25069 L0                   
03.02.21 20:41:56 | S        @  0 #M  320 #B  121 Q25069 L0                   
03.02.21 20:41:56 | S        @  0 #M  320 #B  122 Q25069 L0                   
03.02.21 20:41:56 | S        @  0 #M  320 #B  123 Q25069 L0                   
03.02.21 20:41:56 | S        @  0 #M  320 #B  124 Q25069 L0                   
03.02.21 20:41:56 | S        @  0 #M  320 #B  125 Q25069 L0                   
03.02.21 20:41:56 | S        @  0 #M  320 #B  126 Q25069 L0                   
03.02.21 20:41:56 | S        @  0 #M  320 #B  127 Q25069 L0                   
03.02.21 20:41:56 | S        @  0 #M  320 #B  128 Q25069 L0                   
03.02.21 20:41:56 | S        @  0 #M  320 #B  129 Q25069 L0                   
03.02.21 20:41:56 | S        @  0 #M  320 #B  130 Q25069 L0                   
03.02.21 20:41:56 | S        @  0 #M  320 #B  131 Q25069 L0                   
03.02.21 20:41:56 | S        @  0 #M  320 #B  132 Q25069 L0                   
03.02.21 20:41:56 | S        @  0 #M  320 #B  133 Q25069 L0                   
03.02.21 20:41:56 | S        @  0 #M  320 #B  134 Q25069 L0                   
03.02.21 20:41:56 | S        @  0 #M  320 #B  135 Q25069 L0                   
03.02.21 20:41:56 | S        @  0 #M  320 #B  136 Q25069 L0                   
03.02.21 20:41:56 | S        @  0 #M  320 #B  137 Q25069 L0                   
03.02.21 20:41:56 | S        @  0 #M  320 #B  138 Q25069 L0                   
03.02.21 20:41:56 | S        @  0 #M  320 #B  139 Q25069 L0                   
03.02.21 20:41:56 | S        @  0 #M  320 #B  140 Q25069 L0                   
03.02.21 20:41:56 | S        @  0 #M  320 #B  141 Q25069 L0                   
03.02.21 20:41:56 | S        @  0 #M  320 #B  142 Q25069 L0                   
03.02.21 20:41:56 | S        @  0 #M  320 #B  143 Q25069 L0                   
03.02.21 20:41:56 | S        @  0 #M  320 #B  144 Q25069 L0                   
03.02.21 20:41:56 | S        @  0 #M  320 #B  145 Q25069 L0                   
03.02.21 20:41:56 | S        @  0 #M  320 #B  146 Q25069 L0                   
03.02.21 20:41:56 | S        @  0 #M  320 #B  147 Q25069 L0                   
03.02.21 20:41:56 | S        @  0 #M  320 #B  148 Q25069 L0                   
03.02.21 20:41:56 | S        @  0 #M  320 #B  149 Q25069 L0                   
03.02.21 20:41:56 | S        @  0 #M  320 #B  150 Q25069 L0                   
03.02.21 20:41:56 | S        @  0 #M  320 #B  151 Q25069 L0                   
03.02.21 20:41:56 | S        @  0 #M  320 #B  152 Q25069 L0                   
03.02.21 20:41:56 | S        @  0 #M  320 #B  153 Q25069 L0                   
03.02.21 20:41:56 | S        @  0 #M  320 #B  154 Q25069 L0                   
03.02.21 20:41:56 | S        @  0 #M  320 #B  155 Q25069 L0                   
03.02.21 20:41:56 | S        @  0 #M  320 #B  156 Q25069 L0                   
03.02.21 20:41:56 | S        @  0 #M  320 #B  157 Q25069 L0                   
03.02.21 20:41:56 | S        @  0 #M  320 #B  158 Q25069 L0                   
03.02.21 20:41:56 | S        @  0 #M  320 #B  159 Q25069 L0                   
03.02.21 20:41:56 | S        @  0 #M  320 #B  160 Q25069 L0                   
03.02.21 20:41:56 | S        @  0 #M  320 #B  161 Q25069 L0                   
03.02.21 20:41:56 | S        @  0 #M  320 #B  162 Q25069 L0                   
03.02.21 20:41:56 | S        @  0 #M  320 #B  163 Q25069 L0                   
03.02.21 20:41:56 | S        @  0 #M  320 #B  164 Q25069 L0                   
03.02.21 20:41:56 | S        @  0 #M  320 #B  165 Q25069 L0                   
03.02.21 20:41:56 | S        @  0 #M  320 #B  166 Q25069 L0                   
03.02.21 20:41:56 | S        @  0 #M  320 #B  167 Q25069 L0                   
03.02.21 20:41:56 | S        @  0 #M  320 #B  168 Q25069 L0                   
03.02.21 20:41:56 | S        @  0 #M  320 #B  169 Q25069 L0                   
03.02.21 20:41:56 | S        @  0 #M  320 #B  170 Q25069 L0                   
03.02.21 20:41:56 | S        @  0 #M  320 #B  171 Q25069 L0                   
03.02.21 20:41:56 | S        @  0 #M  320 #B  172 Q25069 L0                   
03.02.21 20:41:56 | S        @  0 #M  320 #B  173 Q25069 L0                   
03.02.21 20:41:56 | S        @  0 #M  320 #B  174 Q25069 L0                   
03.02.21 20:41:56 | S        @  0 #M  320 #B  175 Q25069 L0                   
03.02.21 20:41:56 | S        @  0 #M  320 #B  176 Q25069 L0                   
03.02.21 20:41:56 | S        @  0 #M  320 #B  177 Q25069 L0                   
03.02.21 20:41:56 | S        @  0 #M  320 #B  178 Q25069 L0                   
03.02.21 20:41:56 | S        @  0 #M  320 #B  179 Q25069 L0                   
03.02.21 20:41:56 | S        @  0 #M  320 #B  180 Q25069 L0                   
03.02.21 20:41:56 | S        @  0 #M  320 #B  181 Q25069 L0                   
03.02.21 20:41:56 | S        @  0 #M  320 #B  182 Q25069 L0                   
03.02.21 20:41:56 | S        @  0 #M  320 #B  183 Q25069 L0                   
03.02.21 20:41:56 | S        @  0 #M  320 #B  184 Q25069 L0                   
03.02.21 20:41:56 | S        @  0 #M  320 #B  185 Q25069 L0                   
03.02.21 20:41:56 | S        @  0 #M  320 #B  186 Q25069 L0                   
03.02.21 20:41:56 | S        @  0 #M  320 #B  187 Q25069 L0                   
03.02.21 20:41:56 | S        @  0 #M  320 #B  188 Q25069 L0                   
03.02.21 20:41:56 | S        @  0 #M  320 #B  189 Q25069 L0                   
03.02.21 20:41:56 | S        @  0 #M  320 #B  190 Q25069 L0                   
03.02.21 20:41:56 | S        @  0 #M  320 #B  191 Q25069 L0                   
03.02.21 20:41:56 | S        @  0 #M  320 #B  192 Q25069 L0                   
03.02.21 20:41:56 | S        @  0 #M  320 #B  193 Q25069 L0                   
03.02.21 20:41:56 | S        @  0 #M  320 #B  194 Q25069 L0                   
03.02.21 20:41:56 | S        @  0 #M  320 #B  195 Q25069 L0                   
03.02.21 20:41:56 | S        @  0 #M  320 #B  196 Q25069 L0                   
03.02.21 20:41:56 | S        @  0 #M  320 #B  197 Q25069 L0                   
03.02.21 20:41:56 | S        @  0 #M  320 #B  198 Q25069 L0                   
03.02.21 20:41:56 | S        @  0 #M  320 #B  199 Q25069 L0                   
03.02.21 20:41:56 | S        @  0 #M  320 #B  200 Q25069 L0                   
03.02.21 20:41:56 | S        @  0 #M  320 #B  201 Q25069 L0                   
03.02.21 20:41:56 | S        @  0 #M  320 #B  202 Q25069 L0                   
03.02.21 20:41:56 | S        @  0 #M  320 #B  203 Q25069 L0                   
03.02.21 20:41:56 | S        @  0 #M  320 #B  204 Q25069 L0                   
03.02.21 20:41:56 | S        @  0 #M  320 #B  205 Q25069 L0                   
03.02.21 20:41:56 | S        @  0 #M  320 #B  206 Q25069 L0                   
03.02.21 20:41:56 | S        @  0 #M  320 #B  207 Q25069 L0                   
03.02.21 20:41:56 | S        @  0 #M  320 #B  208 Q25069 L0                   
03.02.21 20:41:56 | S        @  0 #M  320 #B  209 Q25069 L0                   
03.02.21 20:41:56 | S        @  0 #M  320 #B  210 Q25069 L0                   
03.02.21 20:41:56 | S        @  0 #M  320 #B  211 Q25069 L0                   
03.02.21 20:41:56 | S        @  0 #M  320 #B  212 Q25069 L0                   
03.02.21 20:41:56 | S        @  0 #M  320 #B  213 Q25069 L0                   
03.02.21 20:41:56 | S        @  0 #M  320 #B  214 Q25069 L0                   
03.02.21 20:41:56 | S        @  0 #M  320 #B  215 Q25069 L0                   
03.02.21 20:41:56 | S        @  0 #M  320 #B  216 Q25069 L0                   
03.02.21 20:41:56 | S        @  0 #M  320 #B  217 Q25069 L0                   
03.02.21 20:41:56 | S        @  0 #M  320 #B  218 Q25069 L0                   
03.02.21 20:41:56 | S        @  0 #M  320 #B  219 Q25069 L0                   
03.02.21 20:41:56 | S        @  0 #M  320 #B  220 Q25069 L0                   
03.02.21 20:41:56 | S        @  0 #M  320 #B  221 Q25069 L0                   
03.02.21 20:41:56 | S        @  0 #M  320 #B  222 Q25069 L0                   
03.02.21 20:41:56 | S        @  0 #M  320 #B  223 Q25069 L0                   
03.02.21 20:41:56 | S        @  0 #M  320 #B  224 Q25069 L0                   
03.02.21 20:41:56 | S        @  0 #M  320 #B  225 Q25069 L0                   
03.02.21 20:41:56 | S        @  0 #M  320 #B  226 Q25069 L0                   
03.02.21 20:41:56 | S        @  0 #M  320 #B  227 Q25069 L0                   
03.02.21 20:41:56 | S        @  0 #M  320 #B  228 Q25069 L0                   
03.02.21 20:41:56 | S        @  0 #M  320 #B  229 Q25069 L0                   
03.02.21 20:41:56 | S        @  0 #M  320 #B  230 Q25069 L0                   
03.02.21 20:41:56 | S        @  0 #M  320 #B  231 Q25069 L0                   
03.02.21 20:41:57 | S        @  0 #M  320 #B  232 Q25069 L0                   
03.02.21 20:41:57 | S        @  0 #M  320 #B  233 Q25069 L0                   
03.02.21 20:41:57 | S        @  0 #M  320 #B  234 Q25069 L0                   
03.02.21 20:41:57 | S        @  0 #M  320 #B  235 Q25069 L0                   
03.02.21 20:41:57 | S        @  0 #M  320 #B  236 Q25069 L0                   
03.02.21 20:41:57 | S        @  0 #M  320 #B  237 Q25069 L0                   
03.02.21 20:41:57 | S        @  0 #M  320 #B  238 Q25069 L0                   
03.02.21 20:41:57 | S        @  0 #M  320 #B  239 Q25069 L0                   
03.02.21 20:41:57 | S        @  0 #M  320 #B  240 Q25069 L0                   
03.02.21 20:41:57 | S        @  0 #M  320 #B  241 Q25069 L0                   
03.02.21 20:41:57 | S        @  0 #M  320 #B  242 Q25069 L0                   
03.02.21 20:41:57 | S        @  0 #M  320 #B  243 Q25069 L0                   
03.02.21 20:41:57 | S        @  0 #M  320 #B  244 Q25069 L0                   
03.02.21 20:41:57 | S        @  0 #M  320 #B  245 Q25069 L0                   
03.02.21 20:41:57 | S        @  0 #M  320 #B  246 Q25069 L0                   
03.02.21 20:41:57 | S        @  0 #M  320 #B  247 Q25069 L0                   
03.02.21 20:41:57 | S        @  0 #M  320 #B  248 Q25069 L0                   
03.02.21 20:41:57 | S        @  0 #M  320 #B  249 Q25069 L0                   
03.02.21 20:41:57 | S        @  0 #M  320 #B  250 Q25069 L0                   
03.02.21 20:41:57 | S        @  0 #M  320 #B  251 Q25069 L0                   
03.02.21 20:41:57 | S        @  0 #M  320 #B  252 Q25069 L0                   
03.02.21 20:41:57 | S        @  0 #M  320 #B  253 Q25069 L0                   
03.02.21 20:41:57 | S        @  0 #M  320 #B  254 Q25069 L0                   
03.02.21 20:41:57 | S        @  0 #M  320 #B  255 Q25069 L0                   
03.02.21 20:41:57 | S        @  0 #M  320 #B  256 Q25069 L0                   
03.02.21 20:41:57 | S        @  0 #M  320 #B  257 Q25069 L0                   
03.02.21 20:41:57 | S        @  0 #M  320 #B  258 Q25069 L0                   
03.02.21 20:41:57 | S        @  0 #M  320 #B  259 Q25069 L0                   
03.02.21 20:41:57 | S        @  0 #M  320 #B  260 Q25069 L0                   
03.02.21 20:41:57 | S        @  0 #M  320 #B  261 Q25069 L0                   
03.02.21 20:41:57 | S        @  0 #M  320 #B  262 Q25069 L0                   
03.02.21 20:41:57 | S        @  0 #M  320 #B  263 Q25069 L0                   
03.02.21 20:41:57 | S        @  0 #M  320 #B  264 Q25069 L0                   
03.02.21 20:41:57 | S        @  0 #M  320 #B  265 Q25069 L0                   
03.02.21 20:41:57 | S        @  0 #M  320 #B  266 Q25069 L0                   
03.02.21 20:41:57 | S        @  0 #M  320 #B  267 Q25069 L0                   
03.02.21 20:41:57 | S        @  0 #M  320 #B  268 Q25069 L0                   
03.02.21 20:41:57 | S        @  0 #M  320 #B  269 Q25069 L0                   
03.02.21 20:41:57 | S        @  0 #M  320 #B  270 Q25069 L0                   
03.02.21 20:41:57 | S        @  0 #M  320 #B  271 Q25069 L0                   
03.02.21 20:41:57 | S        @  0 #M  320 #B  272 Q25069 L0                   
03.02.21 20:41:57 | S        @  0 #M  320 #B  273 Q25069 L0                   
03.02.21 20:41:57 | S        @  0 #M  320 #B  274 Q25069 L0                   
03.02.21 20:41:57 | S        @  0 #M  320 #B  275 Q25069 L0                   
03.02.21 20:41:57 | S        @  0 #M  320 #B  276 Q25069 L0                   
03.02.21 20:41:57 | S        @  0 #M  320 #B  277 Q25069 L0                   
03.02.21 20:41:57 | S        @  0 #M  320 #B  278 Q25069 L0                   
03.02.21 20:41:57 | S        @  0 #M  320 #B  279 Q25069 L0                   
03.02.21 20:41:57 | S        @  0 #M  320 #B  280 Q25069 L0                   
03.02.21 20:41:57 | S        @  0 #M  320 #B  281 Q25069 L0                   
03.02.21 20:41:57 | S        @  0 #M  320 #B  282 Q25069 L0                   
03.02.21 20:41:57 | S        @  0 #M  320 #B  283 Q25069 L0                   
03.02.21 20:41:57 | S        @  0 #M  320 #B  284 Q25069 L0                   
03.02.21 20:41:57 | S        @  0 #M  320 #B  285 Q25069 L0                   
03.02.21 20:41:57 | S        @  0 #M  320 #B  286 Q25069 L0                   
03.02.21 20:41:57 | S        @  0 #M  320 #B  287 Q25069 L0                   
03.02.21 20:41:57 | S        @  0 #M  320 #B  288 Q25069 L0                   
03.02.21 20:41:57 | S        @  0 #M  320 #B  289 Q25069 L0                   
03.02.21 20:41:57 | S        @  0 #M  320 #B  290 Q25069 L0                   
03.02.21 20:41:57 | S        @  0 #M  320 #B  291 Q25069 L0                   
03.02.21 20:41:57 | S        @  0 #M  320 #B  292 Q25069 L0                   
03.02.21 20:41:57 | S        @  0 #M  320 #B  293 Q25069 L0                   
03.02.21 20:41:57 | S        @  0 #M  320 #B  294 Q25069 L0                   
03.02.21 20:41:57 | S        @  0 #M  320 #B  295 Q25069 L0                   
03.02.21 20:41:57 | S        @  0 #M  320 #B  296 Q25069 L0                   
03.02.21 20:41:57 | S        @  0 #M  320 #B  297 Q25069 L0                   
03.02.21 20:41:57 | S        @  0 #M  320 #B  298 Q25069 L0                   
03.02.21 20:41:57 | S        @  0 #M  320 #B  299 Q25069 L0                   
03.02.21 20:41:57 | S        @  0 #M  320 #B  300 Q25069 L0                   
03.02.21 20:41:57 | S        @  0 #M  320 #B  301 Q25069 L0                   
03.02.21 20:41:57 | S        @  0 #M  320 #B  302 Q25069 L0                   
03.02.21 20:41:57 | S        @  0 #M  320 #B  303 Q25069 L0                   
03.02.21 20:41:57 | S        @  0 #M  320 #B  304 Q25069 L0                   
03.02.21 20:41:57 | S        @  0 #M  320 #B  305 Q25069 L0                   
03.02.21 20:41:57 | S        @  0 #M  320 #B  306 Q25069 L0                   
03.02.21 20:41:57 | S        @  0 #M  320 #B  307 Q25069 L0                   
03.02.21 20:41:57 | S        @  0 #M  320 #B  308 Q25069 L0                   
03.02.21 20:41:57 | S        @  0 #M  320 #B  309 Q25069 L0                   
03.02.21 20:41:57 | S        @  0 #M  320 #B  310 Q25069 L0                   
03.02.21 20:41:57 | S        @  0 #M  320 #B  311 Q25069 L0                   
03.02.21 20:41:57 | S        @  0 #M  320 #B  312 Q25069 L0                   
03.02.21 20:41:57 | S        @  0 #M  320 #B  313 Q25069 L0                   
03.02.21 20:41:57 | S        @  0 #M  320 #B  314 Q25069 L0                   
03.02.21 20:41:57 | S        @  0 #M  320 #B  315 Q25069 L0                   
03.02.21 20:41:57 | S        @  0 #M  320 #B  316 Q25069 L0                   
03.02.21 20:41:57 | S        @  0 #M  320 #B  317 Q25069 L0                   
03.02.21 20:41:57 | S        @  0 #M  320 #B  318 Q25069 L0                   
03.02.21 20:41:57 | S        @  0 #M  320 #B  319 Q25069 L0                   
03.02.21 20:41:57 | S        @  0 #M  320 #B  320 Q25069 L0                   
03.02.21 20:41:57 | S   MDST @  0 #M  320 #B  320 Q25069 L0                   
03.02.21 20:41:57 | S   MDST @  0 #M  320 #B  320 Q25069 L0                   
03.02.21 20:41:57 |         <<< Befehle ignoriert                             
03.02.21 20:41:57 |                        SWCom  END<<<<<<<<<<<<<<<<<<<      
04.02.21 10:34:56 |     >>>>>>>>>>>>>>>>>>>>SWCom START                       
04.02.21 10:34:56 | D 1,S,0,0,0,0,N,0,192.168.1.155,O,N,UHR,25,C,3,3,0,0,0,0,0
04.02.21 10:34:56 | ,0,0,401,0,0                                              
04.02.21 10:34:57 | N   PROG @  3 #M    1 #B    1 Q    0 L0                   
04.02.21 10:34:57 | N    UHR @  0 #M    1 #B    1 Q    0 L0                   
04.02.21 10:34:57 | S PLST                                                    
04.02.21 10:34:57 | S S PLST    [SL PLST]   /* Kassen - Stammdaten            
04.02.21 10:34:57 | SL PLST                                                   
04.02.21 10:35:17 | S   PLST @  0 #M  320 #B  320 Q    0 L0                   
04.02.21 10:35:17 | S MDST                                                    
04.02.21 10:35:17 | S S MDST    [SL MDST]       /* IMAGENES                   
04.02.21 10:35:17 | SL MDST                                                   
04.02.21 10:35:36 | S   MDST @  0 #M  320 #B  320 Q    0 L0                   
04.02.21 10:35:36 | S   MDST @  0 #M  320 #B  320 Q    0 L0                   
04.02.21 10:35:36 |                        SWCom  END<<<<<<<<<<<<<<<<<<<      
04.02.21 11:10:55 |     >>>>>>>>>>>>>>>>>>>>SWCom START                       
04.02.21 11:10:55 | D 1,S,0,0,0,0,N,0,192.168.1.155,O,N,UHR,25,C,3,3,0,0,0,0,0
04.02.21 11:10:55 | ,0,0,401,0,0                                              
04.02.21 11:10:55 | N   PROG @  3 #M    1 #B    1 Q    0 L0                   
04.02.21 11:10:55 | N    UHR @  0 #M    1 #B    1 Q    0 L0                   
04.02.21 11:10:55 | S PLST                                                    
04.02.21 11:10:55 | S S PLST    [SL PLST]   /* Kassen - Stammdaten            
04.02.21 11:10:55 | SL PLST                                                   
04.02.21 11:11:04 | S PLST   @  0 #M  321 #B  178 Q25111 L3                   
04.02.21 11:11:04 | S PLST   @  0 #M  321 #B  179 Q25111 L3                   
04.02.21 11:11:04 | S PLST   @  0 #M  321 #B  180 Q25111 L3                   
04.02.21 11:11:04 | S PLST   @  0 #M  321 #B  181 Q25111 L3                   
04.02.21 11:11:05 | S PLST   @  0 #M  321 #B  182 Q25111 L3                   
04.02.21 11:11:05 | S PLST   @  0 #M  321 #B  183 Q25111 L3                   
04.02.21 11:11:05 | S PLST   @  0 #M  321 #B  184 Q25111 L3                   
04.02.21 11:11:05 | S PLST   @  0 #M  321 #B  185 Q25111 L3                   
04.02.21 11:11:05 | S PLST   @  0 #M  321 #B  186 Q25111 L3                   
04.02.21 11:11:05 | S PLST   @  0 #M  321 #B  187 Q25111 L3                   
04.02.21 11:11:05 | S PLST   @  0 #M  321 #B  188 Q25111 L3                   
04.02.21 11:11:05 | S PLST   @  0 #M  321 #B  189 Q25111 L3                   
04.02.21 11:11:05 | S PLST   @  0 #M  321 #B  190 Q25111 L3                   
04.02.21 11:11:05 | S PLST   @  0 #M  321 #B  191 Q25111 L3                   
04.02.21 11:11:05 | S PLST   @  0 #M  321 #B  192 Q25111 L3                   
04.02.21 11:11:05 | S PLST   @  0 #M  321 #B  193 Q25111 L3                   
04.02.21 11:11:05 | S PLST   @  0 #M  321 #B  194 Q25111 L3                   
04.02.21 11:11:05 | S PLST   @  0 #M  321 #B  195 Q25111 L3                   
04.02.21 11:11:05 | S PLST   @  0 #M  321 #B  196 Q25111 L3                   
04.02.21 11:11:05 | S PLST   @  0 #M  321 #B  197 Q25111 L3                   
04.02.21 11:11:05 | S PLST   @  0 #M  321 #B  198 Q25111 L3                   
04.02.21 11:11:05 | S PLST   @  0 #M  321 #B  199 Q25111 L3                   
04.02.21 11:11:06 | S PLST   @  0 #M  321 #B  200 Q25111 L3                   
04.02.21 11:11:06 | S PLST   @  0 #M  321 #B  201 Q25111 L3                   
04.02.21 11:11:06 | S PLST   @  0 #M  321 #B  202 Q25111 L3                   
04.02.21 11:11:06 | S PLST   @  0 #M  321 #B  203 Q25111 L3                   
04.02.21 11:11:06 | S PLST   @  0 #M  321 #B  204 Q25111 L3                   
04.02.21 11:11:06 | S PLST   @  0 #M  321 #B  205 Q25111 L3                   
04.02.21 11:11:06 | S PLST   @  0 #M  321 #B  206 Q25111 L3                   
04.02.21 11:11:06 | S PLST   @  0 #M  321 #B  207 Q25111 L3                   
04.02.21 11:11:06 | S PLST   @  0 #M  321 #B  208 Q25111 L3                   
04.02.21 11:11:06 | S PLST   @  0 #M  321 #B  209 Q25111 L3                   
04.02.21 11:11:06 | S PLST   @  0 #M  321 #B  210 Q25111 L3                   
04.02.21 11:11:06 | S PLST   @  0 #M  321 #B  211 Q25111 L3                   
04.02.21 11:11:06 | S PLST   @  0 #M  321 #B  212 Q25111 L3                   
04.02.21 11:11:06 | S PLST   @  0 #M  321 #B  213 Q25111 L3                   
04.02.21 11:11:06 | S PLST   @  0 #M  321 #B  214 Q25111 L3                   
04.02.21 11:11:06 | S PLST   @  0 #M  321 #B  215 Q25111 L3                   
04.02.21 11:11:06 | S PLST   @  0 #M  321 #B  216 Q25111 L3                   
04.02.21 11:11:06 | S PLST   @  0 #M  321 #B  217 Q25111 L3                   
04.02.21 11:11:06 | S PLST   @  0 #M  321 #B  218 Q25111 L3                   
04.02.21 11:11:06 | S PLST   @  0 #M  321 #B  219 Q25111 L3                   
04.02.21 11:11:07 | S PLST   @  0 #M  321 #B  220 Q25111 L3                   
04.02.21 11:11:07 | S PLST   @  0 #M  321 #B  221 Q25111 L3                   
04.02.21 11:11:07 | S PLST   @  0 #M  321 #B  222 Q25111 L3                   
04.02.21 11:11:07 | S PLST   @  0 #M  321 #B  223 Q25111 L3                   
04.02.21 11:11:07 | S PLST   @  0 #M  321 #B  224 Q25111 L3                   
04.02.21 11:11:07 | S PLST   @  0 #M  321 #B  225 Q25111 L3                   
04.02.21 11:11:07 | S PLST   @  0 #M  321 #B  226 Q25111 L3                   
04.02.21 11:11:07 | S PLST   @  0 #M  321 #B  227 Q25111 L3                   
04.02.21 11:11:07 | S PLST   @  0 #M  321 #B  228 Q25111 L3                   
04.02.21 11:11:07 | S PLST   @  0 #M  321 #B  229 Q25111 L3                   
04.02.21 11:11:07 | S PLST   @  0 #M  321 #B  230 Q25111 L3                   
04.02.21 11:11:07 | S PLST   @  0 #M  321 #B  231 Q25111 L3                   
04.02.21 11:11:08 | S PLST   @  0 #M  321 #B  232 Q25111 L3                   
04.02.21 11:11:08 | S PLST   @  0 #M  321 #B  233 Q25111 L3                   
04.02.21 11:11:08 | S PLST   @  0 #M  321 #B  234 Q25111 L3                   
04.02.21 11:11:08 | S PLST   @  0 #M  321 #B  235 Q25111 L3                   
04.02.21 11:11:08 | S PLST   @  0 #M  321 #B  236 Q25111 L3                   
04.02.21 11:11:08 | S PLST   @  0 #M  321 #B  237 Q25111 L3                   
04.02.21 11:11:08 | S PLST   @  0 #M  321 #B  238 Q25111 L3                   
04.02.21 11:11:08 | S PLST   @  0 #M  321 #B  239 Q25111 L3                   
04.02.21 11:11:08 | S PLST   @  0 #M  321 #B  240 Q25111 L3                   
04.02.21 11:11:08 | S PLST   @  0 #M  321 #B  241 Q25111 L3                   
04.02.21 11:11:08 | S PLST   @  0 #M  321 #B  242 Q25111 L3                   
04.02.21 11:11:08 | S PLST   @  0 #M  321 #B  243 Q25111 L3                   
04.02.21 11:11:08 | S PLST   @  0 #M  321 #B  244 Q25111 L3                   
04.02.21 11:11:08 | S PLST   @  0 #M  321 #B  245 Q25111 L3                   
04.02.21 11:11:08 | S PLST   @  0 #M  321 #B  246 Q25111 L3                   
04.02.21 11:11:08 | S PLST   @  0 #M  321 #B  247 Q25111 L3                   
04.02.21 11:11:08 | S PLST   @  0 #M  321 #B  248 Q25111 L3                   
04.02.21 11:11:08 | S PLST   @  0 #M  321 #B  249 Q25111 L3                   
04.02.21 11:11:09 | S PLST   @  0 #M  321 #B  250 Q25111 L3                   
04.02.21 11:11:09 | S PLST   @  0 #M  321 #B  251 Q25111 L3                   
04.02.21 11:11:09 | S PLST   @  0 #M  321 #B  252 Q25111 L3                   
04.02.21 11:11:09 | S PLST   @  0 #M  321 #B  253 Q25111 L3                   
04.02.21 11:11:09 | S PLST   @  0 #M  321 #B  254 Q25111 L3                   
04.02.21 11:11:09 | S PLST   @  0 #M  321 #B  255 Q25111 L3                   
04.02.21 11:11:09 | S PLST   @  0 #M  321 #B  256 Q25111 L3                   
04.02.21 11:11:09 | S PLST   @  0 #M  321 #B  257 Q25111 L3                   
04.02.21 11:11:09 | S PLST   @  0 #M  321 #B  258 Q25111 L3                   
04.02.21 11:11:09 | S PLST   @  0 #M  321 #B  259 Q25111 L3                   
04.02.21 11:11:09 | S PLST   @  0 #M  321 #B  260 Q25111 L3                   
04.02.21 11:11:09 | S PLST   @  0 #M  321 #B  261 Q25111 L3                   
04.02.21 11:11:09 | S PLST   @  0 #M  321 #B  262 Q25111 L3                   
04.02.21 11:11:09 | S PLST   @  0 #M  321 #B  263 Q25111 L3                   
04.02.21 11:11:09 | S PLST   @  0 #M  321 #B  264 Q25111 L3                   
04.02.21 11:11:09 | S PLST   @  0 #M  321 #B  265 Q25111 L3                   
04.02.21 11:11:09 | S PLST   @  0 #M  321 #B  266 Q25111 L3                   
04.02.21 11:11:09 | S PLST   @  0 #M  321 #B  267 Q25111 L3                   
04.02.21 11:11:09 | S PLST   @  0 #M  321 #B  268 Q25111 L3                   
04.02.21 11:11:10 | S PLST   @  0 #M  321 #B  269 Q25111 L3                   
04.02.21 11:11:10 | S PLST   @  0 #M  321 #B  270 Q25111 L3                   
04.02.21 11:11:10 | S PLST   @  0 #M  321 #B  271 Q25111 L3                   
04.02.21 11:11:10 | S PLST   @  0 #M  321 #B  272 Q25111 L3                   
04.02.21 11:11:10 | S PLST   @  0 #M  321 #B  273 Q25111 L3                   
04.02.21 11:11:10 | S PLST   @  0 #M  321 #B  274 Q25111 L3                   
04.02.21 11:11:10 | S PLST   @  0 #M  321 #B  275 Q25111 L3                   
04.02.21 11:11:10 | S PLST   @  0 #M  321 #B  276 Q25111 L3                   
04.02.21 11:11:10 | S PLST   @  0 #M  321 #B  277 Q25111 L3                   
04.02.21 11:11:10 | S PLST   @  0 #M  321 #B  278 Q25111 L3                   
04.02.21 11:11:10 | S PLST   @  0 #M  321 #B  279 Q25111 L3                   
04.02.21 11:11:10 | S PLST   @  0 #M  321 #B  280 Q25111 L3                   
04.02.21 11:11:10 | S PLST   @  0 #M  321 #B  281 Q25111 L3                   
04.02.21 11:11:10 | S PLST   @  0 #M  321 #B  282 Q25111 L3                   
04.02.21 11:11:10 | S PLST   @  0 #M  321 #B  283 Q25111 L3                   
04.02.21 11:11:10 | S PLST   @  0 #M  321 #B  284 Q25111 L3                   
04.02.21 11:11:10 | S PLST   @  0 #M  321 #B  285 Q25111 L3                   
04.02.21 11:11:11 | S PLST   @  0 #M  321 #B  286 Q25111 L3                   
04.02.21 11:11:11 | S PLST   @  0 #M  321 #B  287 Q25111 L3                   
04.02.21 11:11:11 | S PLST   @  0 #M  321 #B  288 Q25111 L3                   
04.02.21 11:11:11 | S PLST   @  0 #M  321 #B  289 Q25111 L3                   
04.02.21 11:11:11 | S PLST   @  0 #M  321 #B  290 Q25111 L3                   
04.02.21 11:11:11 | S PLST   @  0 #M  321 #B  291 Q25111 L3                   
04.02.21 11:11:11 | S PLST   @  0 #M  321 #B  292 Q25111 L3                   
04.02.21 11:11:11 | S PLST   @  0 #M  321 #B  293 Q25111 L3                   
04.02.21 11:11:11 | S PLST   @  0 #M  321 #B  294 Q25111 L3                   
04.02.21 11:11:11 | S PLST   @  0 #M  321 #B  295 Q25111 L3                   
04.02.21 11:11:11 | S PLST   @  0 #M  321 #B  296 Q25111 L3                   
04.02.21 11:11:11 | S PLST   @  0 #M  321 #B  297 Q25111 L3                   
04.02.21 11:11:11 | S PLST   @  0 #M  321 #B  298 Q25111 L3                   
04.02.21 11:11:11 | S PLST   @  0 #M  321 #B  299 Q25111 L3                   
04.02.21 11:11:11 | S PLST   @  0 #M  321 #B  300 Q25111 L3                   
04.02.21 11:11:11 | S PLST   @  0 #M  321 #B  301 Q25111 L3                   
04.02.21 11:11:11 | S PLST   @  0 #M  321 #B  302 Q25111 L3                   
04.02.21 11:11:11 | S PLST   @  0 #M  321 #B  303 Q25111 L3                   
04.02.21 11:11:12 | S PLST   @  0 #M  321 #B  304 Q25111 L3                   
04.02.21 11:11:12 | S PLST   @  0 #M  321 #B  305 Q25111 L3                   
04.02.21 11:11:12 | S PLST   @  0 #M  321 #B  306 Q25111 L3                   
04.02.21 11:11:12 | S PLST   @  0 #M  321 #B  307 Q25111 L3                   
04.02.21 11:11:12 | S PLST   @  0 #M  321 #B  308 Q25111 L3                   
04.02.21 11:11:12 | S PLST   @  0 #M  321 #B  309 Q25111 L3                   
04.02.21 11:11:12 | S PLST   @  0 #M  321 #B  310 Q25111 L3                   
04.02.21 11:11:12 | S PLST   @  0 #M  321 #B  311 Q25111 L3                   
04.02.21 11:11:12 | S PLST   @  0 #M  321 #B  312 Q25111 L3                   
04.02.21 11:11:12 | S PLST   @  0 #M  321 #B  313 Q25111 L3                   
04.02.21 11:11:12 | S PLST   @  0 #M  321 #B  314 Q25111 L3                   
04.02.21 11:11:12 | S PLST   @  0 #M  321 #B  315 Q25111 L3                   
04.02.21 11:11:12 | S PLST   @  0 #M  321 #B  316 Q25111 L3                   
04.02.21 11:11:12 | S PLST   @  0 #M  321 #B  317 Q25111 L3                   
04.02.21 11:11:12 | S PLST   @  0 #M  321 #B  318 Q25111 L3                   
04.02.21 11:11:12 | S PLST   @  0 #M  321 #B  319 Q25111 L3                   
04.02.21 11:11:12 | S PLST   @  0 #M  321 #B  320 Q25111 L3                   
04.02.21 11:11:12 | S   PLST @  0 #M  321 #B  321 Q    0 L0                   
04.02.21 11:11:12 | S MDST                                                    
04.02.21 11:11:12 | S S MDST    [SL MDST]       /* IMAGENES                   
04.02.21 11:11:12 | SL MDST                                                   
04.02.21 11:11:29 | S   MDST @  0 #M  320 #B  320 Q    0 L0                   
04.02.21 11:11:29 | S   MDST @  0 #M  320 #B  320 Q    0 L0                   
04.02.21 11:11:29 |                        SWCom  END<<<<<<<<<<<<<<<<<<<      
04.02.21 11:13:56 |     >>>>>>>>>>>>>>>>>>>>SWCom START                       
04.02.21 11:13:56 | D 1,S,0,0,0,0,N,0,192.168.0.55,O,N,UHR,25,C,3,3,0,0,0,0,0,
04.02.21 11:13:56 | 0,0,401,0,0                                               
04.02.21 11:13:56 | N   PROG @  2 #M    1 #B    1 Q    0 L0                   
04.02.21 11:13:56 | N    UHR @  0 #M    1 #B    1 Q    0 L0                   
04.02.21 11:13:56 | S PLST                                                    
04.02.21 11:13:56 | S S PLST    [SL PLST]   /* Kassen - Stammdaten            
04.02.21 11:13:56 | SL PLST                                                   
04.02.21 11:14:18 | S PLST   @  0 #M  321 #B  178 Q25111 L3                   
04.02.21 11:14:18 | S PLST   @  0 #M  321 #B  179 Q25111 L3                   
04.02.21 11:14:18 | S PLST   @  0 #M  321 #B  180 Q25111 L3                   
04.02.21 11:14:18 | S PLST   @  0 #M  321 #B  181 Q25111 L3                   
04.02.21 11:14:18 | S PLST   @  0 #M  321 #B  182 Q25111 L3                   
04.02.21 11:14:18 | S PLST   @  0 #M  321 #B  183 Q25111 L3                   
04.02.21 11:14:18 | S PLST   @  0 #M  321 #B  184 Q25111 L3                   
04.02.21 11:14:18 | S PLST   @  0 #M  321 #B  185 Q25111 L3                   
04.02.21 11:14:18 | S PLST   @  0 #M  321 #B  186 Q25111 L3                   
04.02.21 11:14:18 | S PLST   @  0 #M  321 #B  187 Q25111 L3                   
04.02.21 11:14:18 | S PLST   @  0 #M  321 #B  188 Q25111 L3                   
04.02.21 11:14:18 | S PLST   @  0 #M  321 #B  189 Q25111 L3                   
04.02.21 11:14:18 | S PLST   @  0 #M  321 #B  190 Q25111 L3                   
04.02.21 11:14:18 | S PLST   @  0 #M  321 #B  191 Q25111 L3                   
04.02.21 11:14:18 | S PLST   @  0 #M  321 #B  192 Q25111 L3                   
04.02.21 11:14:19 | S PLST   @  0 #M  321 #B  193 Q25111 L3                   
04.02.21 11:14:19 | S PLST   @  0 #M  321 #B  194 Q25111 L3                   
04.02.21 11:14:19 | S PLST   @  0 #M  321 #B  195 Q25111 L3                   
04.02.21 11:14:19 | S PLST   @  0 #M  321 #B  196 Q25111 L3                   
04.02.21 11:14:19 | S PLST   @  0 #M  321 #B  197 Q25111 L3                   
04.02.21 11:14:19 | S PLST   @  0 #M  321 #B  198 Q25111 L3                   
04.02.21 11:14:19 | S PLST   @  0 #M  321 #B  199 Q25111 L3                   
04.02.21 11:14:19 | S PLST   @  0 #M  321 #B  200 Q25111 L3                   
04.02.21 11:14:19 | S PLST   @  0 #M  321 #B  201 Q25111 L3                   
04.02.21 11:14:19 | S PLST   @  0 #M  321 #B  202 Q25111 L3                   
04.02.21 11:14:19 | S PLST   @  0 #M  321 #B  203 Q25111 L3                   
04.02.21 11:14:19 | S PLST   @  0 #M  321 #B  204 Q25111 L3                   
04.02.21 11:14:20 | S PLST   @  0 #M  321 #B  205 Q25111 L3                   
04.02.21 11:14:20 | S PLST   @  0 #M  321 #B  206 Q25111 L3                   
04.02.21 11:14:20 | S PLST   @  0 #M  321 #B  207 Q25111 L3                   
04.02.21 11:14:20 | S PLST   @  0 #M  321 #B  208 Q25111 L3                   
04.02.21 11:14:20 | S PLST   @  0 #M  321 #B  209 Q25111 L3                   
04.02.21 11:14:20 | S PLST   @  0 #M  321 #B  210 Q25111 L3                   
04.02.21 11:14:20 | S PLST   @  0 #M  321 #B  211 Q25111 L3                   
04.02.21 11:14:21 | S PLST   @  0 #M  321 #B  212 Q25111 L3                   
04.02.21 11:14:21 | S PLST   @  0 #M  321 #B  213 Q25111 L3                   
04.02.21 11:14:21 | S PLST   @  0 #M  321 #B  214 Q25111 L3                   
04.02.21 11:14:21 | S PLST   @  0 #M  321 #B  215 Q25111 L3                   
04.02.21 11:14:21 | S PLST   @  0 #M  321 #B  216 Q25111 L3                   
04.02.21 11:14:21 | S PLST   @  0 #M  321 #B  217 Q25111 L3                   
04.02.21 11:14:21 | S PLST   @  0 #M  321 #B  218 Q25111 L3                   
04.02.21 11:14:21 | S PLST   @  0 #M  321 #B  219 Q25111 L3                   
04.02.21 11:14:21 | S PLST   @  0 #M  321 #B  220 Q25111 L3                   
04.02.21 11:14:21 | S PLST   @  0 #M  321 #B  221 Q25111 L3                   
04.02.21 11:14:21 | S PLST   @  0 #M  321 #B  222 Q25111 L3                   
04.02.21 11:14:21 | S PLST   @  0 #M  321 #B  223 Q25111 L3                   
04.02.21 11:14:22 | S PLST   @  0 #M  321 #B  224 Q25111 L3                   
04.02.21 11:14:22 | S PLST   @  0 #M  321 #B  225 Q25111 L3                   
04.02.21 11:14:22 | S PLST   @  0 #M  321 #B  226 Q25111 L3                   
04.02.21 11:14:22 | S PLST   @  0 #M  321 #B  227 Q25111 L3                   
04.02.21 11:14:22 | S PLST   @  0 #M  321 #B  228 Q25111 L3                   
04.02.21 11:14:22 | S PLST   @  0 #M  321 #B  229 Q25111 L3                   
04.02.21 11:14:22 | S PLST   @  0 #M  321 #B  230 Q25111 L3                   
04.02.21 11:14:22 | S PLST   @  0 #M  321 #B  231 Q25111 L3                   
04.02.21 11:14:22 | S PLST   @  0 #M  321 #B  232 Q25111 L3                   
04.02.21 11:14:22 | S PLST   @  0 #M  321 #B  233 Q25111 L3                   
04.02.21 11:14:22 | S PLST   @  0 #M  321 #B  234 Q25111 L3                   
04.02.21 11:14:22 | S PLST   @  0 #M  321 #B  235 Q25111 L3                   
04.02.21 11:14:22 | S PLST   @  0 #M  321 #B  236 Q25111 L3                   
04.02.21 11:14:23 | S PLST   @  0 #M  321 #B  237 Q25111 L3                   
04.02.21 11:14:23 | S PLST   @  0 #M  321 #B  238 Q25111 L3                   
04.02.21 11:14:23 | S PLST   @  0 #M  321 #B  239 Q25111 L3                   
04.02.21 11:14:23 | S PLST   @  0 #M  321 #B  240 Q25111 L3                   
04.02.21 11:14:23 | S PLST   @  0 #M  321 #B  241 Q25111 L3                   
04.02.21 11:14:23 | S PLST   @  0 #M  321 #B  242 Q25111 L3                   
04.02.21 11:14:23 | S PLST   @  0 #M  321 #B  243 Q25111 L3                   
04.02.21 11:14:23 | S PLST   @  0 #M  321 #B  244 Q25111 L3                   
04.02.21 11:14:23 | S PLST   @  0 #M  321 #B  245 Q25111 L3                   
04.02.21 11:14:23 | S PLST   @  0 #M  321 #B  246 Q25111 L3                   
04.02.21 11:14:23 | S PLST   @  0 #M  321 #B  247 Q25111 L3                   
04.02.21 11:14:23 | S PLST   @  0 #M  321 #B  248 Q25111 L3                   
04.02.21 11:14:23 | S PLST   @  0 #M  321 #B  249 Q25111 L3                   
04.02.21 11:14:23 | S PLST   @  0 #M  321 #B  250 Q25111 L3                   
04.02.21 11:14:24 | S PLST   @  0 #M  321 #B  251 Q25111 L3                   
04.02.21 11:14:24 | S PLST   @  0 #M  321 #B  252 Q25111 L3                   
04.02.21 11:14:26 | S PLST   @  0 #M  321 #B  253 Q25111 L3                   
04.02.21 11:14:26 | S PLST   @  0 #M  321 #B  254 Q25111 L3                   
04.02.21 11:14:26 | S PLST   @  0 #M  321 #B  255 Q25111 L3                   
04.02.21 11:14:26 | S PLST   @  0 #M  321 #B  256 Q25111 L3                   
04.02.21 11:14:26 | S PLST   @  0 #M  321 #B  257 Q25111 L3                   
04.02.21 11:14:26 | S PLST   @  0 #M  321 #B  258 Q25111 L3                   
04.02.21 11:14:26 | S PLST   @  0 #M  321 #B  259 Q25111 L3                   
04.02.21 11:14:26 | S PLST   @  0 #M  321 #B  260 Q25111 L3                   
04.02.21 11:14:27 | S PLST   @  0 #M  321 #B  261 Q25111 L3                   
04.02.21 11:14:27 | S PLST   @  0 #M  321 #B  262 Q25111 L3                   
04.02.21 11:14:27 | S PLST   @  0 #M  321 #B  263 Q25111 L3                   
04.02.21 11:14:27 | S PLST   @  0 #M  321 #B  264 Q25111 L3                   
04.02.21 11:14:27 | S PLST   @  0 #M  321 #B  265 Q25111 L3                   
04.02.21 11:14:27 | S PLST   @  0 #M  321 #B  266 Q25111 L3                   
04.02.21 11:14:28 | S PLST   @  0 #M  321 #B  267 Q25111 L3                   
04.02.21 11:14:28 | S PLST   @  0 #M  321 #B  268 Q25111 L3                   
04.02.21 11:14:28 | S PLST   @  0 #M  321 #B  269 Q25111 L3                   
04.02.21 11:14:28 | S PLST   @  0 #M  321 #B  270 Q25111 L3                   
04.02.21 11:14:29 | S PLST   @  0 #M  321 #B  271 Q25111 L3                   
04.02.21 11:14:29 | S PLST   @  0 #M  321 #B  272 Q25111 L3                   
04.02.21 11:14:29 | S PLST   @  0 #M  321 #B  273 Q25111 L3                   
04.02.21 11:14:30 | S PLST   @  0 #M  321 #B  274 Q25111 L3                   
04.02.21 11:14:30 | S PLST   @  0 #M  321 #B  275 Q25111 L3                   
04.02.21 11:14:31 | S PLST   @  0 #M  321 #B  276 Q25111 L3                   
04.02.21 11:14:31 | S PLST   @  0 #M  321 #B  277 Q25111 L3                   
04.02.21 11:14:31 | S PLST   @  0 #M  321 #B  278 Q25111 L3                   
04.02.21 11:14:31 | S PLST   @  0 #M  321 #B  279 Q25111 L3                   
04.02.21 11:14:31 | S PLST   @  0 #M  321 #B  280 Q25111 L3                   
04.02.21 11:14:31 | S PLST   @  0 #M  321 #B  281 Q25111 L3                   
04.02.21 11:14:31 | S PLST   @  0 #M  321 #B  282 Q25111 L3                   
04.02.21 11:14:31 | S PLST   @  0 #M  321 #B  283 Q25111 L3                   
04.02.21 11:14:31 | S PLST   @  0 #M  321 #B  284 Q25111 L3                   
04.02.21 11:14:31 | S PLST   @  0 #M  321 #B  285 Q25111 L3                   
04.02.21 11:14:32 | S PLST   @  0 #M  321 #B  286 Q25111 L3                   
04.02.21 11:14:32 | S PLST   @  0 #M  321 #B  287 Q25111 L3                   
04.02.21 11:14:32 | S PLST   @  0 #M  321 #B  288 Q25111 L3                   
04.02.21 11:14:32 | S PLST   @  0 #M  321 #B  289 Q25111 L3                   
04.02.21 11:14:32 | S PLST   @  0 #M  321 #B  290 Q25111 L3                   
04.02.21 11:14:32 | S PLST   @  0 #M  321 #B  291 Q25111 L3                   
04.02.21 11:14:33 | S PLST   @  0 #M  321 #B  292 Q25111 L3                   
04.02.21 11:14:33 | S PLST   @  0 #M  321 #B  293 Q25111 L3                   
04.02.21 11:14:33 | S PLST   @  0 #M  321 #B  294 Q25111 L3                   
04.02.21 11:14:33 | S PLST   @  0 #M  321 #B  295 Q25111 L3                   
04.02.21 11:14:33 | S PLST   @  0 #M  321 #B  296 Q25111 L3                   
04.02.21 11:14:33 | S PLST   @  0 #M  321 #B  297 Q25111 L3                   
04.02.21 11:14:33 | S PLST   @  0 #M  321 #B  298 Q25111 L3                   
04.02.21 11:14:33 | S PLST   @  0 #M  321 #B  299 Q25111 L3                   
04.02.21 11:14:33 | S PLST   @  0 #M  321 #B  300 Q25111 L3                   
04.02.21 11:14:33 | S PLST   @  0 #M  321 #B  301 Q25111 L3                   
04.02.21 11:14:33 | S PLST   @  0 #M  321 #B  302 Q25111 L3                   
04.02.21 11:14:33 | S PLST   @  0 #M  321 #B  303 Q25111 L3                   
04.02.21 11:14:33 | S PLST   @  0 #M  321 #B  304 Q25111 L3                   
04.02.21 11:14:34 | S PLST   @  0 #M  321 #B  305 Q25111 L3                   
04.02.21 11:14:34 | S PLST   @  0 #M  321 #B  306 Q25111 L3                   
04.02.21 11:14:34 | S PLST   @  0 #M  321 #B  307 Q25111 L3                   
04.02.21 11:14:34 | S PLST   @  0 #M  321 #B  308 Q25111 L3                   
04.02.21 11:14:34 | S PLST   @  0 #M  321 #B  309 Q25111 L3                   
04.02.21 11:14:34 | S PLST   @  0 #M  321 #B  310 Q25111 L3                   
04.02.21 11:14:34 | S PLST   @  0 #M  321 #B  311 Q25111 L3                   
04.02.21 11:14:35 | S PLST   @  0 #M  321 #B  312 Q25111 L3                   
04.02.21 11:14:35 | S PLST   @  0 #M  321 #B  313 Q25111 L3                   
04.02.21 11:14:35 | S PLST   @  0 #M  321 #B  314 Q25111 L3                   
04.02.21 11:14:35 | S PLST   @  0 #M  321 #B  315 Q25111 L3                   
04.02.21 11:14:35 | S PLST   @  0 #M  321 #B  316 Q25111 L3                   
04.02.21 11:14:35 | S PLST   @  0 #M  321 #B  317 Q25111 L3                   
04.02.21 11:14:35 | S PLST   @  0 #M  321 #B  318 Q25111 L3                   
04.02.21 11:14:35 | S PLST   @  0 #M  321 #B  319 Q25111 L3                   
04.02.21 11:14:35 | S PLST   @  0 #M  321 #B  320 Q25111 L3                   
04.02.21 11:14:36 | S   PLST @  0 #M  321 #B  321 Q    0 L0                   
04.02.21 11:14:36 | S MDST                                                    
04.02.21 11:14:36 | S S MDST    [SL MDST]       /* IMAGENES                   
04.02.21 11:14:36 | SL MDST                                                   
04.02.21 11:15:16 | S        @  0 #M  320 #B    8 Q25069 L0                   
04.02.21 11:15:16 | S        @  0 #M  320 #B    9 Q25069 L0                   
04.02.21 11:15:16 | S        @  0 #M  320 #B   10 Q25069 L0                   
04.02.21 11:15:16 | S        @  0 #M  320 #B   11 Q25069 L0                   
04.02.21 11:15:16 | S        @  0 #M  320 #B   12 Q25069 L0                   
04.02.21 11:15:16 | S        @  0 #M  320 #B   13 Q25069 L0                   
04.02.21 11:15:16 | S        @  0 #M  320 #B   14 Q25069 L0                   
04.02.21 11:15:16 | S        @  0 #M  320 #B   15 Q25069 L0                   
04.02.21 11:15:16 | S        @  0 #M  320 #B   16 Q25069 L0                   
04.02.21 11:15:16 | S        @  0 #M  320 #B   17 Q25069 L0                   
04.02.21 11:15:16 | S        @  0 #M  320 #B   18 Q25069 L0                   
04.02.21 11:15:16 | S        @  0 #M  320 #B   19 Q25069 L0                   
04.02.21 11:15:16 | S        @  0 #M  320 #B   20 Q25069 L0                   
04.02.21 11:15:16 | S        @  0 #M  320 #B   21 Q25069 L0                   
04.02.21 11:15:16 | S        @  0 #M  320 #B   22 Q25069 L0                   
04.02.21 11:15:16 | S        @  0 #M  320 #B   23 Q25069 L0                   
04.02.21 11:15:16 | S        @  0 #M  320 #B   24 Q25069 L0                   
04.02.21 11:15:16 | S        @  0 #M  320 #B   25 Q25069 L0                   
04.02.21 11:15:16 | S        @  0 #M  320 #B   26 Q25069 L0                   
04.02.21 11:15:16 | S        @  0 #M  320 #B   27 Q25069 L0                   
04.02.21 11:15:16 | S        @  0 #M  320 #B   28 Q25069 L0                   
04.02.21 11:15:16 | S        @  0 #M  320 #B   29 Q25069 L0                   
04.02.21 11:15:16 | S        @  0 #M  320 #B   30 Q25069 L0                   
04.02.21 11:15:16 | S        @  0 #M  320 #B   31 Q25069 L0                   
04.02.21 11:15:16 | S        @  0 #M  320 #B   32 Q25069 L0                   
04.02.21 11:15:16 | S        @  0 #M  320 #B   33 Q25069 L0                   
04.02.21 11:15:16 | S        @  0 #M  320 #B   34 Q25069 L0                   
04.02.21 11:15:16 | S        @  0 #M  320 #B   35 Q25069 L0                   
04.02.21 11:15:16 | S        @  0 #M  320 #B   36 Q25069 L0                   
04.02.21 11:15:16 | S        @  0 #M  320 #B   37 Q25069 L0                   
04.02.21 11:15:16 | S        @  0 #M  320 #B   38 Q25069 L0                   
04.02.21 11:15:16 | S        @  0 #M  320 #B   39 Q25069 L0                   
04.02.21 11:15:16 | S        @  0 #M  320 #B   40 Q25069 L0                   
04.02.21 11:15:16 | S        @  0 #M  320 #B   41 Q25069 L0                   
04.02.21 11:15:16 | S        @  0 #M  320 #B   42 Q25069 L0                   
04.02.21 11:15:16 | S        @  0 #M  320 #B   43 Q25069 L0                   
04.02.21 11:15:16 | S        @  0 #M  320 #B   44 Q25069 L0                   
04.02.21 11:15:16 | S        @  0 #M  320 #B   45 Q25069 L0                   
04.02.21 11:15:16 | S        @  0 #M  320 #B   46 Q25069 L0                   
04.02.21 11:15:16 | S        @  0 #M  320 #B   47 Q25069 L0                   
04.02.21 11:15:16 | S        @  0 #M  320 #B   48 Q25069 L0                   
04.02.21 11:15:16 | S        @  0 #M  320 #B   49 Q25069 L0                   
04.02.21 11:15:16 | S        @  0 #M  320 #B   50 Q25069 L0                   
04.02.21 11:15:16 | S        @  0 #M  320 #B   51 Q25069 L0                   
04.02.21 11:15:16 | S        @  0 #M  320 #B   52 Q25069 L0                   
04.02.21 11:15:16 | S        @  0 #M  320 #B   53 Q25069 L0                   
04.02.21 11:15:16 | S        @  0 #M  320 #B   54 Q25069 L0                   
04.02.21 11:15:16 | S        @  0 #M  320 #B   55 Q25069 L0                   
04.02.21 11:15:16 | S        @  0 #M  320 #B   56 Q25069 L0                   
04.02.21 11:15:16 | S        @  0 #M  320 #B   57 Q25069 L0                   
04.02.21 11:15:16 | S        @  0 #M  320 #B   58 Q25069 L0                   
04.02.21 11:15:16 | S        @  0 #M  320 #B   59 Q25069 L0                   
04.02.21 11:15:16 | S        @  0 #M  320 #B   60 Q25069 L0                   
04.02.21 11:15:16 | S        @  0 #M  320 #B   61 Q25069 L0                   
04.02.21 11:15:16 | S        @  0 #M  320 #B   62 Q25069 L0                   
04.02.21 11:15:16 | S        @  0 #M  320 #B   63 Q25069 L0                   
04.02.21 11:15:16 | S        @  0 #M  320 #B   64 Q25069 L0                   
04.02.21 11:15:16 | S        @  0 #M  320 #B   65 Q25069 L0                   
04.02.21 11:15:16 | S        @  0 #M  320 #B   66 Q25069 L0                   
04.02.21 11:15:16 | S        @  0 #M  320 #B   67 Q25069 L0                   
04.02.21 11:15:16 | S        @  0 #M  320 #B   68 Q25069 L0                   
04.02.21 11:15:16 | S        @  0 #M  320 #B   69 Q25069 L0                   
04.02.21 11:15:16 | S        @  0 #M  320 #B   70 Q25069 L0                   
04.02.21 11:15:16 | S        @  0 #M  320 #B   71 Q25069 L0                   
04.02.21 11:15:16 | S        @  0 #M  320 #B   72 Q25069 L0                   
04.02.21 11:15:16 | S        @  0 #M  320 #B   73 Q25069 L0                   
04.02.21 11:15:16 | S        @  0 #M  320 #B   74 Q25069 L0                   
04.02.21 11:15:16 | S        @  0 #M  320 #B   75 Q25069 L0                   
04.02.21 11:15:16 | S        @  0 #M  320 #B   76 Q25069 L0                   
04.02.21 11:15:16 | S        @  0 #M  320 #B   77 Q25069 L0                   
04.02.21 11:15:16 | S        @  0 #M  320 #B   78 Q25069 L0                   
04.02.21 11:15:16 | S        @  0 #M  320 #B   79 Q25069 L0                   
04.02.21 11:15:16 | S        @  0 #M  320 #B   80 Q25069 L0                   
04.02.21 11:15:16 | S        @  0 #M  320 #B   81 Q25069 L0                   
04.02.21 11:15:16 | S        @  0 #M  320 #B   82 Q25069 L0                   
04.02.21 11:15:16 | S        @  0 #M  320 #B   83 Q25069 L0                   
04.02.21 11:15:16 | S        @  0 #M  320 #B   84 Q25069 L0                   
04.02.21 11:15:16 | S        @  0 #M  320 #B   85 Q25069 L0                   
04.02.21 11:15:16 | S        @  0 #M  320 #B   86 Q25069 L0                   
04.02.21 11:15:16 | S        @  0 #M  320 #B   87 Q25069 L0                   
04.02.21 11:15:16 | S        @  0 #M  320 #B   88 Q25069 L0                   
04.02.21 11:15:16 | S        @  0 #M  320 #B   89 Q25069 L0                   
04.02.21 11:15:16 | S        @  0 #M  320 #B   90 Q25069 L0                   
04.02.21 11:15:16 | S        @  0 #M  320 #B   91 Q25069 L0                   
04.02.21 11:15:16 | S        @  0 #M  320 #B   92 Q25069 L0                   
04.02.21 11:15:16 | S        @  0 #M  320 #B   93 Q25069 L0                   
04.02.21 11:15:17 | S        @  0 #M  320 #B   94 Q25069 L0                   
04.02.21 11:15:17 | S        @  0 #M  320 #B   95 Q25069 L0                   
04.02.21 11:15:17 | S        @  0 #M  320 #B   96 Q25069 L0                   
04.02.21 11:15:17 | S        @  0 #M  320 #B   97 Q25069 L0                   
04.02.21 11:15:17 | S        @  0 #M  320 #B   98 Q25069 L0                   
04.02.21 11:15:17 | S        @  0 #M  320 #B   99 Q25069 L0                   
04.02.21 11:15:17 | S        @  0 #M  320 #B  100 Q25069 L0                   
04.02.21 11:15:17 | S        @  0 #M  320 #B  101 Q25069 L0                   
04.02.21 11:15:17 | S        @  0 #M  320 #B  102 Q25069 L0                   
04.02.21 11:15:17 | S        @  0 #M  320 #B  103 Q25069 L0                   
04.02.21 11:15:17 | S        @  0 #M  320 #B  104 Q25069 L0                   
04.02.21 11:15:17 | S        @  0 #M  320 #B  105 Q25069 L0                   
04.02.21 11:15:17 | S        @  0 #M  320 #B  106 Q25069 L0                   
04.02.21 11:15:17 | S        @  0 #M  320 #B  107 Q25069 L0                   
04.02.21 11:15:17 | S        @  0 #M  320 #B  108 Q25069 L0                   
04.02.21 11:15:17 | S        @  0 #M  320 #B  109 Q25069 L0                   
04.02.21 11:15:17 | S        @  0 #M  320 #B  110 Q25069 L0                   
04.02.21 11:15:17 | S        @  0 #M  320 #B  111 Q25069 L0                   
04.02.21 11:15:17 | S        @  0 #M  320 #B  112 Q25069 L0                   
04.02.21 11:15:17 | S        @  0 #M  320 #B  113 Q25069 L0                   
04.02.21 11:15:17 | S        @  0 #M  320 #B  114 Q25069 L0                   
04.02.21 11:15:17 | S        @  0 #M  320 #B  115 Q25069 L0                   
04.02.21 11:15:17 | S        @  0 #M  320 #B  116 Q25069 L0                   
04.02.21 11:15:17 | S        @  0 #M  320 #B  117 Q25069 L0                   
04.02.21 11:15:17 | S        @  0 #M  320 #B  118 Q25069 L0                   
04.02.21 11:15:17 | S        @  0 #M  320 #B  119 Q25069 L0                   
04.02.21 11:15:17 | S        @  0 #M  320 #B  120 Q25069 L0                   
04.02.21 11:15:17 | S        @  0 #M  320 #B  121 Q25069 L0                   
04.02.21 11:15:17 | S        @  0 #M  320 #B  122 Q25069 L0                   
04.02.21 11:15:17 | S        @  0 #M  320 #B  123 Q25069 L0                   
04.02.21 11:15:17 | S        @  0 #M  320 #B  124 Q25069 L0                   
04.02.21 11:15:17 | S        @  0 #M  320 #B  125 Q25069 L0                   
04.02.21 11:15:17 | S        @  0 #M  320 #B  126 Q25069 L0                   
04.02.21 11:15:17 | S        @  0 #M  320 #B  127 Q25069 L0                   
04.02.21 11:15:17 | S        @  0 #M  320 #B  128 Q25069 L0                   
04.02.21 11:15:17 | S        @  0 #M  320 #B  129 Q25069 L0                   
04.02.21 11:15:17 | S        @  0 #M  320 #B  130 Q25069 L0                   
04.02.21 11:15:17 | S        @  0 #M  320 #B  131 Q25069 L0                   
04.02.21 11:15:17 | S        @  0 #M  320 #B  132 Q25069 L0                   
04.02.21 11:15:17 | S        @  0 #M  320 #B  133 Q25069 L0                   
04.02.21 11:15:17 | S        @  0 #M  320 #B  134 Q25069 L0                   
04.02.21 11:15:17 | S        @  0 #M  320 #B  135 Q25069 L0                   
04.02.21 11:15:17 | S        @  0 #M  320 #B  136 Q25069 L0                   
04.02.21 11:15:17 | S        @  0 #M  320 #B  137 Q25069 L0                   
04.02.21 11:15:17 | S        @  0 #M  320 #B  138 Q25069 L0                   
04.02.21 11:15:17 | S        @  0 #M  320 #B  139 Q25069 L0                   
04.02.21 11:15:17 | S        @  0 #M  320 #B  140 Q25069 L0                   
04.02.21 11:15:17 | S        @  0 #M  320 #B  141 Q25069 L0                   
04.02.21 11:15:17 | S        @  0 #M  320 #B  142 Q25069 L0                   
04.02.21 11:15:17 | S        @  0 #M  320 #B  143 Q25069 L0                   
04.02.21 11:15:17 | S        @  0 #M  320 #B  144 Q25069 L0                   
04.02.21 11:15:17 | S        @  0 #M  320 #B  145 Q25069 L0                   
04.02.21 11:15:17 | S        @  0 #M  320 #B  146 Q25069 L0                   
04.02.21 11:15:17 | S        @  0 #M  320 #B  147 Q25069 L0                   
04.02.21 11:15:17 | S        @  0 #M  320 #B  148 Q25069 L0                   
04.02.21 11:15:17 | S        @  0 #M  320 #B  149 Q25069 L0                   
04.02.21 11:15:17 | S        @  0 #M  320 #B  150 Q25069 L0                   
04.02.21 11:15:17 | S        @  0 #M  320 #B  151 Q25069 L0                   
04.02.21 11:15:17 | S        @  0 #M  320 #B  152 Q25069 L0                   
04.02.21 11:15:17 | S        @  0 #M  320 #B  153 Q25069 L0                   
04.02.21 11:15:17 | S        @  0 #M  320 #B  154 Q25069 L0                   
04.02.21 11:15:17 | S        @  0 #M  320 #B  155 Q25069 L0                   
04.02.21 11:15:17 | S        @  0 #M  320 #B  156 Q25069 L0                   
04.02.21 11:15:17 | S        @  0 #M  320 #B  157 Q25069 L0                   
04.02.21 11:15:17 | S        @  0 #M  320 #B  158 Q25069 L0                   
04.02.21 11:15:17 | S        @  0 #M  320 #B  159 Q25069 L0                   
04.02.21 11:15:17 | S        @  0 #M  320 #B  160 Q25069 L0                   
04.02.21 11:15:17 | S        @  0 #M  320 #B  161 Q25069 L0                   
04.02.21 11:15:17 | S        @  0 #M  320 #B  162 Q25069 L0                   
04.02.21 11:15:17 | S        @  0 #M  320 #B  163 Q25069 L0                   
04.02.21 11:15:17 | S        @  0 #M  320 #B  164 Q25069 L0                   
04.02.21 11:15:17 | S        @  0 #M  320 #B  165 Q25069 L0                   
04.02.21 11:15:17 | S        @  0 #M  320 #B  166 Q25069 L0                   
04.02.21 11:15:17 | S        @  0 #M  320 #B  167 Q25069 L0                   
04.02.21 11:15:17 | S        @  0 #M  320 #B  168 Q25069 L0                   
04.02.21 11:15:17 | S        @  0 #M  320 #B  169 Q25069 L0                   
04.02.21 11:15:17 | S        @  0 #M  320 #B  170 Q25069 L0                   
04.02.21 11:15:17 | S        @  0 #M  320 #B  171 Q25069 L0                   
04.02.21 11:15:17 | S        @  0 #M  320 #B  172 Q25069 L0                   
04.02.21 11:15:17 | S        @  0 #M  320 #B  173 Q25069 L0                   
04.02.21 11:15:17 | S        @  0 #M  320 #B  174 Q25069 L0                   
04.02.21 11:15:17 | S        @  0 #M  320 #B  175 Q25069 L0                   
04.02.21 11:15:17 | S        @  0 #M  320 #B  176 Q25069 L0                   
04.02.21 11:15:17 | S        @  0 #M  320 #B  177 Q25069 L0                   
04.02.21 11:15:17 | S        @  0 #M  320 #B  178 Q25069 L0                   
04.02.21 11:15:17 | S        @  0 #M  320 #B  179 Q25069 L0                   
04.02.21 11:15:17 | S        @  0 #M  320 #B  180 Q25069 L0                   
04.02.21 11:15:17 | S        @  0 #M  320 #B  181 Q25069 L0                   
04.02.21 11:15:17 | S        @  0 #M  320 #B  182 Q25069 L0                   
04.02.21 11:15:17 | S        @  0 #M  320 #B  183 Q25069 L0                   
04.02.21 11:15:17 | S        @  0 #M  320 #B  184 Q25069 L0                   
04.02.21 11:15:17 | S        @  0 #M  320 #B  185 Q25069 L0                   
04.02.21 11:15:17 | S        @  0 #M  320 #B  186 Q25069 L0                   
04.02.21 11:15:17 | S        @  0 #M  320 #B  187 Q25069 L0                   
04.02.21 11:15:17 | S        @  0 #M  320 #B  188 Q25069 L0                   
04.02.21 11:15:17 | S        @  0 #M  320 #B  189 Q25069 L0                   
04.02.21 11:15:17 | S        @  0 #M  320 #B  190 Q25069 L0                   
04.02.21 11:15:17 | S        @  0 #M  320 #B  191 Q25069 L0                   
04.02.21 11:15:17 | S        @  0 #M  320 #B  192 Q25069 L0                   
04.02.21 11:15:17 | S        @  0 #M  320 #B  193 Q25069 L0                   
04.02.21 11:15:17 | S        @  0 #M  320 #B  194 Q25069 L0                   
04.02.21 11:15:17 | S        @  0 #M  320 #B  195 Q25069 L0                   
04.02.21 11:15:17 | S        @  0 #M  320 #B  196 Q25069 L0                   
04.02.21 11:15:17 | S        @  0 #M  320 #B  197 Q25069 L0                   
04.02.21 11:15:17 | S        @  0 #M  320 #B  198 Q25069 L0                   
04.02.21 11:15:17 | S        @  0 #M  320 #B  199 Q25069 L0                   
04.02.21 11:15:17 | S        @  0 #M  320 #B  200 Q25069 L0                   
04.02.21 11:15:17 | S        @  0 #M  320 #B  201 Q25069 L0                   
04.02.21 11:15:17 | S        @  0 #M  320 #B  202 Q25069 L0                   
04.02.21 11:15:17 | S        @  0 #M  320 #B  203 Q25069 L0                   
04.02.21 11:15:17 | S        @  0 #M  320 #B  204 Q25069 L0                   
04.02.21 11:15:17 | S        @  0 #M  320 #B  205 Q25069 L0                   
04.02.21 11:15:17 | S        @  0 #M  320 #B  206 Q25069 L0                   
04.02.21 11:15:17 | S        @  0 #M  320 #B  207 Q25069 L0                   
04.02.21 11:15:17 | S        @  0 #M  320 #B  208 Q25069 L0                   
04.02.21 11:15:17 | S        @  0 #M  320 #B  209 Q25069 L0                   
04.02.21 11:15:17 | S        @  0 #M  320 #B  210 Q25069 L0                   
04.02.21 11:15:17 | S        @  0 #M  320 #B  211 Q25069 L0                   
04.02.21 11:15:17 | S        @  0 #M  320 #B  212 Q25069 L0                   
04.02.21 11:15:17 | S        @  0 #M  320 #B  213 Q25069 L0                   
04.02.21 11:15:17 | S        @  0 #M  320 #B  214 Q25069 L0                   
04.02.21 11:15:17 | S        @  0 #M  320 #B  215 Q25069 L0                   
04.02.21 11:15:17 | S        @  0 #M  320 #B  216 Q25069 L0                   
04.02.21 11:15:17 | S        @  0 #M  320 #B  217 Q25069 L0                   
04.02.21 11:15:17 | S        @  0 #M  320 #B  218 Q25069 L0                   
04.02.21 11:15:17 | S        @  0 #M  320 #B  219 Q25069 L0                   
04.02.21 11:15:17 | S        @  0 #M  320 #B  220 Q25069 L0                   
04.02.21 11:15:17 | S        @  0 #M  320 #B  221 Q25069 L0                   
04.02.21 11:15:17 | S        @  0 #M  320 #B  222 Q25069 L0                   
04.02.21 11:15:17 | S        @  0 #M  320 #B  223 Q25069 L0                   
04.02.21 11:15:17 | S        @  0 #M  320 #B  224 Q25069 L0                   
04.02.21 11:15:17 | S        @  0 #M  320 #B  225 Q25069 L0                   
04.02.21 11:15:17 | S        @  0 #M  320 #B  226 Q25069 L0                   
04.02.21 11:15:17 | S        @  0 #M  320 #B  227 Q25069 L0                   
04.02.21 11:15:17 | S        @  0 #M  320 #B  228 Q25069 L0                   
04.02.21 11:15:17 | S        @  0 #M  320 #B  229 Q25069 L0                   
04.02.21 11:15:17 | S        @  0 #M  320 #B  230 Q25069 L0                   
04.02.21 11:15:17 | S        @  0 #M  320 #B  231 Q25069 L0                   
04.02.21 11:15:17 | S        @  0 #M  320 #B  232 Q25069 L0                   
04.02.21 11:15:17 | S        @  0 #M  320 #B  233 Q25069 L0                   
04.02.21 11:15:17 | S        @  0 #M  320 #B  234 Q25069 L0                   
04.02.21 11:15:17 | S        @  0 #M  320 #B  235 Q25069 L0                   
04.02.21 11:15:17 | S        @  0 #M  320 #B  236 Q25069 L0                   
04.02.21 11:15:17 | S        @  0 #M  320 #B  237 Q25069 L0                   
04.02.21 11:15:17 | S        @  0 #M  320 #B  238 Q25069 L0                   
04.02.21 11:15:17 | S        @  0 #M  320 #B  239 Q25069 L0                   
04.02.21 11:15:17 | S        @  0 #M  320 #B  240 Q25069 L0                   
04.02.21 11:15:17 | S        @  0 #M  320 #B  241 Q25069 L0                   
04.02.21 11:15:17 | S        @  0 #M  320 #B  242 Q25069 L0                   
04.02.21 11:15:17 | S        @  0 #M  320 #B  243 Q25069 L0                   
04.02.21 11:15:17 | S        @  0 #M  320 #B  244 Q25069 L0                   
04.02.21 11:15:17 | S        @  0 #M  320 #B  245 Q25069 L0                   
04.02.21 11:15:17 | S        @  0 #M  320 #B  246 Q25069 L0                   
04.02.21 11:15:17 | S        @  0 #M  320 #B  247 Q25069 L0                   
04.02.21 11:15:17 | S        @  0 #M  320 #B  248 Q25069 L0                   
04.02.21 11:15:17 | S        @  0 #M  320 #B  249 Q25069 L0                   
04.02.21 11:15:17 | S        @  0 #M  320 #B  250 Q25069 L0                   
04.02.21 11:15:17 | S        @  0 #M  320 #B  251 Q25069 L0                   
04.02.21 11:15:17 | S        @  0 #M  320 #B  252 Q25069 L0                   
04.02.21 11:15:17 | S        @  0 #M  320 #B  253 Q25069 L0                   
04.02.21 11:15:17 | S        @  0 #M  320 #B  254 Q25069 L0                   
04.02.21 11:15:17 | S        @  0 #M  320 #B  255 Q25069 L0                   
04.02.21 11:15:17 | S        @  0 #M  320 #B  256 Q25069 L0                   
04.02.21 11:15:17 | S        @  0 #M  320 #B  257 Q25069 L0                   
04.02.21 11:15:17 | S        @  0 #M  320 #B  258 Q25069 L0                   
04.02.21 11:15:17 | S        @  0 #M  320 #B  259 Q25069 L0                   
04.02.21 11:15:17 | S        @  0 #M  320 #B  260 Q25069 L0                   
04.02.21 11:15:17 | S        @  0 #M  320 #B  261 Q25069 L0                   
04.02.21 11:15:17 | S        @  0 #M  320 #B  262 Q25069 L0                   
04.02.21 11:15:17 | S        @  0 #M  320 #B  263 Q25069 L0                   
04.02.21 11:15:17 | S        @  0 #M  320 #B  264 Q25069 L0                   
04.02.21 11:15:17 | S        @  0 #M  320 #B  265 Q25069 L0                   
04.02.21 11:15:17 | S        @  0 #M  320 #B  266 Q25069 L0                   
04.02.21 11:15:17 | S        @  0 #M  320 #B  267 Q25069 L0                   
04.02.21 11:15:17 | S        @  0 #M  320 #B  268 Q25069 L0                   
04.02.21 11:15:17 | S        @  0 #M  320 #B  269 Q25069 L0                   
04.02.21 11:15:17 | S        @  0 #M  320 #B  270 Q25069 L0                   
04.02.21 11:15:17 | S        @  0 #M  320 #B  271 Q25069 L0                   
04.02.21 11:15:17 | S        @  0 #M  320 #B  272 Q25069 L0                   
04.02.21 11:15:17 | S        @  0 #M  320 #B  273 Q25069 L0                   
04.02.21 11:15:17 | S        @  0 #M  320 #B  274 Q25069 L0                   
04.02.21 11:15:17 | S        @  0 #M  320 #B  275 Q25069 L0                   
04.02.21 11:15:17 | S        @  0 #M  320 #B  276 Q25069 L0                   
04.02.21 11:15:17 | S        @  0 #M  320 #B  277 Q25069 L0                   
04.02.21 11:15:17 | S        @  0 #M  320 #B  278 Q25069 L0                   
04.02.21 11:15:17 | S        @  0 #M  320 #B  279 Q25069 L0                   
04.02.21 11:15:17 | S        @  0 #M  320 #B  280 Q25069 L0                   
04.02.21 11:15:17 | S        @  0 #M  320 #B  281 Q25069 L0                   
04.02.21 11:15:17 | S        @  0 #M  320 #B  282 Q25069 L0                   
04.02.21 11:15:17 | S        @  0 #M  320 #B  283 Q25069 L0                   
04.02.21 11:15:17 | S        @  0 #M  320 #B  284 Q25069 L0                   
04.02.21 11:15:17 | S        @  0 #M  320 #B  285 Q25069 L0                   
04.02.21 11:15:17 | S        @  0 #M  320 #B  286 Q25069 L0                   
04.02.21 11:15:17 | S        @  0 #M  320 #B  287 Q25069 L0                   
04.02.21 11:15:17 | S        @  0 #M  320 #B  288 Q25069 L0                   
04.02.21 11:15:17 | S        @  0 #M  320 #B  289 Q25069 L0                   
04.02.21 11:15:17 | S        @  0 #M  320 #B  290 Q25069 L0                   
04.02.21 11:15:17 | S        @  0 #M  320 #B  291 Q25069 L0                   
04.02.21 11:15:17 | S        @  0 #M  320 #B  292 Q25069 L0                   
04.02.21 11:15:17 | S        @  0 #M  320 #B  293 Q25069 L0                   
04.02.21 11:15:17 | S        @  0 #M  320 #B  294 Q25069 L0                   
04.02.21 11:15:17 | S        @  0 #M  320 #B  295 Q25069 L0                   
04.02.21 11:15:17 | S        @  0 #M  320 #B  296 Q25069 L0                   
04.02.21 11:15:17 | S        @  0 #M  320 #B  297 Q25069 L0                   
04.02.21 11:15:17 | S        @  0 #M  320 #B  298 Q25069 L0                   
04.02.21 11:15:17 | S        @  0 #M  320 #B  299 Q25069 L0                   
04.02.21 11:15:17 | S        @  0 #M  320 #B  300 Q25069 L0                   
04.02.21 11:15:17 | S        @  0 #M  320 #B  301 Q25069 L0                   
04.02.21 11:15:17 | S        @  0 #M  320 #B  302 Q25069 L0                   
04.02.21 11:15:17 | S        @  0 #M  320 #B  303 Q25069 L0                   
04.02.21 11:15:17 | S        @  0 #M  320 #B  304 Q25069 L0                   
04.02.21 11:15:17 | S        @  0 #M  320 #B  305 Q25069 L0                   
04.02.21 11:15:17 | S        @  0 #M  320 #B  306 Q25069 L0                   
04.02.21 11:15:17 | S        @  0 #M  320 #B  307 Q25069 L0                   
04.02.21 11:15:17 | S        @  0 #M  320 #B  308 Q25069 L0                   
04.02.21 11:15:17 | S        @  0 #M  320 #B  309 Q25069 L0                   
04.02.21 11:15:17 | S        @  0 #M  320 #B  310 Q25069 L0                   
04.02.21 11:15:17 | S        @  0 #M  320 #B  311 Q25069 L0                   
04.02.21 11:15:17 | S        @  0 #M  320 #B  312 Q25069 L0                   
04.02.21 11:15:17 | S        @  0 #M  320 #B  313 Q25069 L0                   
04.02.21 11:15:17 | S        @  0 #M  320 #B  314 Q25069 L0                   
04.02.21 11:15:17 | S        @  0 #M  320 #B  315 Q25069 L0                   
04.02.21 11:15:17 | S        @  0 #M  320 #B  316 Q25069 L0                   
04.02.21 11:15:17 | S        @  0 #M  320 #B  317 Q25069 L0                   
04.02.21 11:15:17 | S        @  0 #M  320 #B  318 Q25069 L0                   
04.02.21 11:15:17 | S        @  0 #M  320 #B  319 Q25069 L0                   
04.02.21 11:15:17 | S        @  0 #M  320 #B  320 Q25069 L0                   
04.02.21 11:15:17 | S   MDST @  0 #M  320 #B  320 Q25069 L0                   
04.02.21 11:15:17 | S   MDST @  0 #M  320 #B  320 Q25069 L0                   
04.02.21 11:15:17 |         <<< Befehle ignoriert                             
04.02.21 11:15:17 |                        SWCom  END<<<<<<<<<<<<<<<<<<<      
03.02.21 20:38:58 | S        @  0 #M  320 #B  279 Q25069 L0                   
03.02.21 20:38:58 | S        @  0 #M  320 #B  280 Q25069 L0                   
03.02.21 20:38:58 | S        @  0 #M  320 #B  281 Q25069 L0                   
03.02.21 20:38:58 | S        @  0 #M  320 #B  282 Q25069 L0                   
03.02.21 20:38:58 | S        @  0 #M  320 #B  283 Q25069 L0                   
03.02.21 20:38:58 | S        @  0 #M  320 #B  284 Q25069 L0                   
03.02.21 20:38:58 | S        @  0 #M  320 #B  285 Q25069 L0                   
03.02.21 20:38:58 | S        @  0 #M  320 #B  286 Q25069 L0                   
03.02.21 20:38:58 | S        @  0 #M  320 #B  287 Q25069 L0                   
03.02.21 20:38:58 | S        @  0 #M  320 #B  288 Q25069 L0                   
03.02.21 20:38:58 | S        @  0 #M  320 #B  289 Q25069 L0                   
03.02.21 20:38:58 | S        @  0 #M  320 #B  290 Q25069 L0                   
03.02.21 20:38:58 | S        @  0 #M  320 #B  291 Q25069 L0                   
03.02.21 20:38:58 | S        @  0 #M  320 #B  292 Q25069 L0                   
03.02.21 20:38:58 | S        @  0 #M  320 #B  293 Q25069 L0                   
03.02.21 20:38:58 | S        @  0 #M  320 #B  294 Q25069 L0                   
03.02.21 20:38:58 | S        @  0 #M  320 #B  295 Q25069 L0                   
03.02.21 20:38:58 | S        @  0 #M  320 #B  296 Q25069 L0                   
03.02.21 20:38:58 | S        @  0 #M  320 #B  297 Q25069 L0                   
03.02.21 20:38:58 | S        @  0 #M  320 #B  298 Q25069 L0                   
03.02.21 20:38:58 | S        @  0 #M  320 #B  299 Q25069 L0                   
03.02.21 20:38:58 | S        @  0 #M  320 #B  300 Q25069 L0                   
03.02.21 20:38:58 | S        @  0 #M  320 #B  301 Q25069 L0                   
03.02.21 20:38:59 | S        @  0 #M  320 #B  302 Q25069 L0                   
03.02.21 20:38:59 | S        @  0 #M  320 #B  303 Q25069 L0                   
03.02.21 20:38:59 | S        @  0 #M  320 #B  304 Q25069 L0                   
03.02.21 20:38:59 | S        @  0 #M  320 #B  305 Q25069 L0                   
03.02.21 20:38:59 | S        @  0 #M  320 #B  306 Q25069 L0                   
03.02.21 20:38:59 | S        @  0 #M  320 #B  307 Q25069 L0                   
03.02.21 20:38:59 | S        @  0 #M  320 #B  308 Q25069 L0                   
03.02.21 20:38:59 | S        @  0 #M  320 #B  309 Q25069 L0                   
03.02.21 20:38:59 | S        @  0 #M  320 #B  310 Q25069 L0                   
03.02.21 20:38:59 | S        @  0 #M  320 #B  311 Q25069 L0                   
03.02.21 20:38:59 | S        @  0 #M  320 #B  312 Q25069 L0                   
03.02.21 20:38:59 | S        @  0 #M  320 #B  313 Q25069 L0                   
03.02.21 20:38:59 | S        @  0 #M  320 #B  314 Q25069 L0                   
03.02.21 20:38:59 | S        @  0 #M  320 #B  315 Q25069 L0                   
03.02.21 20:38:59 | S        @  0 #M  320 #B  316 Q25069 L0                   
03.02.21 20:38:59 | S        @  0 #M  320 #B  317 Q25069 L0                   
03.02.21 20:38:59 | S        @  0 #M  320 #B  318 Q25069 L0                   
03.02.21 20:38:59 | S        @  0 #M  320 #B  319 Q25069 L0                   
03.02.21 20:38:59 | S        @  0 #M  320 #B  320 Q25069 L0                   
03.02.21 20:38:59 | S   MDST @  0 #M  320 #B  320 Q25069 L0                   
03.02.21 20:38:59 | S   MDST @  0 #M  320 #B  320 Q25069 L0                   
03.02.21 20:38:59 |         <<< Befehle ignoriert                             
03.02.21 20:38:59 |                        SWCom  END<<<<<<<<<<<<<<<<<<<      
03.02.21 20:40:01 |     >>>>>>>>>>>>>>>>>>>>SWCom START                       
03.02.21 20:40:01 | D 1,S,0,0,0,0,N,0,192.168.0.55,O,N,UHR,25,C,3,3,0,0,0,0,0,
03.02.21 20:40:01 | 0,0,401,0,0                                               
03.02.21 20:40:01 | N   PROG @  2 #M    1 #B    1 Q    0 L0                   
03.02.21 20:40:01 | N    UHR @  0 #M    1 #B    1 Q    0 L0                   
03.02.21 20:40:01 | S PLST                                                    
03.02.21 20:40:01 | S S PLST    [SL PLST]   /* Kassen - Stammdaten            
03.02.21 20:40:01 | SL PLST                                                   
03.02.21 20:40:27 | S   PLST @  0 #M  320 #B  320 Q    0 L0                   
03.02.21 20:40:27 | S MDST                                                    
03.02.21 20:40:27 | S S MDST    [SL MDST]       /* IMAGENES                   
03.02.21 20:40:27 | SL MDST                                                   
03.02.21 20:41:56 | S        @  0 #M  320 #B   29 Q25069 L0                   
03.02.21 20:41:56 | S        @  0 #M  320 #B   30 Q25069 L0                   
03.02.21 20:41:56 | S        @  0 #M  320 #B   31 Q25069 L0                   
03.02.21 20:41:56 | S        @  0 #M  320 #B   32 Q25069 L0                   
03.02.21 20:41:56 | S        @  0 #M  320 #B   33 Q25069 L0                   
03.02.21 20:41:56 | S        @  0 #M  320 #B   34 Q25069 L0                   
03.02.21 20:41:56 | S        @  0 #M  320 #B   35 Q25069 L0                   
03.02.21 20:41:56 | S        @  0 #M  320 #B   36 Q25069 L0                   
03.02.21 20:41:56 | S        @  0 #M  320 #B   37 Q25069 L0                   
03.02.21 20:41:56 | S        @  0 #M  320 #B   38 Q25069 L0                   
03.02.21 20:41:56 | S        @  0 #M  320 #B   39 Q25069 L0                   
03.02.21 20:41:56 | S        @  0 #M  320 #B   40 Q25069 L0                   
03.02.21 20:41:56 | S        @  0 #M  320 #B   41 Q25069 L0                   
03.02.21 20:41:56 | S        @  0 #M  320 #B   42 Q25069 L0                   
03.02.21 20:41:56 | S        @  0 #M  320 #B   43 Q25069 L0                   
03.02.21 20:41:56 | S        @  0 #M  320 #B   44 Q25069 L0                   
03.02.21 20:41:56 | S        @  0 #M  320 #B   45 Q25069 L0                   
03.02.21 20:41:56 | S        @  0 #M  320 #B   46 Q25069 L0                   
03.02.21 20:41:56 | S        @  0 #M  320 #B   47 Q25069 L0                   
03.02.21 20:41:56 | S        @  0 #M  320 #B   48 Q25069 L0                   
03.02.21 20:41:56 | S        @  0 #M  320 #B   49 Q25069 L0                   
03.02.21 20:41:56 | S        @  0 #M  320 #B   50 Q25069 L0                   
03.02.21 20:41:56 | S        @  0 #M  320 #B   51 Q25069 L0                   
03.02.21 20:41:56 | S        @  0 #M  320 #B   52 Q25069 L0                   
03.02.21 20:41:56 | S        @  0 #M  320 #B   53 Q25069 L0                   
03.02.21 20:41:56 | S        @  0 #M  320 #B   54 Q25069 L0                   
03.02.21 20:41:56 | S        @  0 #M  320 #B   55 Q25069 L0                   
03.02.21 20:41:56 | S        @  0 #M  320 #B   56 Q25069 L0                   
03.02.21 20:41:56 | S        @  0 #M  320 #B   57 Q25069 L0                   
03.02.21 20:41:56 | S        @  0 #M  320 #B   58 Q25069 L0                   
03.02.21 20:41:56 | S        @  0 #M  320 #B   59 Q25069 L0                   
03.02.21 20:41:56 | S        @  0 #M  320 #B   60 Q25069 L0                   
03.02.21 20:41:56 | S        @  0 #M  320 #B   61 Q25069 L0                   
03.02.21 20:41:56 | S        @  0 #M  320 #B   62 Q25069 L0                   
03.02.21 20:41:56 | S        @  0 #M  320 #B   63 Q25069 L0                   
03.02.21 20:41:56 | S        @  0 #M  320 #B   64 Q25069 L0                   
03.02.21 20:41:56 | S        @  0 #M  320 #B   65 Q25069 L0                   
03.02.21 20:41:56 | S        @  0 #M  320 #B   66 Q25069 L0                   
03.02.21 20:41:56 | S        @  0 #M  320 #B   67 Q25069 L0                   
03.02.21 20:41:56 | S        @  0 #M  320 #B   68 Q25069 L0                   

